This is XeTeX, Version 3.141592653-2.6-0.999994 (TeX Live 2022) (preloaded format=xelatex 2022.9.21)  5 OCT 2022 14:09
entering extended mode
 \write18 enabled.
 %&-line parsing enabled.
**./diagrama3
(./diagrama3.tex
LaTeX2e <2022-06-01> patch level 5
L3 programming layer <2022-08-30> (/usr/local/texlive/2022/texmf-dist/tex/latex/standalone/standalone.cls
Document Class: standalone 2018/03/26 v1.3a Class to compile TeX sub-files standalone
(/usr/local/texlive/2022/texmf-dist/tex/latex/tools/shellesc.sty
Package: shellesc 2019/11/08 v1.0c unified shell escape interface for LaTeX
Package shellesc Info: Unrestricted shell escape enabled on input line 75.
) (/usr/local/texlive/2022/texmf-dist/tex/generic/iftex/ifluatex.sty
Package: ifluatex 2019/10/25 v1.5 ifluatex legacy package. Use iftex instead.
(/usr/local/texlive/2022/texmf-dist/tex/generic/iftex/iftex.sty
Package: iftex 2022/02/03 v1.0f TeX engine tests
)) (/usr/local/texlive/2022/texmf-dist/tex/latex/xkeyval/xkeyval.sty
Package: xkeyval 2022/06/16 v2.9 package option processing (HA)
(/usr/local/texlive/2022/texmf-dist/tex/generic/xkeyval/xkeyval.tex (/usr/local/texlive/2022/texmf-dist/tex/generic/xkeyval/xkvutils.tex
\XKV@toks=\toks16
\XKV@tempa@toks=\toks17
(/usr/local/texlive/2022/texmf-dist/tex/generic/xkeyval/keyval.tex))
\XKV@depth=\count181
File: xkeyval.tex 2014/12/03 v2.7a key=value parser (HA)
))
\sa@internal=\count182
\c@sapage=\count183
(/usr/local/texlive/2022/texmf-dist/tex/latex/standalone/standalone.cfg
File: standalone.cfg 2018/03/26 v1.3a Default configuration file for 'standalone' class
) (/usr/local/texlive/2022/texmf-dist/tex/latex/base/article.cls
Document Class: article 2021/10/04 v1.4n Standard LaTeX document class
(/usr/local/texlive/2022/texmf-dist/tex/latex/base/size10.clo
File: size10.clo 2021/10/04 v1.4n Standard LaTeX file (size option)
)
\c@part=\count184
\c@section=\count185
\c@subsection=\count186
\c@subsubsection=\count187
\c@paragraph=\count188
\c@subparagraph=\count189
\c@figure=\count190
\c@table=\count191
\abovecaptionskip=\skip47
\belowcaptionskip=\skip48
\bibindent=\dimen138
) (/usr/local/texlive/2022/texmf-dist/tex/latex/pgf/frontendlayer/tikz.sty (/usr/local/texlive/2022/texmf-dist/tex/latex/pgf/basiclayer/pgf.sty (/usr/local/texlive/2022/texmf-dist/tex/latex/pgf/utilities/pgfrcs.sty (/usr/local/texlive/2022/texmf-dist/tex/generic/pgf/utilities/pgfutil-common.tex
\pgfutil@everybye=\toks18
\pgfutil@tempdima=\dimen139
\pgfutil@tempdimb=\dimen140
(/usr/local/texlive/2022/texmf-dist/tex/generic/pgf/utilities/pgfutil-common-lists.tex)) (/usr/local/texlive/2022/texmf-dist/tex/generic/pgf/utilities/pgfutil-latex.def
\pgfutil@abb=\box51
) (/usr/local/texlive/2022/texmf-dist/tex/generic/pgf/utilities/pgfrcs.code.tex (/usr/local/texlive/2022/texmf-dist/tex/generic/pgf/pgf.revision.tex)
Package: pgfrcs 2021/05/15 v3.1.9a (3.1.9a)
))
Package: pgf 2021/05/15 v3.1.9a (3.1.9a)
(/usr/local/texlive/2022/texmf-dist/tex/latex/pgf/basiclayer/pgfcore.sty (/usr/local/texlive/2022/texmf-dist/tex/latex/graphics/graphicx.sty
Package: graphicx 2021/09/16 v1.2d Enhanced LaTeX Graphics (DPC,SPQR)
(/usr/local/texlive/2022/texmf-dist/tex/latex/graphics/graphics.sty
Package: graphics 2022/03/10 v1.4e Standard LaTeX Graphics (DPC,SPQR)
(/usr/local/texlive/2022/texmf-dist/tex/latex/graphics/trig.sty
Package: trig 2021/08/11 v1.11 sin cos tan (DPC)
) (/usr/local/texlive/2022/texmf-dist/tex/latex/graphics-cfg/graphics.cfg
File: graphics.cfg 2016/06/04 v1.11 sample graphics configuration
)
Package graphics Info: Driver file: xetex.def on input line 107.
(/usr/local/texlive/2022/texmf-dist/tex/latex/graphics-def/xetex.def
File: xetex.def 2022/04/16 v5.0m Graphics/color driver for xetex
))
\Gin@req@height=\dimen141
\Gin@req@width=\dimen142
) (/usr/local/texlive/2022/texmf-dist/tex/latex/pgf/systemlayer/pgfsys.sty (/usr/local/texlive/2022/texmf-dist/tex/generic/pgf/systemlayer/pgfsys.code.tex
Package: pgfsys 2021/05/15 v3.1.9a (3.1.9a)
(/usr/local/texlive/2022/texmf-dist/tex/generic/pgf/utilities/pgfkeys.code.tex
\pgfkeys@pathtoks=\toks19
\pgfkeys@temptoks=\toks20
(/usr/local/texlive/2022/texmf-dist/tex/generic/pgf/utilities/pgfkeysfiltered.code.tex
\pgfkeys@tmptoks=\toks21
))
\pgf@x=\dimen143
\pgf@y=\dimen144
\pgf@xa=\dimen145
\pgf@ya=\dimen146
\pgf@xb=\dimen147
\pgf@yb=\dimen148
\pgf@xc=\dimen149
\pgf@yc=\dimen150
\pgf@xd=\dimen151
\pgf@yd=\dimen152
\w@pgf@writea=\write3
\r@pgf@reada=\read2
\c@pgf@counta=\count192
\c@pgf@countb=\count193
\c@pgf@countc=\count194
\c@pgf@countd=\count195
\t@pgf@toka=\toks22
\t@pgf@tokb=\toks23
\t@pgf@tokc=\toks24
\pgf@sys@id@count=\count196
(/usr/local/texlive/2022/texmf-dist/tex/generic/pgf/systemlayer/pgf.cfg
File: pgf.cfg 2021/05/15 v3.1.9a (3.1.9a)
)
Driver file for pgf: pgfsys-xetex.def
(/usr/local/texlive/2022/texmf-dist/tex/generic/pgf/systemlayer/pgfsys-xetex.def
File: pgfsys-xetex.def 2021/05/15 v3.1.9a (3.1.9a)
(/usr/local/texlive/2022/texmf-dist/tex/generic/pgf/systemlayer/pgfsys-dvipdfmx.def
File: pgfsys-dvipdfmx.def 2021/05/15 v3.1.9a (3.1.9a)
(/usr/local/texlive/2022/texmf-dist/tex/generic/pgf/systemlayer/pgfsys-common-pdf.def
File: pgfsys-common-pdf.def 2021/05/15 v3.1.9a (3.1.9a)
)
\pgfsys@objnum=\count197
))) (/usr/local/texlive/2022/texmf-dist/tex/generic/pgf/systemlayer/pgfsyssoftpath.code.tex
File: pgfsyssoftpath.code.tex 2021/05/15 v3.1.9a (3.1.9a)
\pgfsyssoftpath@smallbuffer@items=\count198
\pgfsyssoftpath@bigbuffer@items=\count199
) (/usr/local/texlive/2022/texmf-dist/tex/generic/pgf/systemlayer/pgfsysprotocol.code.tex
File: pgfsysprotocol.code.tex 2021/05/15 v3.1.9a (3.1.9a)
)) (/usr/local/texlive/2022/texmf-dist/tex/latex/xcolor/xcolor.sty
Package: xcolor 2022/06/12 v2.14 LaTeX color extensions (UK)
(/usr/local/texlive/2022/texmf-dist/tex/latex/graphics-cfg/color.cfg
File: color.cfg 2016/01/02 v1.6 sample color configuration
)
Package xcolor Info: Driver file: xetex.def on input line 227.
(/usr/local/texlive/2022/texmf-dist/tex/latex/graphics/mathcolor.ltx)
Package xcolor Info: Model `cmy' substituted by `cmy0' on input line 1353.
Package xcolor Info: Model `RGB' extended on input line 1369.
Package xcolor Info: Model `HTML' substituted by `rgb' on input line 1371.
Package xcolor Info: Model `Hsb' substituted by `hsb' on input line 1372.
Package xcolor Info: Model `tHsb' substituted by `hsb' on input line 1373.
Package xcolor Info: Model `HSB' substituted by `hsb' on input line 1374.
Package xcolor Info: Model `Gray' substituted by `gray' on input line 1375.
Package xcolor Info: Model `wave' substituted by `hsb' on input line 1376.
) (/usr/local/texlive/2022/texmf-dist/tex/generic/pgf/basiclayer/pgfcore.code.tex
Package: pgfcore 2021/05/15 v3.1.9a (3.1.9a)
(/usr/local/texlive/2022/texmf-dist/tex/generic/pgf/math/pgfmath.code.tex (/usr/local/texlive/2022/texmf-dist/tex/generic/pgf/math/pgfmathcalc.code.tex (/usr/local/texlive/2022/texmf-dist/tex/generic/pgf/math/pgfmathutil.code.tex) (/usr/local/texlive/2022/texmf-dist/tex/generic/pgf/math/pgfmathparser.code.tex
\pgfmath@dimen=\dimen153
\pgfmath@count=\count266
\pgfmath@box=\box52
\pgfmath@toks=\toks25
\pgfmath@stack@operand=\toks26
\pgfmath@stack@operation=\toks27
) (/usr/local/texlive/2022/texmf-dist/tex/generic/pgf/math/pgfmathfunctions.code.tex (/usr/local/texlive/2022/texmf-dist/tex/generic/pgf/math/pgfmathfunctions.basic.code.tex) (/usr/local/texlive/2022/texmf-dist/tex/generic/pgf/math/pgfmathfunctions.trigonometric.code.tex) (/usr/local/texlive/2022/texmf-dist/tex/generic/pgf/math/pgfmathfunctions.random.code.tex) (/usr/local/texlive/2022/texmf-dist/tex/generic/pgf/math/pgfmathfunctions.comparison.code.tex) (/usr/local/texlive/2022/texmf-dist/tex/generic/pgf/math/pgfmathfunctions.base.code.tex) (/usr/local/texlive/2022/texmf-dist/tex/generic/pgf/math/pgfmathfunctions.round.code.tex) (/usr/local/texlive/2022/texmf-dist/tex/generic/pgf/math/pgfmathfunctions.misc.code.tex) (/usr/local/texlive/2022/texmf-dist/tex/generic/pgf/math/pgfmathfunctions.integerarithmetics.code.tex))) (/usr/local/texlive/2022/texmf-dist/tex/generic/pgf/math/pgfmathfloat.code.tex
\c@pgfmathroundto@lastzeros=\count267
)) (/usr/local/texlive/2022/texmf-dist/tex/generic/pgf/math/pgfint.code.tex) (/usr/local/texlive/2022/texmf-dist/tex/generic/pgf/basiclayer/pgfcorepoints.code.tex
File: pgfcorepoints.code.tex 2021/05/15 v3.1.9a (3.1.9a)
\pgf@picminx=\dimen154
\pgf@picmaxx=\dimen155
\pgf@picminy=\dimen156
\pgf@picmaxy=\dimen157
\pgf@pathminx=\dimen158
\pgf@pathmaxx=\dimen159
\pgf@pathminy=\dimen160
\pgf@pathmaxy=\dimen161
\pgf@xx=\dimen162
\pgf@xy=\dimen163
\pgf@yx=\dimen164
\pgf@yy=\dimen165
\pgf@zx=\dimen166
\pgf@zy=\dimen167
) (/usr/local/texlive/2022/texmf-dist/tex/generic/pgf/basiclayer/pgfcorepathconstruct.code.tex
File: pgfcorepathconstruct.code.tex 2021/05/15 v3.1.9a (3.1.9a)
\pgf@path@lastx=\dimen168
\pgf@path@lasty=\dimen169
) (/usr/local/texlive/2022/texmf-dist/tex/generic/pgf/basiclayer/pgfcorepathusage.code.tex
File: pgfcorepathusage.code.tex 2021/05/15 v3.1.9a (3.1.9a)
\pgf@shorten@end@additional=\dimen170
\pgf@shorten@start@additional=\dimen171
) (/usr/local/texlive/2022/texmf-dist/tex/generic/pgf/basiclayer/pgfcorescopes.code.tex
File: pgfcorescopes.code.tex 2021/05/15 v3.1.9a (3.1.9a)
\pgfpic=\box53
\pgf@hbox=\box54
\pgf@layerbox@main=\box55
\pgf@picture@serial@count=\count268
) (/usr/local/texlive/2022/texmf-dist/tex/generic/pgf/basiclayer/pgfcoregraphicstate.code.tex
File: pgfcoregraphicstate.code.tex 2021/05/15 v3.1.9a (3.1.9a)
\pgflinewidth=\dimen172
) (/usr/local/texlive/2022/texmf-dist/tex/generic/pgf/basiclayer/pgfcoretransformations.code.tex
File: pgfcoretransformations.code.tex 2021/05/15 v3.1.9a (3.1.9a)
\pgf@pt@x=\dimen173
\pgf@pt@y=\dimen174
\pgf@pt@temp=\dimen175
) (/usr/local/texlive/2022/texmf-dist/tex/generic/pgf/basiclayer/pgfcorequick.code.tex
File: pgfcorequick.code.tex 2021/05/15 v3.1.9a (3.1.9a)
) (/usr/local/texlive/2022/texmf-dist/tex/generic/pgf/basiclayer/pgfcoreobjects.code.tex
File: pgfcoreobjects.code.tex 2021/05/15 v3.1.9a (3.1.9a)
) (/usr/local/texlive/2022/texmf-dist/tex/generic/pgf/basiclayer/pgfcorepathprocessing.code.tex
File: pgfcorepathprocessing.code.tex 2021/05/15 v3.1.9a (3.1.9a)
) (/usr/local/texlive/2022/texmf-dist/tex/generic/pgf/basiclayer/pgfcorearrows.code.tex
File: pgfcorearrows.code.tex 2021/05/15 v3.1.9a (3.1.9a)
\pgfarrowsep=\dimen176
) (/usr/local/texlive/2022/texmf-dist/tex/generic/pgf/basiclayer/pgfcoreshade.code.tex
File: pgfcoreshade.code.tex 2021/05/15 v3.1.9a (3.1.9a)
\pgf@max=\dimen177
\pgf@sys@shading@range@num=\count269
\pgf@shadingcount=\count270
) (/usr/local/texlive/2022/texmf-dist/tex/generic/pgf/basiclayer/pgfcoreimage.code.tex
File: pgfcoreimage.code.tex 2021/05/15 v3.1.9a (3.1.9a)
(/usr/local/texlive/2022/texmf-dist/tex/generic/pgf/basiclayer/pgfcoreexternal.code.tex
File: pgfcoreexternal.code.tex 2021/05/15 v3.1.9a (3.1.9a)
\pgfexternal@startupbox=\box56
)) (/usr/local/texlive/2022/texmf-dist/tex/generic/pgf/basiclayer/pgfcorelayers.code.tex
File: pgfcorelayers.code.tex 2021/05/15 v3.1.9a (3.1.9a)
) (/usr/local/texlive/2022/texmf-dist/tex/generic/pgf/basiclayer/pgfcoretransparency.code.tex
File: pgfcoretransparency.code.tex 2021/05/15 v3.1.9a (3.1.9a)
) (/usr/local/texlive/2022/texmf-dist/tex/generic/pgf/basiclayer/pgfcorepatterns.code.tex
File: pgfcorepatterns.code.tex 2021/05/15 v3.1.9a (3.1.9a)
) (/usr/local/texlive/2022/texmf-dist/tex/generic/pgf/basiclayer/pgfcorerdf.code.tex
File: pgfcorerdf.code.tex 2021/05/15 v3.1.9a (3.1.9a)
))) (/usr/local/texlive/2022/texmf-dist/tex/generic/pgf/modules/pgfmoduleshapes.code.tex
File: pgfmoduleshapes.code.tex 2021/05/15 v3.1.9a (3.1.9a)
\pgfnodeparttextbox=\box57
) (/usr/local/texlive/2022/texmf-dist/tex/generic/pgf/modules/pgfmoduleplot.code.tex
File: pgfmoduleplot.code.tex 2021/05/15 v3.1.9a (3.1.9a)
) (/usr/local/texlive/2022/texmf-dist/tex/latex/pgf/compatibility/pgfcomp-version-0-65.sty
Package: pgfcomp-version-0-65 2021/05/15 v3.1.9a (3.1.9a)
\pgf@nodesepstart=\dimen178
\pgf@nodesepend=\dimen179
) (/usr/local/texlive/2022/texmf-dist/tex/latex/pgf/compatibility/pgfcomp-version-1-18.sty
Package: pgfcomp-version-1-18 2021/05/15 v3.1.9a (3.1.9a)
)) (/usr/local/texlive/2022/texmf-dist/tex/latex/pgf/utilities/pgffor.sty (/usr/local/texlive/2022/texmf-dist/tex/latex/pgf/utilities/pgfkeys.sty (/usr/local/texlive/2022/texmf-dist/tex/generic/pgf/utilities/pgfkeys.code.tex)) (/usr/local/texlive/2022/texmf-dist/tex/latex/pgf/math/pgfmath.sty (/usr/local/texlive/2022/texmf-dist/tex/generic/pgf/math/pgfmath.code.tex)) (/usr/local/texlive/2022/texmf-dist/tex/generic/pgf/utilities/pgffor.code.tex
Package: pgffor 2021/05/15 v3.1.9a (3.1.9a)
(/usr/local/texlive/2022/texmf-dist/tex/generic/pgf/math/pgfmath.code.tex)
\pgffor@iter=\dimen180
\pgffor@skip=\dimen181
\pgffor@stack=\toks28
\pgffor@toks=\toks29
)) (/usr/local/texlive/2022/texmf-dist/tex/generic/pgf/frontendlayer/tikz/tikz.code.tex
Package: tikz 2021/05/15 v3.1.9a (3.1.9a)
(/usr/local/texlive/2022/texmf-dist/tex/generic/pgf/libraries/pgflibraryplothandlers.code.tex
File: pgflibraryplothandlers.code.tex 2021/05/15 v3.1.9a (3.1.9a)
\pgf@plot@mark@count=\count271
\pgfplotmarksize=\dimen182
)
\tikz@lastx=\dimen183
\tikz@lasty=\dimen184
\tikz@lastxsaved=\dimen185
\tikz@lastysaved=\dimen186
\tikz@lastmovetox=\dimen187
\tikz@lastmovetoy=\dimen188
\tikzleveldistance=\dimen189
\tikzsiblingdistance=\dimen190
\tikz@figbox=\box58
\tikz@figbox@bg=\box59
\tikz@tempbox=\box60
\tikz@tempbox@bg=\box61
\tikztreelevel=\count272
\tikznumberofchildren=\count273
\tikznumberofcurrentchild=\count274
\tikz@fig@count=\count275
(/usr/local/texlive/2022/texmf-dist/tex/generic/pgf/modules/pgfmodulematrix.code.tex
File: pgfmodulematrix.code.tex 2021/05/15 v3.1.9a (3.1.9a)
\pgfmatrixcurrentrow=\count276
\pgfmatrixcurrentcolumn=\count277
\pgf@matrix@numberofcolumns=\count278
)
\tikz@expandcount=\count279
(/usr/local/texlive/2022/texmf-dist/tex/generic/pgf/frontendlayer/tikz/libraries/tikzlibrarytopaths.code.tex
File: tikzlibrarytopaths.code.tex 2021/05/15 v3.1.9a (3.1.9a)
)))
\sa@box=\box62
) (/usr/local/texlive/2022/texmf-dist/tex/generic/pgf/frontendlayer/tikz/libraries/tikzlibrarycalc.code.tex
File: tikzlibrarycalc.code.tex 2021/05/15 v3.1.9a (3.1.9a)
) (/usr/local/texlive/2022/texmf-dist/tex/generic/pgf/frontendlayer/tikz/libraries/tikzlibrarypositioning.code.tex
File: tikzlibrarypositioning.code.tex 2021/05/15 v3.1.9a (3.1.9a)
) (/usr/local/texlive/2022/texmf-dist/tex/latex/l3packages/xparse/xparse.sty (/usr/local/texlive/2022/texmf-dist/tex/latex/l3kernel/expl3.sty
Package: expl3 2022-08-30 L3 programming layer (loader) 
(/usr/local/texlive/2022/texmf-dist/tex/latex/l3backend/l3backend-xetex.def
File: l3backend-xetex.def 2022-08-30 L3 backend support: XeTeX
\g__graphics_track_int=\count280
\l__pdf_internal_box=\box63
\g__pdf_backend_object_int=\count281
\g__pdf_backend_annotation_int=\count282
\g__pdf_backend_link_int=\count283
))
Package: xparse 2022-06-22 L3 Experimental document command parser
) (/usr/local/texlive/2022/texmf-dist/tex/generic/babel/babel.sty
Package: babel 2022/09/17 3.80 The Babel package
\babel@savecnt=\count284
\U@D=\dimen191
\l@unhyphenated=\language87
(/usr/local/texlive/2022/texmf-dist/tex/generic/babel/xebabel.def (/usr/local/texlive/2022/texmf-dist/tex/generic/babel/txtbabel.def))
\bbl@readstream=\read3
\bbl@dirlevel=\count285
(/usr/local/texlive/2022/texmf-dist/tex/generic/babel-portuges/brazilian.ldf
Language: portuges 2021/07/09 v1.2t Portuguese support from the babel system
Package babel Info: Hyphen rules for 'brazilian' set to \l@portuguese
(babel)             (\language70). Reported on input line 111.
Package babel Info: Making " an active character on input line 143.
)) (/usr/local/texlive/2022/texmf-dist/tex/generic/babel/locale/pt/babel-brazilian.tex
Package babel Info: Importing font and identification data for brazilian
(babel)             from babel-pt-BR.ini. Reported on input line 11.
) (/usr/local/texlive/2022/texmf-dist/tex/latex/psnfss/times.sty
Package: times 2020/03/25 PSNFSS-v9.3 (SPQR) 
) (/usr/local/texlive/2022/texmf-dist/tex/latex/fontspec/fontspec.sty
Package: fontspec 2022/01/15 v2.8a Font selection for XeLaTeX and LuaLaTeX
(/usr/local/texlive/2022/texmf-dist/tex/latex/fontspec/fontspec-xetex.sty
Package: fontspec-xetex 2022/01/15 v2.8a Font selection for XeLaTeX and LuaLaTeX
\l__fontspec_script_int=\count286
\l__fontspec_language_int=\count287
\l__fontspec_strnum_int=\count288
\l__fontspec_tmp_int=\count289
\l__fontspec_tmpa_int=\count290
\l__fontspec_tmpb_int=\count291
\l__fontspec_tmpc_int=\count292
\l__fontspec_em_int=\count293
\l__fontspec_emdef_int=\count294
\l__fontspec_strong_int=\count295
\l__fontspec_strongdef_int=\count296
\l__fontspec_tmpa_dim=\dimen192
\l__fontspec_tmpb_dim=\dimen193
\l__fontspec_tmpc_dim=\dimen194
(/usr/local/texlive/2022/texmf-dist/tex/latex/base/fontenc.sty
Package: fontenc 2021/04/29 v2.0v Standard LaTeX package
) (/usr/local/texlive/2022/texmf-dist/tex/latex/fontspec/fontspec.cfg))) (/usr/local/texlive/2022/texmf-dist/tex/latex/subfigure/subfigure.sty
Package: subfigure 2002/03/15 v2.1.5 subfigure package
\subfigtopskip=\skip49
\subfigcapskip=\skip50
\subfigcaptopadj=\dimen195
\subfigbottomskip=\skip51
\subfigcapmargin=\dimen196
\subfiglabelskip=\skip52
\c@subfigure=\count297
\c@lofdepth=\count298
\c@subtable=\count299
\c@lotdepth=\count300
****************************************
* Local config file subfigure.cfg used *
****************************************
(/usr/local/texlive/2022/texmf-dist/tex/latex/subfigure/subfigure.cfg)
\subfig@top=\skip53
\subfig@bottom=\skip54
) (/usr/local/texlive/2022/texmf-dist/tex/latex/tools/tabularx.sty
Package: tabularx 2020/01/15 v2.11c `tabularx' package (DPC)
(/usr/local/texlive/2022/texmf-dist/tex/latex/tools/array.sty
Package: array 2022/03/10 v2.5f Tabular extension package (FMi)
\col@sep=\dimen197
\ar@mcellbox=\box64
\extrarowheight=\dimen198
\NC@list=\toks30
\extratabsurround=\skip55
\backup@length=\skip56
\ar@cellbox=\box65
)
\TX@col@width=\dimen199
\TX@old@table=\dimen256
\TX@old@col=\dimen257
\TX@target=\dimen258
\TX@delta=\dimen259
\TX@cols=\count301
\TX@ftn=\toks31
) (/usr/local/texlive/2022/texmf-dist/tex/latex/booktabs/booktabs.sty
Package: booktabs 2020/01/12 v1.61803398 Publication quality tables
\heavyrulewidth=\dimen260
\lightrulewidth=\dimen261
\cmidrulewidth=\dimen262
\belowrulesep=\dimen263
\belowbottomsep=\dimen264
\aboverulesep=\dimen265
\abovetopsep=\dimen266
\cmidrulesep=\dimen267
\cmidrulekern=\dimen268
\defaultaddspace=\dimen269
\@cmidla=\count302
\@cmidlb=\count303
\@aboverulesep=\dimen270
\@belowrulesep=\dimen271
\@thisruleclass=\count304
\@lastruleclass=\count305
\@thisrulewidth=\dimen272
) (/usr/local/texlive/2022/texmf-dist/tex/generic/pgf/frontendlayer/tikz/libraries/tikzlibraryshapes.geometric.code.tex
File: tikzlibraryshapes.geometric.code.tex 2021/05/15 v3.1.9a (3.1.9a)
(/usr/local/texlive/2022/texmf-dist/tex/generic/pgf/libraries/shapes/pgflibraryshapes.geometric.code.tex
File: pgflibraryshapes.geometric.code.tex 2021/05/15 v3.1.9a (3.1.9a)
)) (/usr/local/texlive/2022/texmf-dist/tex/generic/pgf/frontendlayer/tikz/libraries/tikzlibraryarrows.code.tex
File: tikzlibraryarrows.code.tex 2021/05/15 v3.1.9a (3.1.9a)
(/usr/local/texlive/2022/texmf-dist/tex/generic/pgf/libraries/pgflibraryarrows.code.tex
File: pgflibraryarrows.code.tex 2021/05/15 v3.1.9a (3.1.9a)
\arrowsize=\dimen273
)) (/usr/local/texlive/2022/texmf-dist/tex/generic/pgf/frontendlayer/tikz/libraries/tikzlibraryfit.code.tex
File: tikzlibraryfit.code.tex 2021/05/15 v3.1.9a (3.1.9a)
) (/usr/local/texlive/2022/texmf-dist/tex/generic/pgf/frontendlayer/tikz/libraries/tikzlibrarypatterns.code.tex
File: tikzlibrarypatterns.code.tex 2021/05/15 v3.1.9a (3.1.9a)
(/usr/local/texlive/2022/texmf-dist/tex/generic/pgf/libraries/pgflibrarypatterns.code.tex
File: pgflibrarypatterns.code.tex 2021/05/15 v3.1.9a (3.1.9a)
)) (/usr/local/texlive/2022/texmf-dist/tex/latex/aobs-tikz/tikzlibraryoverlay-beamer-styles.code.tex) (/usr/local/texlive/2022/texmf-dist/tex/latex/varwidth/varwidth.sty
Package: varwidth 2009/03/30 ver 0.92;  Variable-width minipages
\@vwid@box=\box66
\sift@deathcycles=\count306
\@vwid@loff=\dimen274
\@vwid@roff=\dimen275
) (/usr/local/texlive/2022/texmf-dist/tex/latex/ragged2e/ragged2e.sty
Package: ragged2e 2021/12/15 v3.1 ragged2e Package
\CenteringLeftskip=\skip57
\RaggedLeftLeftskip=\skip58
\RaggedRightLeftskip=\skip59
\CenteringRightskip=\skip60
\RaggedLeftRightskip=\skip61
\RaggedRightRightskip=\skip62
\CenteringParfillskip=\skip63
\RaggedLeftParfillskip=\skip64
\RaggedRightParfillskip=\skip65
\JustifyingParfillskip=\skip66
\CenteringParindent=\skip67
\RaggedLeftParindent=\skip68
\RaggedRightParindent=\skip69
\JustifyingParindent=\skip70
) (/usr/local/texlive/2022/texmf-dist/tex/latex/xcolor-material/xcolor-material.sty
Package: xcolor-material 2016/10/11 v0.1 A package for accessing Google Material colors using the xcolor package
(/usr/local/texlive/2022/texmf-dist/tex/latex/kvoptions/kvoptions.sty
Package: kvoptions 2022-06-15 v3.15 Key value format for package options (HO)
(/usr/local/texlive/2022/texmf-dist/tex/generic/ltxcmds/ltxcmds.sty
Package: ltxcmds 2020-05-10 v1.25 LaTeX kernel commands for general use (HO)
) (/usr/local/texlive/2022/texmf-dist/tex/generic/kvsetkeys/kvsetkeys.sty
Package: kvsetkeys 2019/12/15 v1.18 Key value parser (HO)
))) (/usr/local/texlive/2022/texmf-dist/tex/latex/xcolor-solarized/xcolor-solarized.sty
Package: xcolor-solarized 2016/08/05 v0.4 xcolor definitions for Ethan Schoonover's Solarized theme
) (/usr/local/texlive/2022/texmf-dist/tex/latex/caption/subcaption.sty
Package: subcaption 2022/01/07 v1.5 Sub-captions (AR)
(/usr/local/texlive/2022/texmf-dist/tex/latex/caption/caption.sty
Package: caption 2022/03/01 v3.6b Customizing captions (AR)
(/usr/local/texlive/2022/texmf-dist/tex/latex/caption/caption3.sty
Package: caption3 2022/03/17 v2.3b caption3 kernel (AR)
\caption@tempdima=\dimen276
\captionmargin=\dimen277
\caption@leftmargin=\dimen278
\caption@rightmargin=\dimen279
\caption@width=\dimen280
\caption@indent=\dimen281
\caption@parindent=\dimen282
\caption@hangindent=\dimen283
Package caption Info: Standard document class detected.
)
\c@caption@flags=\count307
\c@continuedfloat=\count308
Package caption Info: subfigure package is loaded.
)

! Package subcaption Error: This package can't be used in cooperation
(subcaption)                with the subfigure package.

See the subcaption package documentation for explanation.
Type  H <return>  for immediate help.
 ...                                              
                                                  
l.66 \subcaption@CheckCompatibility
                                   
If you do not understand this error, please take a closer look
at the documentation of the `subcaption' package, especially the
section about errors.
Try typing  <return>  to proceed.
If that doesn't work, type  X <return>  to quit.

) (/usr/local/texlive/2022/texmf-dist/tex/latex/listings/listings.sty
\lst@mode=\count309
\lst@gtempboxa=\box67
\lst@token=\toks32
\lst@length=\count310
\lst@currlwidth=\dimen284
\lst@column=\count311
\lst@pos=\count312
\lst@lostspace=\dimen285
\lst@width=\dimen286
\lst@newlines=\count313
\lst@lineno=\count314
\lst@maxwidth=\dimen287
(/usr/local/texlive/2022/texmf-dist/tex/latex/listings/lstmisc.sty
File: lstmisc.sty 2020/03/24 1.8d (Carsten Heinz)
\c@lstnumber=\count315
\lst@skipnumbers=\count316
\lst@framebox=\box68
) (/usr/local/texlive/2022/texmf-dist/tex/latex/listings/listings.cfg
File: listings.cfg 2020/03/24 1.8d listings configuration
))
Package: listings 2020/03/24 1.8d (Carsten Heinz)
(/usr/local/texlive/2022/texmf-dist/tex/latex/tcolorbox/tcolorbox.sty
Package: tcolorbox 2022/06/24 version 5.1.1 text color boxes
(/usr/local/texlive/2022/texmf-dist/tex/latex/tools/verbatim.sty
Package: verbatim 2020-07-07 v1.5u LaTeX2e package for verbatim enhancements
\every@verbatim=\toks33
\verbatim@line=\toks34
\verbatim@in@stream=\read4
) (/usr/local/texlive/2022/texmf-dist/tex/latex/environ/environ.sty
Package: environ 2014/05/04 v0.3 A new way to define environments
(/usr/local/texlive/2022/texmf-dist/tex/latex/trimspaces/trimspaces.sty
Package: trimspaces 2009/09/17 v1.1 Trim spaces around a token list
)
\@envbody=\toks35
) (/usr/local/texlive/2022/texmf-dist/tex/latex/etoolbox/etoolbox.sty
Package: etoolbox 2020/10/05 v2.5k e-TeX tools for LaTeX (JAW)
\etb@tempcnta=\count317
)
\tcb@titlebox=\box69
\tcb@upperbox=\box70
\tcb@lowerbox=\box71
\tcb@phantombox=\box72
\c@tcbbreakpart=\count318
\c@tcblayer=\count319
\c@tcolorbox@number=\count320
\tcb@temp=\box73
\tcb@temp=\box74
\tcb@temp=\box75
\tcb@temp=\box76
(/usr/local/texlive/2022/texmf-dist/tex/latex/tcolorbox/tcbraster.code.tex
Library (tcolorbox): 'tcbraster.code.tex' version '5.1.1'
\c@tcbrastercolumn=\count321
\c@tcbrasterrow=\count322
\c@tcbrasternum=\count323
\c@tcbraster=\count324
) (/usr/local/texlive/2022/texmf-dist/tex/latex/tcolorbox/tcbskins.code.tex
Library (tcolorbox): 'tcbskins.code.tex' version '5.1.1'
\tcb@waterbox=\box77
(/usr/local/texlive/2022/texmf-dist/tex/latex/tcolorbox/tcbskinsjigsaw.code.tex
Library (tcolorbox): 'tcbskinsjigsaw.code.tex' version '5.1.1'
)) (/usr/local/texlive/2022/texmf-dist/tex/latex/tcolorbox/tcbbreakable.code.tex
Library (tcolorbox): 'tcbbreakable.code.tex' version '5.1.1'
(/usr/local/texlive/2022/texmf-dist/tex/generic/oberdiek/pdfcol.sty
Package: pdfcol 2019/12/29 v1.6 Handle new color stacks for pdfTeX (HO)
(/usr/local/texlive/2022/texmf-dist/tex/generic/infwarerr/infwarerr.sty
Package: infwarerr 2019/12/03 v1.5 Providing info/warning/error messages (HO)
)
Package pdfcol Info: Interface disabled because of missing PDF mode of pdfTeX.
)
Package pdfcol Info: pdfTeX's color stacks are not available.
\tcb@testbox=\box78
\tcb@totalupperbox=\box79
\tcb@totallowerbox=\box80
) (/usr/local/texlive/2022/texmf-dist/tex/latex/tcolorbox/tcbhooks.code.tex
Library (tcolorbox): 'tcbhooks.code.tex' version '5.1.1'
) (/usr/local/texlive/2022/texmf-dist/tex/latex/tcolorbox/tcbtheorems.code.tex
Library (tcolorbox): 'tcbtheorems.code.tex' version '5.1.1'
(/usr/local/texlive/2022/texmf-dist/tex/latex/amsmath/amsmath.sty
Package: amsmath 2022/04/08 v2.17n AMS math features
\@mathmargin=\skip71
For additional information on amsmath, use the `?' option.
(/usr/local/texlive/2022/texmf-dist/tex/latex/amsmath/amstext.sty
Package: amstext 2021/08/26 v2.01 AMS text
(/usr/local/texlive/2022/texmf-dist/tex/latex/amsmath/amsgen.sty
File: amsgen.sty 1999/11/30 v2.0 generic functions
\@emptytoks=\toks36
\ex@=\dimen288
)) (/usr/local/texlive/2022/texmf-dist/tex/latex/amsmath/amsbsy.sty
Package: amsbsy 1999/11/29 v1.2d Bold Symbols
\pmbraise@=\dimen289
) (/usr/local/texlive/2022/texmf-dist/tex/latex/amsmath/amsopn.sty
Package: amsopn 2022/04/08 v2.04 operator names
)
\inf@bad=\count325
LaTeX Info: Redefining \frac on input line 234.
\uproot@=\count326
\leftroot@=\count327
LaTeX Info: Redefining \overline on input line 399.
LaTeX Info: Redefining \colon on input line 410.
\classnum@=\count328
\DOTSCASE@=\count329
LaTeX Info: Redefining \ldots on input line 496.
LaTeX Info: Redefining \dots on input line 499.
LaTeX Info: Redefining \cdots on input line 620.
\Mathstrutbox@=\box81
\strutbox@=\box82
LaTeX Info: Redefining \big on input line 722.
LaTeX Info: Redefining \Big on input line 723.
LaTeX Info: Redefining \bigg on input line 724.
LaTeX Info: Redefining \Bigg on input line 725.
\big@size=\dimen290
LaTeX Font Info:    Redeclaring font encoding OML on input line 743.
LaTeX Font Info:    Redeclaring font encoding OMS on input line 744.
\macc@depth=\count330
LaTeX Info: Redefining \bmod on input line 905.
LaTeX Info: Redefining \pmod on input line 910.
LaTeX Info: Redefining \smash on input line 940.
LaTeX Info: Redefining \relbar on input line 970.
LaTeX Info: Redefining \Relbar on input line 971.
\c@MaxMatrixCols=\count331
\dotsspace@=\muskip16
\c@parentequation=\count332
\dspbrk@lvl=\count333
\tag@help=\toks37
\row@=\count334
\column@=\count335
\maxfields@=\count336
\andhelp@=\toks38
\eqnshift@=\dimen291
\alignsep@=\dimen292
\tagshift@=\dimen293
\tagwidth@=\dimen294
\totwidth@=\dimen295
\lineht@=\dimen296
\@envbody=\toks39
\multlinegap=\skip72
\multlinetaggap=\skip73
\mathdisplay@stack=\toks40
LaTeX Info: Redefining \[ on input line 2953.
LaTeX Info: Redefining \] on input line 2954.
)) (/usr/local/texlive/2022/texmf-dist/tex/latex/tcolorbox/tcbfitting.code.tex
Library (tcolorbox): 'tcbfitting.code.tex' version '5.1.1'
\tcbfitdim=\dimen297
\tcb@lowerfitdim=\dimen298
\tcb@upperfitdim=\dimen299
\tcb@cur@hbadness=\count337
) (/usr/local/texlive/2022/texmf-dist/tex/latex/tcolorbox/tcblistingsutf8.code.tex
Library (tcolorbox): 'tcblistingsutf8.code.tex' version '5.1.1'
(/usr/local/texlive/2022/texmf-dist/tex/latex/tcolorbox/tcblistings.code.tex
Library (tcolorbox): 'tcblistings.code.tex' version '5.1.1'
(/usr/local/texlive/2022/texmf-dist/tex/latex/tcolorbox/tcblistingscore.code.tex
Library (tcolorbox): 'tcblistingscore.code.tex' version '5.1.1'
(/usr/local/texlive/2022/texmf-dist/tex/latex/tcolorbox/tcbprocessing.code.tex
Library (tcolorbox): 'tcbprocessing.code.tex' version '5.1.1'
(/usr/local/texlive/2022/texmf-dist/tex/generic/pdftexcmds/pdftexcmds.sty
Package: pdftexcmds 2020-06-27 v0.33 Utility functions of pdfTeX for LuaTeX (HO)
Package pdftexcmds Info: \pdf@primitive is available.
Package pdftexcmds Info: \pdf@ifprimitive is available.
Package pdftexcmds Info: \pdfdraftmode not found.
))
\c@tcblisting=\count338
))
Package tcolorbox Info: Library `listingsutf8' is compatible with pdftex only. Library `listings` is loaded instead. on input line 29.
) (/usr/local/texlive/2022/texmf-dist/tex/latex/tcolorbox/tcbexternal.code.tex
Library (tcolorbox): 'tcbexternal.code.tex' version '5.1.1'
) (/usr/local/texlive/2022/texmf-dist/tex/latex/tcolorbox/tcbmagazine.code.tex
Library (tcolorbox): 'tcbmagazine.code.tex' version '5.1.1'
) (/usr/local/texlive/2022/texmf-dist/tex/latex/tcolorbox/tcbvignette.code.tex
Library (tcolorbox): 'tcbvignette.code.tex' version '5.1.1'
(/usr/local/texlive/2022/texmf-dist/tex/generic/pgf/frontendlayer/tikz/libraries/tikzlibraryfadings.code.tex
File: tikzlibraryfadings.code.tex 2021/05/15 v3.1.9a (3.1.9a)
(/usr/local/texlive/2022/texmf-dist/tex/generic/pgf/libraries/pgflibraryfadings.code.tex
File: pgflibraryfadings.code.tex 2021/05/15 v3.1.9a (3.1.9a)
))) (/usr/local/texlive/2022/texmf-dist/tex/latex/tcolorbox/tcbposter.code.tex
Library (tcolorbox): 'tcbposter.code.tex' version '5.1.1'
)) (/usr/local/texlive/2022/texmf-dist/tex/latex/minted/minted.sty
Package: minted 2021/12/24 v2.6 Yet another Pygments shim for LaTeX
(/usr/local/texlive/2022/texmf-dist/tex/latex/fvextra/fvextra.sty
Package: fvextra 2019/02/04 v1.4 fvextra - extensions and patches for fancyvrb
(/usr/local/texlive/2022/texmf-dist/tex/latex/base/ifthen.sty
Package: ifthen 2022/04/13 v1.1d Standard LaTeX ifthen package (DPC)
) (/usr/local/texlive/2022/texmf-dist/tex/latex/fancyvrb/fancyvrb.sty
Package: fancyvrb 2022/06/06 4.5 verbatim text (tvz,hv)
\FV@CodeLineNo=\count339
\FV@InFile=\read5
\FV@TabBox=\box83
\c@FancyVerbLine=\count340
\FV@StepNumber=\count341
\FV@OutFile=\write4
) (/usr/local/texlive/2022/texmf-dist/tex/latex/upquote/upquote.sty
Package: upquote 2012/04/19 v1.3 upright-quote and grave-accent glyphs in verbatim
(/usr/local/texlive/2022/texmf-dist/tex/latex/base/textcomp.sty
Package: textcomp 2020/02/02 v2.0n Standard LaTeX package
)) (/usr/local/texlive/2022/texmf-dist/tex/latex/lineno/lineno.sty
Package: lineno 2005/11/02 line numbers on paragraphs v4.41
Invalid UTF-8 byte or sequence at line 296 replaced by U+FFFD.
\linenopenalty=\count342
\output=\toks41
\linenoprevgraf=\count343
\linenumbersep=\dimen300
\linenumberwidth=\dimen301
\c@linenumber=\count344
\c@pagewiselinenumber=\count345
\c@LN@truepage=\count346
\c@internallinenumber=\count347
\c@internallinenumbers=\count348
\quotelinenumbersep=\dimen302
\bframerule=\dimen303
\bframesep=\dimen304
\bframebox=\box84
LaTeX Info: Redefining \\ on input line 3056.
)
\c@FV@TrueTabGroupLevel=\count349
\c@FV@TrueTabCounter=\count350
\FV@TabBox@Group=\box85
\FV@TmpLength=\skip74
\c@FV@HighlightLinesStart=\count351
\c@FV@HighlightLinesStop=\count352
\FV@LoopCount=\count353
\FV@NCharsBox=\box86
\FV@BreakIndent=\dimen305
\FV@BreakIndentNChars=\count354
\FV@BreakSymbolSepLeft=\dimen306
\FV@BreakSymbolSepLeftNChars=\count355
\FV@BreakSymbolSepRight=\dimen307
\FV@BreakSymbolSepRightNChars=\count356
\FV@BreakSymbolIndentLeft=\dimen308
\FV@BreakSymbolIndentLeftNChars=\count357
\FV@BreakSymbolIndentRight=\dimen309
\FV@BreakSymbolIndentRightNChars=\count358
\c@FancyVerbLineBreakLast=\count359
\FV@LineBox=\box87
\FV@LineIndentBox=\box88
\FV@LineWidth=\dimen310
) (/usr/local/texlive/2022/texmf-dist/tex/latex/tools/calc.sty
Package: calc 2017/05/25 v4.3 Infix arithmetic (KKT,FJ)
\calc@Acount=\count360
\calc@Bcount=\count361
\calc@Adimen=\dimen311
\calc@Bdimen=\dimen312
\calc@Askip=\skip75
\calc@Bskip=\skip76
LaTeX Info: Redefining \setlength on input line 80.
LaTeX Info: Redefining \addtolength on input line 81.
\calc@Ccount=\count362
\calc@Cskip=\skip77
) (/usr/local/texlive/2022/texmf-dist/tex/latex/ifplatform/ifplatform.sty
Package: ifplatform 2017/10/13 v0.4a Testing for the operating system
(/usr/local/texlive/2022/texmf-dist/tex/generic/catchfile/catchfile.sty
Package: catchfile 2019/12/09 v1.8 Catch the contents of a file (HO)
(/usr/local/texlive/2022/texmf-dist/tex/generic/etexcmds/etexcmds.sty
Package: etexcmds 2019/12/15 v1.7 Avoid name clashes with e-TeX commands (HO)
))
runsystem(uname -s > "./diagrama3.w18")...executed.

(./diagrama3.w18)
runsystem(rm -- "./diagrama3.w18")...executed.

) (/usr/local/texlive/2022/texmf-dist/tex/generic/xstring/xstring.sty (/usr/local/texlive/2022/texmf-dist/tex/generic/xstring/xstring.tex
\integerpart=\count363
\decimalpart=\count364
)
Package: xstring 2021/07/21 v1.84 String manipulations (CT)
) (/usr/local/texlive/2022/texmf-dist/tex/latex/framed/framed.sty
Package: framed 2011/10/22 v 0.96: framed or shaded text with page breaks
\OuterFrameSep=\skip78
\fb@frw=\dimen313
\fb@frh=\dimen314
\FrameRule=\dimen315
\FrameSep=\dimen316
) (/usr/local/texlive/2022/texmf-dist/tex/latex/float/float.sty
Package: float 2001/11/08 v1.3d Float enhancements (AL)
\c@float@type=\count365
\float@exts=\toks42
\float@box=\box89
\@float@everytoks=\toks43
\@floatcapt=\box90
)
\minted@appexistsfile=\read6
\minted@bgbox=\box91
\minted@code=\write5
\c@minted@FancyVerbLineTemp=\count366
\c@minted@pygmentizecounter=\count367
\@float@every@listing=\toks44
\c@listing=\count368
) (/usr/local/texlive/2022/texmf-dist/tex/latex/tcolorbox/tcbminted.code.tex
Library (tcolorbox): 'tcbminted.code.tex' version '5.1.1'
) (/usr/local/texlive/2022/texmf-dist/tex/generic/pgf/frontendlayer/tikz/libraries/tikzlibrarydecorations.pathmorphing.code.tex (/usr/local/texlive/2022/texmf-dist/tex/generic/pgf/frontendlayer/tikz/libraries/tikzlibrarydecorations.code.tex (/usr/local/texlive/2022/texmf-dist/tex/generic/pgf/modules/pgfmoduledecorations.code.tex
\pgfdecoratedcompleteddistance=\dimen317
\pgfdecoratedremainingdistance=\dimen318
\pgfdecoratedinputsegmentcompleteddistance=\dimen319
\pgfdecoratedinputsegmentremainingdistance=\dimen320
\pgf@decorate@distancetomove=\dimen321
\pgf@decorate@repeatstate=\count369
\pgfdecorationsegmentamplitude=\dimen322
\pgfdecorationsegmentlength=\dimen323
)
\tikz@lib@dec@box=\box92
) (/usr/local/texlive/2022/texmf-dist/tex/generic/pgf/libraries/decorations/pgflibrarydecorations.pathmorphing.code.tex))
runsystem(which pygmentize && touch ./diagrama3.aex)...executed.

runsystem(rm ./diagrama3.aex)...executed.

(./diagrama3.aux)
\openout1 = `./diagrama3.aux'.

LaTeX Font Info:    Checking defaults for OML/cmm/m/it on input line 89.
LaTeX Font Info:    ... okay on input line 89.
LaTeX Font Info:    Checking defaults for OMS/cmsy/m/n on input line 89.
LaTeX Font Info:    ... okay on input line 89.
LaTeX Font Info:    Checking defaults for OT1/cmr/m/n on input line 89.
LaTeX Font Info:    ... okay on input line 89.
LaTeX Font Info:    Checking defaults for T1/cmr/m/n on input line 89.
LaTeX Font Info:    ... okay on input line 89.
LaTeX Font Info:    Checking defaults for TS1/cmr/m/n on input line 89.
LaTeX Font Info:    Trying to load font information for TS1+cmr on input line 89.
(/usr/local/texlive/2022/texmf-dist/tex/latex/base/ts1cmr.fd
File: ts1cmr.fd 2019/12/16 v2.5j Standard LaTeX font definitions
)
LaTeX Font Info:    ... okay on input line 89.
LaTeX Font Info:    Checking defaults for TU/lmr/m/n on input line 89.
LaTeX Font Info:    ... okay on input line 89.
LaTeX Font Info:    Checking defaults for OMX/cmex/m/n on input line 89.
LaTeX Font Info:    ... okay on input line 89.
LaTeX Font Info:    Checking defaults for U/cmr/m/n on input line 89.
LaTeX Font Info:    ... okay on input line 89.

Package fontspec Info: Adjusting the maths setup (use [no-math] to avoid
(fontspec)             this).

\symlegacymaths=\mathgroup4
LaTeX Font Info:    Overwriting symbol font `legacymaths' in version `bold'
(Font)                  OT1/cmr/m/n --> OT1/cmr/bx/n on input line 89.
LaTeX Font Info:    Redeclaring math accent \acute on input line 89.
LaTeX Font Info:    Redeclaring math accent \grave on input line 89.
LaTeX Font Info:    Redeclaring math accent \ddot on input line 89.
LaTeX Font Info:    Redeclaring math accent \tilde on input line 89.
LaTeX Font Info:    Redeclaring math accent \bar on input line 89.
LaTeX Font Info:    Redeclaring math accent \breve on input line 89.
LaTeX Font Info:    Redeclaring math accent \check on input line 89.
LaTeX Font Info:    Redeclaring math accent \hat on input line 89.
LaTeX Font Info:    Redeclaring math accent \dot on input line 89.
LaTeX Font Info:    Redeclaring math accent \mathring on input line 89.
LaTeX Font Info:    Redeclaring math symbol \Gamma on input line 89.
LaTeX Font Info:    Redeclaring math symbol \Delta on input line 89.
LaTeX Font Info:    Redeclaring math symbol \Theta on input line 89.
LaTeX Font Info:    Redeclaring math symbol \Lambda on input line 89.
LaTeX Font Info:    Redeclaring math symbol \Xi on input line 89.
LaTeX Font Info:    Redeclaring math symbol \Pi on input line 89.
LaTeX Font Info:    Redeclaring math symbol \Sigma on input line 89.
LaTeX Font Info:    Redeclaring math symbol \Upsilon on input line 89.
LaTeX Font Info:    Redeclaring math symbol \Phi on input line 89.
LaTeX Font Info:    Redeclaring math symbol \Psi on input line 89.
LaTeX Font Info:    Redeclaring math symbol \Omega on input line 89.
LaTeX Font Info:    Redeclaring math symbol \mathdollar on input line 89.
LaTeX Font Info:    Redeclaring symbol font `operators' on input line 89.
LaTeX Font Info:    Encoding `OT1' has changed to `TU' for symbol font
(Font)              `operators' in the math version `normal' on input line 89.
LaTeX Font Info:    Overwriting symbol font `operators' in version `normal'
(Font)                  OT1/cmr/m/n --> TU/lmr/m/n on input line 89.
LaTeX Font Info:    Encoding `OT1' has changed to `TU' for symbol font
(Font)              `operators' in the math version `bold' on input line 89.
LaTeX Font Info:    Overwriting symbol font `operators' in version `bold'
(Font)                  OT1/cmr/bx/n --> TU/lmr/m/n on input line 89.
LaTeX Font Info:    Overwriting symbol font `operators' in version `normal'
(Font)                  TU/lmr/m/n --> TU/lmr/m/n on input line 89.
LaTeX Font Info:    Overwriting math alphabet `\mathit' in version `normal'
(Font)                  OT1/cmr/m/it --> TU/lmr/m/it on input line 89.
LaTeX Font Info:    Overwriting math alphabet `\mathbf' in version `normal'
(Font)                  OT1/cmr/bx/n --> TU/lmr/b/n on input line 89.
LaTeX Font Info:    Overwriting math alphabet `\mathsf' in version `normal'
(Font)                  OT1/cmss/m/n --> TU/lmss/m/n on input line 89.
LaTeX Font Info:    Overwriting math alphabet `\mathtt' in version `normal'
(Font)                  OT1/cmtt/m/n --> TU/lmtt/m/n on input line 89.
LaTeX Font Info:    Overwriting symbol font `operators' in version `bold'
(Font)                  TU/lmr/m/n --> TU/lmr/b/n on input line 89.
LaTeX Font Info:    Overwriting math alphabet `\mathit' in version `bold'
(Font)                  OT1/cmr/bx/it --> TU/lmr/b/it on input line 89.
LaTeX Font Info:    Overwriting math alphabet `\mathsf' in version `bold'
(Font)                  OT1/cmss/bx/n --> TU/lmss/b/n on input line 89.
LaTeX Font Info:    Overwriting math alphabet `\mathtt' in version `bold'
(Font)                  OT1/cmtt/m/n --> TU/lmtt/b/n on input line 89.
Package caption Info: Begin \AtBeginDocument code.
Package caption Info: float package is loaded.
Package caption Info: listings package is loaded.
Package caption Info: End \AtBeginDocument code.
\c@lstlisting=\count370
! Undefined control sequence.
\pgfkeys@code <#1>#2#3\pgfeov ->\alt 
                                     <#1>{\pgfkeysalso {#2}}{\pgfkeysalso {#...
l.95 ...(anl_ctr_ncep) [process1, visible on=<1->]
                                                  
The control sequence at the end of the top line
of your error message was never \def'ed. If you have
misspelled it (e.g., `\hobx'), type `I' and the correct
spelling (e.g., `I\hbox'). Otherwise just continue,
and I'll forget about whatever was undefined.

Missing character: There is no < ("3C) in font nullfont!
Missing character: There is no 1 ("31) in font nullfont!
Missing character: There is no - ("2D) in font nullfont!
Missing character: There is no > ("3E) in font nullfont!
! Undefined control sequence.
\pgfkeys@code <#1>#2#3\pgfeov ->\alt 
                                     <#1>{\pgfkeysalso {#2}}{\pgfkeysalso {#...
l.97 ...2, below of=anl_ctr_ncep, visible on=<2->]
                                                  
The control sequence at the end of the top line
of your error message was never \def'ed. If you have
misspelled it (e.g., `\hobx'), type `I' and the correct
spelling (e.g., `I\hbox'). Otherwise just continue,
and I'll forget about whatever was undefined.

Missing character: There is no < ("3C) in font nullfont!
Missing character: There is no 2 ("32) in font nullfont!
Missing character: There is no - ("2D) in font nullfont!
Missing character: There is no > ("3E) in font nullfont!
! Undefined control sequence.
\pgfkeys@code <#1>#2#3\pgfeov ->\alt 
                                     <#1>{\pgfkeysalso {#2}}{\pgfkeysalso {#...
l.99 ...3, below of=anl_rdp_num1, visible on=<2->]
                                                  
The control sequence at the end of the top line
of your error message was never \def'ed. If you have
misspelled it (e.g., `\hobx'), type `I' and the correct
spelling (e.g., `I\hbox'). Otherwise just continue,
and I'll forget about whatever was undefined.

Missing character: There is no < ("3C) in font nullfont!
Missing character: There is no 2 ("32) in font nullfont!
Missing character: There is no - ("2D) in font nullfont!
Missing character: There is no > ("3E) in font nullfont!
! Undefined control sequence.
\pgfkeys@code <#1>#2#3\pgfeov ->\alt 
                                     <#1>{\pgfkeysalso {#2}}{\pgfkeysalso {#...
l.101 ..., below of=anl_rdp_num2, visible on=<2->]
                                                  
The control sequence at the end of the top line
of your error message was never \def'ed. If you have
misspelled it (e.g., `\hobx'), type `I' and the correct
spelling (e.g., `I\hbox'). Otherwise just continue,
and I'll forget about whatever was undefined.

Missing character: There is no < ("3C) in font nullfont!
Missing character: There is no 2 ("32) in font nullfont!
Missing character: There is no - ("2D) in font nullfont!
Missing character: There is no > ("3E) in font nullfont!
! Missing $ inserted.
<inserted text> 
                $
l.102 ...egin{varwidth}{3cm}\Centering \cdots \end
                                                  {varwidth}};
I've inserted a begin-math/end-math symbol since I think
you left one out. Proceed, with fingers crossed.

! Missing $ inserted.
<inserted text> 
                $
l.102 ...dth}{3cm}\Centering \cdots \end{varwidth}
                                                  };
I've inserted a begin-math/end-math symbol since I think
you left one out. Proceed, with fingers crossed.

! Undefined control sequence.
\pgfkeys@code <#1>#2#3\pgfeov ->\alt 
                                     <#1>{\pgfkeysalso {#2}}{\pgfkeysalso {#...
l.103 ..., below of=anl_rdp_dots, visible on=<2->]
                                                  
The control sequence at the end of the top line
of your error message was never \def'ed. If you have
misspelled it (e.g., `\hobx'), type `I' and the correct
spelling (e.g., `I\hbox'). Otherwise just continue,
and I'll forget about whatever was undefined.

Missing character: There is no < ("3C) in font nullfont!
Missing character: There is no 2 ("32) in font nullfont!
Missing character: There is no - ("2D) in font nullfont!
Missing character: There is no > ("3E) in font nullfont!
! Undefined control sequence.
\pgfkeys@code <#1>#2#3\pgfeov ->\alt 
                                     <#1>{\pgfkeysalso {#2}}{\pgfkeysalso {#...
l.107 ...process1, xshift=4.75cm, visible on=<3->]
                                                  
The control sequence at the end of the top line
of your error message was never \def'ed. If you have
misspelled it (e.g., `\hobx'), type `I' and the correct
spelling (e.g., `I\hbox'). Otherwise just continue,
and I'll forget about whatever was undefined.

Missing character: There is no < ("3C) in font nullfont!
Missing character: There is no 3 ("33) in font nullfont!
Missing character: There is no - ("2D) in font nullfont!
Missing character: There is no > ("3E) in font nullfont!
! Undefined control sequence.
\pgfkeys@code <#1>#2#3\pgfeov ->\alt 
                                     <#1>{\pgfkeysalso {#2}}{\pgfkeysalso {#...
l.109 ..., below of=fct_ctr_ncep, visible on=<4->]
                                                  
The control sequence at the end of the top line
of your error message was never \def'ed. If you have
misspelled it (e.g., `\hobx'), type `I' and the correct
spelling (e.g., `I\hbox'). Otherwise just continue,
and I'll forget about whatever was undefined.

Missing character: There is no < ("3C) in font nullfont!
Missing character: There is no 4 ("34) in font nullfont!
Missing character: There is no - ("2D) in font nullfont!
Missing character: There is no > ("3E) in font nullfont!
! Undefined control sequence.
\pgfkeys@code <#1>#2#3\pgfeov ->\alt 
                                     <#1>{\pgfkeysalso {#2}}{\pgfkeysalso {#...
l.111 ..., below of=fct_rdp_num1, visible on=<4->]
                                                  
The control sequence at the end of the top line
of your error message was never \def'ed. If you have
misspelled it (e.g., `\hobx'), type `I' and the correct
spelling (e.g., `I\hbox'). Otherwise just continue,
and I'll forget about whatever was undefined.

Missing character: There is no < ("3C) in font nullfont!
Missing character: There is no 4 ("34) in font nullfont!
Missing character: There is no - ("2D) in font nullfont!
Missing character: There is no > ("3E) in font nullfont!
! Undefined control sequence.
\pgfkeys@code <#1>#2#3\pgfeov ->\alt 
                                     <#1>{\pgfkeysalso {#2}}{\pgfkeysalso {#...
l.113 ..., below of=fct_rdp_num2, visible on=<4->]
                                                  
The control sequence at the end of the top line
of your error message was never \def'ed. If you have
misspelled it (e.g., `\hobx'), type `I' and the correct
spelling (e.g., `I\hbox'). Otherwise just continue,
and I'll forget about whatever was undefined.

Missing character: There is no < ("3C) in font nullfont!
Missing character: There is no 4 ("34) in font nullfont!
Missing character: There is no - ("2D) in font nullfont!
Missing character: There is no > ("3E) in font nullfont!
! Missing $ inserted.
<inserted text> 
                $
l.114 ...egin{varwidth}{3cm}\Centering \cdots \end
                                                  {varwidth}};
I've inserted a begin-math/end-math symbol since I think
you left one out. Proceed, with fingers crossed.

! Missing $ inserted.
<inserted text> 
                $
l.114 ...dth}{3cm}\Centering \cdots \end{varwidth}
                                                  };
I've inserted a begin-math/end-math symbol since I think
you left one out. Proceed, with fingers crossed.

! Undefined control sequence.
\pgfkeys@code <#1>#2#3\pgfeov ->\alt 
                                     <#1>{\pgfkeysalso {#2}}{\pgfkeysalso {#...
l.115 ..., below of=fct_rdp_dots, visible on=<4->]
                                                  
The control sequence at the end of the top line
of your error message was never \def'ed. If you have
misspelled it (e.g., `\hobx'), type `I' and the correct
spelling (e.g., `I\hbox'). Otherwise just continue,
and I'll forget about whatever was undefined.

Missing character: There is no < ("3C) in font nullfont!
Missing character: There is no 4 ("34) in font nullfont!
Missing character: There is no - ("2D) in font nullfont!
Missing character: There is no > ("3E) in font nullfont!
! Undefined control sequence.
\pgfkeys@code <#1>#2#3\pgfeov ->\alt 
                                     <#1>{\pgfkeysalso {#2}}{\pgfkeysalso {#...
l.119 ...t=9.5cm, yshift=-1.15cm, visible on=<6->]
                                                  
The control sequence at the end of the top line
of your error message was never \def'ed. If you have
misspelled it (e.g., `\hobx'), type `I' and the correct
spelling (e.g., `I\hbox'). Otherwise just continue,
and I'll forget about whatever was undefined.

Missing character: There is no < ("3C) in font nullfont!
Missing character: There is no 6 ("36) in font nullfont!
Missing character: There is no - ("2D) in font nullfont!
Missing character: There is no > ("3E) in font nullfont!
! Undefined control sequence.
\pgfkeys@code <#1>#2#3\pgfeov ->\alt 
                                     <#1>{\pgfkeysalso {#2}}{\pgfkeysalso {#...
l.121 ...rt_eof1, yshift=-1.15cm, visible on=<7->]
                                                  
The control sequence at the end of the top line
of your error message was never \def'ed. If you have
misspelled it (e.g., `\hobx'), type `I' and the correct
spelling (e.g., `I\hbox'). Otherwise just continue,
and I'll forget about whatever was undefined.

Missing character: There is no < ("3C) in font nullfont!
Missing character: There is no 7 ("37) in font nullfont!
Missing character: There is no - ("2D) in font nullfont!
Missing character: There is no > ("3E) in font nullfont!
! Missing $ inserted.
<inserted text> 
                $
l.122 ...egin{varwidth}{3cm}\Centering \cdots \end
                                                  {varwidth}};
I've inserted a begin-math/end-math symbol since I think
you left one out. Proceed, with fingers crossed.

! Missing $ inserted.
<inserted text> 
                $
l.122 ...dth}{3cm}\Centering \cdots \end{varwidth}
                                                  };
I've inserted a begin-math/end-math symbol since I think
you left one out. Proceed, with fingers crossed.

! Undefined control sequence.
\pgfkeys@code <#1>#2#3\pgfeov ->\alt 
                                     <#1>{\pgfkeysalso {#2}}{\pgfkeysalso {#...
l.123 ...of_dots, yshift=-1.15cm, visible on=<8->]
                                                  
The control sequence at the end of the top line
of your error message was never \def'ed. If you have
misspelled it (e.g., `\hobx'), type `I' and the correct
spelling (e.g., `I\hbox'). Otherwise just continue,
and I'll forget about whatever was undefined.

Missing character: There is no < ("3C) in font nullfont!
Missing character: There is no 8 ("38) in font nullfont!
Missing character: There is no - ("2D) in font nullfont!
Missing character: There is no > ("3E) in font nullfont!
! Undefined control sequence.
\pgfkeys@code <#1>#2#3\pgfeov ->\alt 
                                     <#1>{\pgfkeysalso {#2}}{\pgfkeysalso {#...
l.127 ...t=14cm, yshift=2.095cm, visible on=<11->]
                                                  
The control sequence at the end of the top line
of your error message was never \def'ed. If you have
misspelled it (e.g., `\hobx'), type `I' and the correct
spelling (e.g., `I\hbox'). Otherwise just continue,
and I'll forget about whatever was undefined.

Missing character: There is no < ("3C) in font nullfont!
Missing character: There is no 1 ("31) in font nullfont!
Missing character: There is no 1 ("31) in font nullfont!
Missing character: There is no - ("2D) in font nullfont!
Missing character: There is no > ("3E) in font nullfont!
! Undefined control sequence.
\pgfkeys@code <#1>#2#3\pgfeov ->\alt 
                                     <#1>{\pgfkeysalso {#2}}{\pgfkeysalso {#...
l.130 ... below of=anl_ctr_ncep2, visible on=<9->]
                                                  
The control sequence at the end of the top line
of your error message was never \def'ed. If you have
misspelled it (e.g., `\hobx'), type `I' and the correct
spelling (e.g., `I\hbox'). Otherwise just continue,
and I'll forget about whatever was undefined.

Missing character: There is no < ("3C) in font nullfont!
Missing character: There is no 9 ("39) in font nullfont!
Missing character: There is no - ("2D) in font nullfont!
Missing character: There is no > ("3E) in font nullfont!
! Undefined control sequence.
\pgfkeys@code <#1>#2#3\pgfeov ->\alt 
                                     <#1>{\pgfkeysalso {#2}}{\pgfkeysalso {#...
l.132 ...eof1_som, yshift=0.25cm, visible on=<9->]
                                                  
The control sequence at the end of the top line
of your error message was never \def'ed. If you have
misspelled it (e.g., `\hobx'), type `I' and the correct
spelling (e.g., `I\hbox'). Otherwise just continue,
and I'll forget about whatever was undefined.

Missing character: There is no < ("3C) in font nullfont!
Missing character: There is no 9 ("39) in font nullfont!
Missing character: There is no - ("2D) in font nullfont!
Missing character: There is no > ("3E) in font nullfont!
! Undefined control sequence.
\pgfkeys@code <#1>#2#3\pgfeov ->\alt 
                                     <#1>{\pgfkeysalso {#2}}{\pgfkeysalso {#...
l.135 ...eof1_sub, yshift=0.9cm, visible on=<10->]
                                                  
The control sequence at the end of the top line
of your error message was never \def'ed. If you have
misspelled it (e.g., `\hobx'), type `I' and the correct
spelling (e.g., `I\hbox'). Otherwise just continue,
and I'll forget about whatever was undefined.

Missing character: There is no < ("3C) in font nullfont!
Missing character: There is no 1 ("31) in font nullfont!
Missing character: There is no 0 ("30) in font nullfont!
Missing character: There is no - ("2D) in font nullfont!
Missing character: There is no > ("3E) in font nullfont!
! Missing $ inserted.
<inserted text> 
                $
l.136 ...egin{varwidth}{3cm}\Centering \cdots \end
                                                  {varwidth}};
I've inserted a begin-math/end-math symbol since I think
you left one out. Proceed, with fingers crossed.

! Missing $ inserted.
<inserted text> 
                $
l.136 ...dth}{3cm}\Centering \cdots \end{varwidth}
                                                  };
I've inserted a begin-math/end-math symbol since I think
you left one out. Proceed, with fingers crossed.

! Undefined control sequence.
\pgfkeys@code <#1>#2#3\pgfeov ->\alt 
                                     <#1>{\pgfkeysalso {#2}}{\pgfkeysalso {#...
l.137 ...of2_som, yshift=0.15cm, visible on=<10->]
                                                  
The control sequence at the end of the top line
of your error message was never \def'ed. If you have
misspelled it (e.g., `\hobx'), type `I' and the correct
spelling (e.g., `I\hbox'). Otherwise just continue,
and I'll forget about whatever was undefined.

Missing character: There is no < ("3C) in font nullfont!
Missing character: There is no 1 ("31) in font nullfont!
Missing character: There is no 0 ("30) in font nullfont!
Missing character: There is no - ("2D) in font nullfont!
Missing character: There is no > ("3E) in font nullfont!
! Missing $ inserted.
<inserted text> 
                $
l.138 ...egin{varwidth}{3cm}\Centering \cdots \end
                                                  {varwidth}};
I've inserted a begin-math/end-math symbol since I think
you left one out. Proceed, with fingers crossed.

! Missing $ inserted.
<inserted text> 
                $
l.138 ...dth}{3cm}\Centering \cdots \end{varwidth}
                                                  };
I've inserted a begin-math/end-math symbol since I think
you left one out. Proceed, with fingers crossed.

! Undefined control sequence.
\pgfkeys@code <#1>#2#3\pgfeov ->\alt 
                                     <#1>{\pgfkeysalso {#2}}{\pgfkeysalso {#...
l.140 ...eof2_sub, yshift=0.9cm, visible on=<11->]
                                                  
The control sequence at the end of the top line
of your error message was never \def'ed. If you have
misspelled it (e.g., `\hobx'), type `I' and the correct
spelling (e.g., `I\hbox'). Otherwise just continue,
and I'll forget about whatever was undefined.

Missing character: There is no < ("3C) in font nullfont!
Missing character: There is no 1 ("31) in font nullfont!
Missing character: There is no 1 ("31) in font nullfont!
Missing character: There is no - ("2D) in font nullfont!
Missing character: There is no > ("3E) in font nullfont!
! Undefined control sequence.
\pgfkeys@code <#1>#2#3\pgfeov ->\alt 
                                     <#1>{\pgfkeysalso {#2}}{\pgfkeysalso {#...
l.142 ...ofn_som, yshift=0.25cm, visible on=<11->]
                                                  
The control sequence at the end of the top line
of your error message was never \def'ed. If you have
misspelled it (e.g., `\hobx'), type `I' and the correct
spelling (e.g., `I\hbox'). Otherwise just continue,
and I'll forget about whatever was undefined.

Missing character: There is no < ("3C) in font nullfont!
Missing character: There is no 1 ("31) in font nullfont!
Missing character: There is no 1 ("31) in font nullfont!
Missing character: There is no - ("2D) in font nullfont!
Missing character: There is no > ("3E) in font nullfont!
! Undefined control sequence.
\pgfkeys@code <#1>#2#3\pgfeov ->\alt 
                                     <#1>{\pgfkeysalso {#2}}{\pgfkeysalso {#...
l.146 ...18.5cm, yshift=2.095cm, visible on=<13->]
                                                  
The control sequence at the end of the top line
of your error message was never \def'ed. If you have
misspelled it (e.g., `\hobx'), type `I' and the correct
spelling (e.g., `I\hbox'). Otherwise just continue,
and I'll forget about whatever was undefined.

Missing character: There is no < ("3C) in font nullfont!
Missing character: There is no 1 ("31) in font nullfont!
Missing character: There is no 3 ("33) in font nullfont!
Missing character: There is no - ("2D) in font nullfont!
Missing character: There is no > ("3E) in font nullfont!
! Undefined control sequence.
\pgfkeys@code <#1>#2#3\pgfeov ->\alt 
                                     <#1>{\pgfkeysalso {#2}}{\pgfkeysalso {#...
l.149 ...below of=fct_ctr_ncep2, visible on=<13->]
                                                  
The control sequence at the end of the top line
of your error message was never \def'ed. If you have
misspelled it (e.g., `\hobx'), type `I' and the correct
spelling (e.g., `I\hbox'). Otherwise just continue,
and I'll forget about whatever was undefined.

Missing character: There is no < ("3C) in font nullfont!
Missing character: There is no 1 ("31) in font nullfont!
Missing character: There is no 3 ("33) in font nullfont!
Missing character: There is no - ("2D) in font nullfont!
Missing character: There is no > ("3E) in font nullfont!
! Undefined control sequence.
\pgfkeys@code <#1>#2#3\pgfeov ->\alt 
                                     <#1>{\pgfkeysalso {#2}}{\pgfkeysalso {#...
l.151 ...of1_som, yshift=0.25cm, visible on=<13->]
                                                  
The control sequence at the end of the top line
of your error message was never \def'ed. If you have
misspelled it (e.g., `\hobx'), type `I' and the correct
spelling (e.g., `I\hbox'). Otherwise just continue,
and I'll forget about whatever was undefined.

Missing character: There is no < ("3C) in font nullfont!
Missing character: There is no 1 ("31) in font nullfont!
Missing character: There is no 3 ("33) in font nullfont!
Missing character: There is no - ("2D) in font nullfont!
Missing character: There is no > ("3E) in font nullfont!
! Undefined control sequence.
\pgfkeys@code <#1>#2#3\pgfeov ->\alt 
                                     <#1>{\pgfkeysalso {#2}}{\pgfkeysalso {#...
l.154 ...eof1_sub, yshift=0.9cm, visible on=<13->]
                                                  
The control sequence at the end of the top line
of your error message was never \def'ed. If you have
misspelled it (e.g., `\hobx'), type `I' and the correct
spelling (e.g., `I\hbox'). Otherwise just continue,
and I'll forget about whatever was undefined.

Missing character: There is no < ("3C) in font nullfont!
Missing character: There is no 1 ("31) in font nullfont!
Missing character: There is no 3 ("33) in font nullfont!
Missing character: There is no - ("2D) in font nullfont!
Missing character: There is no > ("3E) in font nullfont!
! Missing $ inserted.
<inserted text> 
                $
l.155 ...egin{varwidth}{3cm}\Centering \cdots \end
                                                  {varwidth}};
I've inserted a begin-math/end-math symbol since I think
you left one out. Proceed, with fingers crossed.

! Missing $ inserted.
<inserted text> 
                $
l.155 ...dth}{3cm}\Centering \cdots \end{varwidth}
                                                  };
I've inserted a begin-math/end-math symbol since I think
you left one out. Proceed, with fingers crossed.

! Undefined control sequence.
\pgfkeys@code <#1>#2#3\pgfeov ->\alt 
                                     <#1>{\pgfkeysalso {#2}}{\pgfkeysalso {#...
l.156 ...of2_som, yshift=0.15cm, visible on=<13->]
                                                  
The control sequence at the end of the top line
of your error message was never \def'ed. If you have
misspelled it (e.g., `\hobx'), type `I' and the correct
spelling (e.g., `I\hbox'). Otherwise just continue,
and I'll forget about whatever was undefined.

Missing character: There is no < ("3C) in font nullfont!
Missing character: There is no 1 ("31) in font nullfont!
Missing character: There is no 3 ("33) in font nullfont!
Missing character: There is no - ("2D) in font nullfont!
Missing character: There is no > ("3E) in font nullfont!
! Missing $ inserted.
<inserted text> 
                $
l.157 ...egin{varwidth}{3cm}\Centering \cdots \end
                                                  {varwidth}};
I've inserted a begin-math/end-math symbol since I think
you left one out. Proceed, with fingers crossed.

! Missing $ inserted.
<inserted text> 
                $
l.157 ...dth}{3cm}\Centering \cdots \end{varwidth}
                                                  };
I've inserted a begin-math/end-math symbol since I think
you left one out. Proceed, with fingers crossed.

! Undefined control sequence.
\pgfkeys@code <#1>#2#3\pgfeov ->\alt 
                                     <#1>{\pgfkeysalso {#2}}{\pgfkeysalso {#...
l.159 ...eof2_sub, yshift=0.9cm, visible on=<13->]
                                                  
The control sequence at the end of the top line
of your error message was never \def'ed. If you have
misspelled it (e.g., `\hobx'), type `I' and the correct
spelling (e.g., `I\hbox'). Otherwise just continue,
and I'll forget about whatever was undefined.

Missing character: There is no < ("3C) in font nullfont!
Missing character: There is no 1 ("31) in font nullfont!
Missing character: There is no 3 ("33) in font nullfont!
Missing character: There is no - ("2D) in font nullfont!
Missing character: There is no > ("3E) in font nullfont!
! Undefined control sequence.
\pgfkeys@code <#1>#2#3\pgfeov ->\alt 
                                     <#1>{\pgfkeysalso {#2}}{\pgfkeysalso {#...
l.161 ...ofn_som, yshift=0.25cm, visible on=<13->]
                                                  
The control sequence at the end of the top line
of your error message was never \def'ed. If you have
misspelled it (e.g., `\hobx'), type `I' and the correct
spelling (e.g., `I\hbox'). Otherwise just continue,
and I'll forget about whatever was undefined.

Missing character: There is no < ("3C) in font nullfont!
Missing character: There is no 1 ("31) in font nullfont!
Missing character: There is no 3 ("33) in font nullfont!
Missing character: There is no - ("2D) in font nullfont!
Missing character: There is no > ("3E) in font nullfont!
! Undefined control sequence.
\pgfkeys@code <#1>#2#3\pgfeov ->\alt 
                                     <#1>{\pgfkeysalso {#2}}{\pgfkeysalso {#...
l.165 \draw [arrow, visible on=<2->]
                                     (anl_ctr_ncep) -- node[anchor=west] {(R...
The control sequence at the end of the top line
of your error message was never \def'ed. If you have
misspelled it (e.g., `\hobx'), type `I' and the correct
spelling (e.g., `I\hbox'). Otherwise just continue,
and I'll forget about whatever was undefined.

Missing character: There is no < ("3C) in font nullfont!
Missing character: There is no 2 ("32) in font nullfont!
Missing character: There is no - ("2D) in font nullfont!
Missing character: There is no > ("3E) in font nullfont!
! Undefined control sequence.
\pgfkeys@code <#1>#2#3\pgfeov ->\alt 
                                     <#1>{\pgfkeysalso {#2}}{\pgfkeysalso {#...
l.166 \draw [arrow, dashed, visible on=<2->]
                                             (anl_rdp_num1) -- node[anchor=w...
The control sequence at the end of the top line
of your error message was never \def'ed. If you have
misspelled it (e.g., `\hobx'), type `I' and the correct
spelling (e.g., `I\hbox'). Otherwise just continue,
and I'll forget about whatever was undefined.

Missing character: There is no < ("3C) in font nullfont!
Missing character: There is no 2 ("32) in font nullfont!
Missing character: There is no - ("2D) in font nullfont!
Missing character: There is no > ("3E) in font nullfont!
! Undefined control sequence.
\pgfkeys@code <#1>#2#3\pgfeov ->\alt 
                                     <#1>{\pgfkeysalso {#2}}{\pgfkeysalso {#...
l.167 \draw [arrow, dashed, visible on=<2->]
                                             (anl_rdp_num2) -- node[anchor=w...
The control sequence at the end of the top line
of your error message was never \def'ed. If you have
misspelled it (e.g., `\hobx'), type `I' and the correct
spelling (e.g., `I\hbox'). Otherwise just continue,
and I'll forget about whatever was undefined.

Missing character: There is no < ("3C) in font nullfont!
Missing character: There is no 2 ("32) in font nullfont!
Missing character: There is no - ("2D) in font nullfont!
Missing character: There is no > ("3E) in font nullfont!
! Undefined control sequence.
\pgfkeys@code <#1>#2#3\pgfeov ->\alt 
                                     <#1>{\pgfkeysalso {#2}}{\pgfkeysalso {#...
l.168 \draw [arrow, dashed, visible on=<2->]
                                             (anl_rdp_dots) -- node[anchor=w...
The control sequence at the end of the top line
of your error message was never \def'ed. If you have
misspelled it (e.g., `\hobx'), type `I' and the correct
spelling (e.g., `I\hbox'). Otherwise just continue,
and I'll forget about whatever was undefined.

Missing character: There is no < ("3C) in font nullfont!
Missing character: There is no 2 ("32) in font nullfont!
Missing character: There is no - ("2D) in font nullfont!
Missing character: There is no > ("3E) in font nullfont!
! Undefined control sequence.
\pgfkeys@code <#1>#2#3\pgfeov ->\alt 
                                     <#1>{\pgfkeysalso {#2}}{\pgfkeysalso {#...
l.171 \draw [stealth-stealth, visible on=<5->]
                                               (fct_ctr_ncep) -- node[anchor...
The control sequence at the end of the top line
of your error message was never \def'ed. If you have
misspelled it (e.g., `\hobx'), type `I' and the correct
spelling (e.g., `I\hbox'). Otherwise just continue,
and I'll forget about whatever was undefined.

Missing character: There is no < ("3C) in font nullfont!
Missing character: There is no 5 ("35) in font nullfont!
Missing character: There is no - ("2D) in font nullfont!
Missing character: There is no > ("3E) in font nullfont!
! Undefined control sequence.
\pgfkeys@code <#1>#2#3\pgfeov ->\alt 
                                     <#1>{\pgfkeysalso {#2}}{\pgfkeysalso {#...
l.172 \draw [arrow, dashed, visible on=<5->]
                                             (fct_rdp_num1) -- node[anchor=w...
The control sequence at the end of the top line
of your error message was never \def'ed. If you have
misspelled it (e.g., `\hobx'), type `I' and the correct
spelling (e.g., `I\hbox'). Otherwise just continue,
and I'll forget about whatever was undefined.

Missing character: There is no < ("3C) in font nullfont!
Missing character: There is no 5 ("35) in font nullfont!
Missing character: There is no - ("2D) in font nullfont!
Missing character: There is no > ("3E) in font nullfont!
! Undefined control sequence.
\pgfkeys@code <#1>#2#3\pgfeov ->\alt 
                                     <#1>{\pgfkeysalso {#2}}{\pgfkeysalso {#...
l.173 \draw [arrow, dashed, visible on=<5->]
                                             (fct_rdp_num2) -- node[anchor=w...
The control sequence at the end of the top line
of your error message was never \def'ed. If you have
misspelled it (e.g., `\hobx'), type `I' and the correct
spelling (e.g., `I\hbox'). Otherwise just continue,
and I'll forget about whatever was undefined.

Missing character: There is no < ("3C) in font nullfont!
Missing character: There is no 5 ("35) in font nullfont!
Missing character: There is no - ("2D) in font nullfont!
Missing character: There is no > ("3E) in font nullfont!
! Undefined control sequence.
\pgfkeys@code <#1>#2#3\pgfeov ->\alt 
                                     <#1>{\pgfkeysalso {#2}}{\pgfkeysalso {#...
l.174 \draw [arrow, dashed, visible on=<5->]
                                             (fct_rdp_dots) -- node[anchor=w...
The control sequence at the end of the top line
of your error message was never \def'ed. If you have
misspelled it (e.g., `\hobx'), type `I' and the correct
spelling (e.g., `I\hbox'). Otherwise just continue,
and I'll forget about whatever was undefined.

Missing character: There is no < ("3C) in font nullfont!
Missing character: There is no 5 ("35) in font nullfont!
Missing character: There is no - ("2D) in font nullfont!
Missing character: There is no > ("3E) in font nullfont!
! Undefined control sequence.
\pgfkeys@code <#1>#2#3\pgfeov ->\alt 
                                     <#1>{\pgfkeysalso {#2}}{\pgfkeysalso {#...
l.177 \draw [arrow, visible on=<3->]
                                     (anl_ctr_ncep) -- (fct_ctr_ncep);
The control sequence at the end of the top line
of your error message was never \def'ed. If you have
misspelled it (e.g., `\hobx'), type `I' and the correct
spelling (e.g., `I\hbox'). Otherwise just continue,
and I'll forget about whatever was undefined.

Missing character: There is no < ("3C) in font nullfont!
Missing character: There is no 3 ("33) in font nullfont!
Missing character: There is no - ("2D) in font nullfont!
Missing character: There is no > ("3E) in font nullfont!
! Undefined control sequence.
\pgfkeys@code <#1>#2#3\pgfeov ->\alt 
                                     <#1>{\pgfkeysalso {#2}}{\pgfkeysalso {#...
l.178 \draw [arrow, visible on=<4->]
                                     (anl_rdp_num1) -- (fct_rdp_num1);
The control sequence at the end of the top line
of your error message was never \def'ed. If you have
misspelled it (e.g., `\hobx'), type `I' and the correct
spelling (e.g., `I\hbox'). Otherwise just continue,
and I'll forget about whatever was undefined.

Missing character: There is no < ("3C) in font nullfont!
Missing character: There is no 4 ("34) in font nullfont!
Missing character: There is no - ("2D) in font nullfont!
Missing character: There is no > ("3E) in font nullfont!
! Undefined control sequence.
\pgfkeys@code <#1>#2#3\pgfeov ->\alt 
                                     <#1>{\pgfkeysalso {#2}}{\pgfkeysalso {#...
l.179 \draw [arrow, visible on=<4->]
                                     (anl_rdp_num2) -- (fct_rdp_num2);
The control sequence at the end of the top line
of your error message was never \def'ed. If you have
misspelled it (e.g., `\hobx'), type `I' and the correct
spelling (e.g., `I\hbox'). Otherwise just continue,
and I'll forget about whatever was undefined.

Missing character: There is no < ("3C) in font nullfont!
Missing character: There is no 4 ("34) in font nullfont!
Missing character: There is no - ("2D) in font nullfont!
Missing character: There is no > ("3E) in font nullfont!
! Undefined control sequence.
\pgfkeys@code <#1>#2#3\pgfeov ->\alt 
                                     <#1>{\pgfkeysalso {#2}}{\pgfkeysalso {#...
l.180 \draw [arrow, visible on=<4->]
                                     (anl_rdp_dots) -- (fct_rdp_dots);
The control sequence at the end of the top line
of your error message was never \def'ed. If you have
misspelled it (e.g., `\hobx'), type `I' and the correct
spelling (e.g., `I\hbox'). Otherwise just continue,
and I'll forget about whatever was undefined.

Missing character: There is no < ("3C) in font nullfont!
Missing character: There is no 4 ("34) in font nullfont!
Missing character: There is no - ("2D) in font nullfont!
Missing character: There is no > ("3E) in font nullfont!
! Undefined control sequence.
\pgfkeys@code <#1>#2#3\pgfeov ->\alt 
                                     <#1>{\pgfkeysalso {#2}}{\pgfkeysalso {#...
l.181 \draw [arrow, visible on=<4->]
                                     (anl_rdp_numn) -- (fct_rdp_numn);
The control sequence at the end of the top line
of your error message was never \def'ed. If you have
misspelled it (e.g., `\hobx'), type `I' and the correct
spelling (e.g., `I\hbox'). Otherwise just continue,
and I'll forget about whatever was undefined.

Missing character: There is no < ("3C) in font nullfont!
Missing character: There is no 4 ("34) in font nullfont!
Missing character: There is no - ("2D) in font nullfont!
Missing character: There is no > ("3E) in font nullfont!
! Undefined control sequence.
\pgfkeys@code <#1>#2#3\pgfeov ->\alt 
                                     <#1>{\pgfkeysalso {#2}}{\pgfkeysalso {#...
l.185 \draw [arrow, visible on=<6->]
                                     (fct_ctr_ncep) -- (ADL1) |- (pert_eof1);
The control sequence at the end of the top line
of your error message was never \def'ed. If you have
misspelled it (e.g., `\hobx'), type `I' and the correct
spelling (e.g., `I\hbox'). Otherwise just continue,
and I'll forget about whatever was undefined.

Missing character: There is no < ("3C) in font nullfont!
Missing character: There is no 6 ("36) in font nullfont!
Missing character: There is no - ("2D) in font nullfont!
Missing character: There is no > ("3E) in font nullfont!
! Undefined control sequence.
\pgfkeys@code <#1>#2#3\pgfeov ->\alt 
                                     <#1>{\pgfkeysalso {#2}}{\pgfkeysalso {#...
l.188 \draw [arrow, visible on=<6->]
                                     (fct_rdp_num1) -- (ADL2) |- (pert_eof1);
The control sequence at the end of the top line
of your error message was never \def'ed. If you have
misspelled it (e.g., `\hobx'), type `I' and the correct
spelling (e.g., `I\hbox'). Otherwise just continue,
and I'll forget about whatever was undefined.

Missing character: There is no < ("3C) in font nullfont!
Missing character: There is no 6 ("36) in font nullfont!
Missing character: There is no - ("2D) in font nullfont!
Missing character: There is no > ("3E) in font nullfont!
! Undefined control sequence.
\pgfkeys@code <#1>#2#3\pgfeov ->\alt 
                                     <#1>{\pgfkeysalso {#2}}{\pgfkeysalso {#...
l.191 \draw [arrow, visible on=<7->]
                                     (fct_ctr_ncep) -- (ADL3) |- (pert_eof_d...
The control sequence at the end of the top line
of your error message was never \def'ed. If you have
misspelled it (e.g., `\hobx'), type `I' and the correct
spelling (e.g., `I\hbox'). Otherwise just continue,
and I'll forget about whatever was undefined.

Missing character: There is no < ("3C) in font nullfont!
Missing character: There is no 7 ("37) in font nullfont!
Missing character: There is no - ("2D) in font nullfont!
Missing character: There is no > ("3E) in font nullfont!
! Undefined control sequence.
\pgfkeys@code <#1>#2#3\pgfeov ->\alt 
                                     <#1>{\pgfkeysalso {#2}}{\pgfkeysalso {#...
l.194 \draw [arrow, visible on=<7->]
                                     (fct_rdp_dots) -- (ADL4) |- (pert_eof_d...
The control sequence at the end of the top line
of your error message was never \def'ed. If you have
misspelled it (e.g., `\hobx'), type `I' and the correct
spelling (e.g., `I\hbox'). Otherwise just continue,
and I'll forget about whatever was undefined.

Missing character: There is no < ("3C) in font nullfont!
Missing character: There is no 7 ("37) in font nullfont!
Missing character: There is no - ("2D) in font nullfont!
Missing character: There is no > ("3E) in font nullfont!
! Undefined control sequence.
\pgfkeys@code <#1>#2#3\pgfeov ->\alt 
                                     <#1>{\pgfkeysalso {#2}}{\pgfkeysalso {#...
l.197 \draw [arrow, visible on=<8->]
                                     (fct_ctr_ncep) -- (ADL5) |- (pert_eofn);
The control sequence at the end of the top line
of your error message was never \def'ed. If you have
misspelled it (e.g., `\hobx'), type `I' and the correct
spelling (e.g., `I\hbox'). Otherwise just continue,
and I'll forget about whatever was undefined.

Missing character: There is no < ("3C) in font nullfont!
Missing character: There is no 8 ("38) in font nullfont!
Missing character: There is no - ("2D) in font nullfont!
Missing character: There is no > ("3E) in font nullfont!
! Undefined control sequence.
\pgfkeys@code <#1>#2#3\pgfeov ->\alt 
                                     <#1>{\pgfkeysalso {#2}}{\pgfkeysalso {#...
l.200 \draw [arrow, visible on=<8->]
                                     (fct_rdp_numn) -- (ADL6) |- (pert_eofn);
The control sequence at the end of the top line
of your error message was never \def'ed. If you have
misspelled it (e.g., `\hobx'), type `I' and the correct
spelling (e.g., `I\hbox'). Otherwise just continue,
and I'll forget about whatever was undefined.

Missing character: There is no < ("3C) in font nullfont!
Missing character: There is no 8 ("38) in font nullfont!
Missing character: There is no - ("2D) in font nullfont!
Missing character: There is no > ("3E) in font nullfont!
! Undefined control sequence.
\pgfkeys@code <#1>#2#3\pgfeov ->\alt 
                                     <#1>{\pgfkeysalso {#2}}{\pgfkeysalso {#...
l.204 \draw [arrow, visible on=<9->]
                                     (pert_eof1) -- (BDL1) |- (pert_eof1_som);
The control sequence at the end of the top line
of your error message was never \def'ed. If you have
misspelled it (e.g., `\hobx'), type `I' and the correct
spelling (e.g., `I\hbox'). Otherwise just continue,
and I'll forget about whatever was undefined.

Missing character: There is no < ("3C) in font nullfont!
Missing character: There is no 9 ("39) in font nullfont!
Missing character: There is no - ("2D) in font nullfont!
Missing character: There is no > ("3E) in font nullfont!
! Undefined control sequence.
\pgfkeys@code <#1>#2#3\pgfeov ->\alt 
                                     <#1>{\pgfkeysalso {#2}}{\pgfkeysalso {#...
l.207 \draw [arrow, visible on=<9->]
                                     (pert_eof1) -- (BDL2) |- (pert_eof1_sub);
The control sequence at the end of the top line
of your error message was never \def'ed. If you have
misspelled it (e.g., `\hobx'), type `I' and the correct
spelling (e.g., `I\hbox'). Otherwise just continue,
and I'll forget about whatever was undefined.

Missing character: There is no < ("3C) in font nullfont!
Missing character: There is no 9 ("39) in font nullfont!
Missing character: There is no - ("2D) in font nullfont!
Missing character: There is no > ("3E) in font nullfont!
! Undefined control sequence.
\pgfkeys@code <#1>#2#3\pgfeov ->\alt 
                                     <#1>{\pgfkeysalso {#2}}{\pgfkeysalso {#...
l.210 \draw [arrow, visible on=<10->]
                                      (pert_eof_dots) -- (BDL3) |- (pert_eof...
The control sequence at the end of the top line
of your error message was never \def'ed. If you have
misspelled it (e.g., `\hobx'), type `I' and the correct
spelling (e.g., `I\hbox'). Otherwise just continue,
and I'll forget about whatever was undefined.

Missing character: There is no < ("3C) in font nullfont!
Missing character: There is no 1 ("31) in font nullfont!
Missing character: There is no 0 ("30) in font nullfont!
Missing character: There is no - ("2D) in font nullfont!
Missing character: There is no > ("3E) in font nullfont!
! Undefined control sequence.
\pgfkeys@code <#1>#2#3\pgfeov ->\alt 
                                     <#1>{\pgfkeysalso {#2}}{\pgfkeysalso {#...
l.213 \draw [arrow, visible on=<10->]
                                      (pert_eof_dots) -- (BDL4) |- (pert_eof...
The control sequence at the end of the top line
of your error message was never \def'ed. If you have
misspelled it (e.g., `\hobx'), type `I' and the correct
spelling (e.g., `I\hbox'). Otherwise just continue,
and I'll forget about whatever was undefined.

Missing character: There is no < ("3C) in font nullfont!
Missing character: There is no 1 ("31) in font nullfont!
Missing character: There is no 0 ("30) in font nullfont!
Missing character: There is no - ("2D) in font nullfont!
Missing character: There is no > ("3E) in font nullfont!
! Undefined control sequence.
\pgfkeys@code <#1>#2#3\pgfeov ->\alt 
                                     <#1>{\pgfkeysalso {#2}}{\pgfkeysalso {#...
l.216 \draw [arrow, visible on=<11->]
                                      (pert_eofn) -- (BDL5) |- (pert_eofn_som);
The control sequence at the end of the top line
of your error message was never \def'ed. If you have
misspelled it (e.g., `\hobx'), type `I' and the correct
spelling (e.g., `I\hbox'). Otherwise just continue,
and I'll forget about whatever was undefined.

Missing character: There is no < ("3C) in font nullfont!
Missing character: There is no 1 ("31) in font nullfont!
Missing character: There is no 1 ("31) in font nullfont!
Missing character: There is no - ("2D) in font nullfont!
Missing character: There is no > ("3E) in font nullfont!
! Undefined control sequence.
\pgfkeys@code <#1>#2#3\pgfeov ->\alt 
                                     <#1>{\pgfkeysalso {#2}}{\pgfkeysalso {#...
l.219 \draw [arrow, visible on=<11->]
                                      (pert_eofn) -- (BDL6) |- (pert_eofn_sub);
The control sequence at the end of the top line
of your error message was never \def'ed. If you have
misspelled it (e.g., `\hobx'), type `I' and the correct
spelling (e.g., `I\hbox'). Otherwise just continue,
and I'll forget about whatever was undefined.

Missing character: There is no < ("3C) in font nullfont!
Missing character: There is no 1 ("31) in font nullfont!
Missing character: There is no 1 ("31) in font nullfont!
Missing character: There is no - ("2D) in font nullfont!
Missing character: There is no > ("3E) in font nullfont!
! Undefined control sequence.
\pgfkeys@code <#1>#2#3\pgfeov ->\alt 
                                     <#1>{\pgfkeysalso {#2}}{\pgfkeysalso {#...
l.222 \draw [arrow, visible on=<13->]
                                      (anl_ctr_ncep2) -- (fct_ctr_ncep2);
The control sequence at the end of the top line
of your error message was never \def'ed. If you have
misspelled it (e.g., `\hobx'), type `I' and the correct
spelling (e.g., `I\hbox'). Otherwise just continue,
and I'll forget about whatever was undefined.

Missing character: There is no < ("3C) in font nullfont!
Missing character: There is no 1 ("31) in font nullfont!
Missing character: There is no 3 ("33) in font nullfont!
Missing character: There is no - ("2D) in font nullfont!
Missing character: There is no > ("3E) in font nullfont!
! Undefined control sequence.
\pgfkeys@code <#1>#2#3\pgfeov ->\alt 
                                     <#1>{\pgfkeysalso {#2}}{\pgfkeysalso {#...
l.223 \draw [arrow, visible on=<13->]
                                      (pert_eof1_som) -- (fct_eof1_som);
The control sequence at the end of the top line
of your error message was never \def'ed. If you have
misspelled it (e.g., `\hobx'), type `I' and the correct
spelling (e.g., `I\hbox'). Otherwise just continue,
and I'll forget about whatever was undefined.

Missing character: There is no < ("3C) in font nullfont!
Missing character: There is no 1 ("31) in font nullfont!
Missing character: There is no 3 ("33) in font nullfont!
Missing character: There is no - ("2D) in font nullfont!
Missing character: There is no > ("3E) in font nullfont!
! Undefined control sequence.
\pgfkeys@code <#1>#2#3\pgfeov ->\alt 
                                     <#1>{\pgfkeysalso {#2}}{\pgfkeysalso {#...
l.224 \draw [arrow, visible on=<13->]
                                      (pert_eof1_sub) -- (fct_eof1_sub);
The control sequence at the end of the top line
of your error message was never \def'ed. If you have
misspelled it (e.g., `\hobx'), type `I' and the correct
spelling (e.g., `I\hbox'). Otherwise just continue,
and I'll forget about whatever was undefined.

Missing character: There is no < ("3C) in font nullfont!
Missing character: There is no 1 ("31) in font nullfont!
Missing character: There is no 3 ("33) in font nullfont!
Missing character: There is no - ("2D) in font nullfont!
Missing character: There is no > ("3E) in font nullfont!
! Undefined control sequence.
\pgfkeys@code <#1>#2#3\pgfeov ->\alt 
                                     <#1>{\pgfkeysalso {#2}}{\pgfkeysalso {#...
l.225 \draw [arrow, visible on=<13->]
                                      (pert_eof2_som) -- (fct_eof2_som);
The control sequence at the end of the top line
of your error message was never \def'ed. If you have
misspelled it (e.g., `\hobx'), type `I' and the correct
spelling (e.g., `I\hbox'). Otherwise just continue,
and I'll forget about whatever was undefined.

Missing character: There is no < ("3C) in font nullfont!
Missing character: There is no 1 ("31) in font nullfont!
Missing character: There is no 3 ("33) in font nullfont!
Missing character: There is no - ("2D) in font nullfont!
Missing character: There is no > ("3E) in font nullfont!
! Undefined control sequence.
\pgfkeys@code <#1>#2#3\pgfeov ->\alt 
                                     <#1>{\pgfkeysalso {#2}}{\pgfkeysalso {#...
l.226 \draw [arrow, visible on=<13->]
                                      (pert_eof2_sub) -- (fct_eof2_sub);
The control sequence at the end of the top line
of your error message was never \def'ed. If you have
misspelled it (e.g., `\hobx'), type `I' and the correct
spelling (e.g., `I\hbox'). Otherwise just continue,
and I'll forget about whatever was undefined.

Missing character: There is no < ("3C) in font nullfont!
Missing character: There is no 1 ("31) in font nullfont!
Missing character: There is no 3 ("33) in font nullfont!
Missing character: There is no - ("2D) in font nullfont!
Missing character: There is no > ("3E) in font nullfont!
! Undefined control sequence.
\pgfkeys@code <#1>#2#3\pgfeov ->\alt 
                                     <#1>{\pgfkeysalso {#2}}{\pgfkeysalso {#...
l.227 \draw [arrow, visible on=<13->]
                                      (pert_eofn_som) -- (fct_eofn_som);
The control sequence at the end of the top line
of your error message was never \def'ed. If you have
misspelled it (e.g., `\hobx'), type `I' and the correct
spelling (e.g., `I\hbox'). Otherwise just continue,
and I'll forget about whatever was undefined.

Missing character: There is no < ("3C) in font nullfont!
Missing character: There is no 1 ("31) in font nullfont!
Missing character: There is no 3 ("33) in font nullfont!
Missing character: There is no - ("2D) in font nullfont!
Missing character: There is no > ("3E) in font nullfont!
! Undefined control sequence.
\pgfkeys@code <#1>#2#3\pgfeov ->\alt 
                                     <#1>{\pgfkeysalso {#2}}{\pgfkeysalso {#...
l.228 \draw [arrow, visible on=<13->]
                                      (pert_eofn_sub) -- (fct_eofn_sub);
The control sequence at the end of the top line
of your error message was never \def'ed. If you have
misspelled it (e.g., `\hobx'), type `I' and the correct
spelling (e.g., `I\hbox'). Otherwise just continue,
and I'll forget about whatever was undefined.

Missing character: There is no < ("3C) in font nullfont!
Missing character: There is no 1 ("31) in font nullfont!
Missing character: There is no 3 ("33) in font nullfont!
Missing character: There is no - ("2D) in font nullfont!
Missing character: There is no > ("3E) in font nullfont!

! Package pgfkeys Error: I do not know the key '/tikz/path' and I am going to ignore it. Perhaps you misspelled it.

See the pgfkeys package documentation for explanation.
Type  H <return>  for immediate help.
 ...                                              
                                                  
l.232 \draw [path, visible on=<11->]
                                     (anl_ctr_ncep) |- (anl_ctr_ncep2);
This error message was generated by an \errmessage
command, so I can't give any explicit help.
Pretend that you're Hercule Poirot: Examine all clues,
and deduce the truth by order and method.

! Undefined control sequence.
\pgfkeys@code <#1>#2#3\pgfeov ->\alt 
                                     <#1>{\pgfkeysalso {#2}}{\pgfkeysalso {#...
l.232 \draw [path, visible on=<11->]
                                     (anl_ctr_ncep) |- (anl_ctr_ncep2);
The control sequence at the end of the top line
of your error message was never \def'ed. If you have
misspelled it (e.g., `\hobx'), type `I' and the correct
spelling (e.g., `I\hbox'). Otherwise just continue,
and I'll forget about whatever was undefined.

Missing character: There is no < ("3C) in font nullfont!
Missing character: There is no 1 ("31) in font nullfont!
Missing character: There is no 1 ("31) in font nullfont!
Missing character: There is no - ("2D) in font nullfont!
Missing character: There is no > ("3E) in font nullfont!
! Undefined control sequence.
\pgfkeys@code <#1>#2#3\pgfeov ->\alt 
                                     <#1>{\pgfkeysalso {#2}}{\pgfkeysalso {#...
l.236 \draw[thick, dotted, visible on=<12->]
                                             ($(anl_ctr_ncep2.north west)+(-...
The control sequence at the end of the top line
of your error message was never \def'ed. If you have
misspelled it (e.g., `\hobx'), type `I' and the correct
spelling (e.g., `I\hbox'). Otherwise just continue,
and I'll forget about whatever was undefined.

Missing character: There is no < ("3C) in font nullfont!
Missing character: There is no 1 ("31) in font nullfont!
Missing character: There is no 2 ("32) in font nullfont!
Missing character: There is no - ("2D) in font nullfont!
Missing character: There is no > ("3E) in font nullfont!
! Undefined control sequence.
\pgfkeys@code <#1>#2#3\pgfeov ->\alt 
                                     <#1>{\pgfkeysalso {#2}}{\pgfkeysalso {#...
l.237 ....15cm of pert_eofn_sub, visible on=<12->]
                                                   {\begin{varwidth}{3cm}\Ce...
The control sequence at the end of the top line
of your error message was never \def'ed. If you have
misspelled it (e.g., `\hobx'), type `I' and the correct
spelling (e.g., `I\hbox'). Otherwise just continue,
and I'll forget about whatever was undefined.

Missing character: There is no < ("3C) in font nullfont!
Missing character: There is no 1 ("31) in font nullfont!
Missing character: There is no 2 ("32) in font nullfont!
Missing character: There is no - ("2D) in font nullfont!
Missing character: There is no > ("3E) in font nullfont!
! Undefined control sequence.
\pgfkeys@code <#1>#2#3\pgfeov ->\alt 
                                     <#1>{\pgfkeysalso {#2}}{\pgfkeysalso {#...
l.239 \draw[thick, dotted, visible on=<14->]
                                             ($(fct_ctr_ncep2.north west)+(-...
The control sequence at the end of the top line
of your error message was never \def'ed. If you have
misspelled it (e.g., `\hobx'), type `I' and the correct
spelling (e.g., `I\hbox'). Otherwise just continue,
and I'll forget about whatever was undefined.

Missing character: There is no < ("3C) in font nullfont!
Missing character: There is no 1 ("31) in font nullfont!
Missing character: There is no 4 ("34) in font nullfont!
Missing character: There is no - ("2D) in font nullfont!
Missing character: There is no > ("3E) in font nullfont!
! Undefined control sequence.
\pgfkeys@code <#1>#2#3\pgfeov ->\alt 
                                     <#1>{\pgfkeysalso {#2}}{\pgfkeysalso {#...
l.240 ...0.15cm of fct_eofn_sub, visible on=<14->]
                                                   {\begin{varwidth}{3cm}\Ce...
The control sequence at the end of the top line
of your error message was never \def'ed. If you have
misspelled it (e.g., `\hobx'), type `I' and the correct
spelling (e.g., `I\hbox'). Otherwise just continue,
and I'll forget about whatever was undefined.

Missing character: There is no < ("3C) in font nullfont!
Missing character: There is no 1 ("31) in font nullfont!
Missing character: There is no 4 ("34) in font nullfont!
Missing character: There is no - ("2D) in font nullfont!
Missing character: There is no > ("3E) in font nullfont!
[1

] (./diagrama3.aux) ) 
Here is how much of TeX's memory you used:
 30346 strings out of 475748
 710581 string characters out of 5799183
 1213611 words of memory out of 5000000
 51021 multiletter control sequences out of 15000+600000
 469753 words of font info for 35 fonts, out of 8000000 for 9000
 1348 hyphenation exceptions out of 8191
 115i,8n,131p,401b,744s stack positions out of 10000i,1000n,20000p,200000b,200000s

Output written on ./diagrama3.pdf (1 page).
