This is XeTeX, Version 3.141592653-2.6-0.999994 (TeX Live 2022) (preloaded format=xelatex 2022.9.21)  5 OCT 2022 14:09
entering extended mode
 \write18 enabled.
 file:line:error style messages enabled.
 %&-line parsing enabled.
**ensemble-cfbastarz.tex
(./ensemble-cfbastarz.tex
LaTeX2e <2022-06-01> patch level 5
L3 programming layer <2022-08-30> (/usr/local/texlive/2022/texmf-dist/tex/latex/beamer/beamer.cls
Document Class: beamer 2022/09/13 v3.68 A class for typesetting presentations
(/usr/local/texlive/2022/texmf-dist/tex/latex/beamer/beamerbasemodes.sty (/usr/local/texlive/2022/texmf-dist/tex/latex/etoolbox/etoolbox.sty
Package: etoolbox 2020/10/05 v2.5k e-TeX tools for LaTeX (JAW)
\etb@tempcnta=\count181
)
\beamer@tempbox=\box51
\beamer@tempcount=\count182
\c@beamerpauses=\count183
 (/usr/local/texlive/2022/texmf-dist/tex/latex/beamer/beamerbasedecode.sty
\beamer@slideinframe=\count184
\beamer@minimum=\count185
\beamer@decode@box=\box52
)
\beamer@commentbox=\box53
\beamer@modecount=\count186
) (/usr/local/texlive/2022/texmf-dist/tex/generic/iftex/iftex.sty
Package: iftex 2022/02/03 v1.0f TeX engine tests
)
\headdp=\dimen138
\footheight=\dimen139
\sidebarheight=\dimen140
\beamer@tempdim=\dimen141
\beamer@finalheight=\dimen142
\beamer@animht=\dimen143
\beamer@animdp=\dimen144
\beamer@animwd=\dimen145
\beamer@leftmargin=\dimen146
\beamer@rightmargin=\dimen147
\beamer@leftsidebar=\dimen148
\beamer@rightsidebar=\dimen149
\beamer@boxsize=\dimen150
\beamer@vboxoffset=\dimen151
\beamer@descdefault=\dimen152
\beamer@descriptionwidth=\dimen153
\beamer@lastskip=\skip47
\beamer@areabox=\box54
\beamer@animcurrent=\box55
\beamer@animshowbox=\box56
\beamer@sectionbox=\box57
\beamer@logobox=\box58
\beamer@linebox=\box59
\beamer@sectioncount=\count187
\beamer@subsubsectionmax=\count188
\beamer@subsectionmax=\count189
\beamer@sectionmax=\count190
\beamer@totalheads=\count191
\beamer@headcounter=\count192
\beamer@partstartpage=\count193
\beamer@sectionstartpage=\count194
\beamer@subsectionstartpage=\count195
\beamer@animationtempa=\count196
\beamer@animationtempb=\count197
\beamer@xpos=\count198
\beamer@ypos=\count199
\beamer@ypos@offset=\count266
\beamer@showpartnumber=\count267
\beamer@currentsubsection=\count268
\beamer@coveringdepth=\count269
\beamer@sectionadjust=\count270
\beamer@toclastsection=\count271
\beamer@tocsectionnumber=\count272
 (/usr/local/texlive/2022/texmf-dist/tex/latex/beamer/beamerbaseoptions.sty (/usr/local/texlive/2022/texmf-dist/tex/latex/graphics/keyval.sty
Package: keyval 2022/05/29 v1.15 key=value parser (DPC)
\KV@toks@=\toks16
))
\beamer@paperwidth=\skip48
\beamer@paperheight=\skip49
 (/usr/local/texlive/2022/texmf-dist/tex/latex/geometry/geometry.sty
Package: geometry 2020/01/02 v5.9 Page Geometry
 (/usr/local/texlive/2022/texmf-dist/tex/generic/iftex/ifvtex.sty
Package: ifvtex 2019/10/25 v1.7 ifvtex legacy package. Use iftex instead.
)
\Gm@cnth=\count273
\Gm@cntv=\count274
\c@Gm@tempcnt=\count275
\Gm@bindingoffset=\dimen154
\Gm@wd@mp=\dimen155
\Gm@odd@mp=\dimen156
\Gm@even@mp=\dimen157
\Gm@layoutwidth=\dimen158
\Gm@layoutheight=\dimen159
\Gm@layouthoffset=\dimen160
\Gm@layoutvoffset=\dimen161
\Gm@dimlist=\toks17
) (/usr/local/texlive/2022/texmf-dist/tex/latex/pgf/math/pgfmath.sty (/usr/local/texlive/2022/texmf-dist/tex/latex/pgf/utilities/pgfrcs.sty (/usr/local/texlive/2022/texmf-dist/tex/generic/pgf/utilities/pgfutil-common.tex
\pgfutil@everybye=\toks18
\pgfutil@tempdima=\dimen162
\pgfutil@tempdimb=\dimen163
 (/usr/local/texlive/2022/texmf-dist/tex/generic/pgf/utilities/pgfutil-common-lists.tex)) (/usr/local/texlive/2022/texmf-dist/tex/generic/pgf/utilities/pgfutil-latex.def
\pgfutil@abb=\box60
) (/usr/local/texlive/2022/texmf-dist/tex/generic/pgf/utilities/pgfrcs.code.tex (/usr/local/texlive/2022/texmf-dist/tex/generic/pgf/pgf.revision.tex)
Package: pgfrcs 2021/05/15 v3.1.9a (3.1.9a)
)) (/usr/local/texlive/2022/texmf-dist/tex/latex/pgf/utilities/pgfkeys.sty (/usr/local/texlive/2022/texmf-dist/tex/generic/pgf/utilities/pgfkeys.code.tex
\pgfkeys@pathtoks=\toks19
\pgfkeys@temptoks=\toks20
 (/usr/local/texlive/2022/texmf-dist/tex/generic/pgf/utilities/pgfkeysfiltered.code.tex
\pgfkeys@tmptoks=\toks21
))) (/usr/local/texlive/2022/texmf-dist/tex/generic/pgf/math/pgfmath.code.tex (/usr/local/texlive/2022/texmf-dist/tex/generic/pgf/math/pgfmathcalc.code.tex (/usr/local/texlive/2022/texmf-dist/tex/generic/pgf/math/pgfmathutil.code.tex
\pgf@x=\dimen164
\pgf@xa=\dimen165
\pgf@xb=\dimen166
\pgf@xc=\dimen167
\pgf@y=\dimen168
\pgf@ya=\dimen169
\pgf@yb=\dimen170
\pgf@yc=\dimen171
\c@pgf@counta=\count276
\c@pgf@countb=\count277
\c@pgf@countc=\count278
\c@pgf@countd=\count279
) (/usr/local/texlive/2022/texmf-dist/tex/generic/pgf/math/pgfmathparser.code.tex
\pgfmath@dimen=\dimen172
\pgfmath@count=\count280
\pgfmath@box=\box61
\pgfmath@toks=\toks22
\pgfmath@stack@operand=\toks23
\pgfmath@stack@operation=\toks24
) (/usr/local/texlive/2022/texmf-dist/tex/generic/pgf/math/pgfmathfunctions.code.tex (/usr/local/texlive/2022/texmf-dist/tex/generic/pgf/math/pgfmathfunctions.basic.code.tex) (/usr/local/texlive/2022/texmf-dist/tex/generic/pgf/math/pgfmathfunctions.trigonometric.code.tex) (/usr/local/texlive/2022/texmf-dist/tex/generic/pgf/math/pgfmathfunctions.random.code.tex)
(/usr/local/texlive/2022/texmf-dist/tex/generic/pgf/math/pgfmathfunctions.comparison.code.tex) (/usr/local/texlive/2022/texmf-dist/tex/generic/pgf/math/pgfmathfunctions.base.code.tex) (/usr/local/texlive/2022/texmf-dist/tex/generic/pgf/math/pgfmathfunctions.round.code.tex) (/usr/local/texlive/2022/texmf-dist/tex/generic/pgf/math/pgfmathfunctions.misc.code.tex) (/usr/local/texlive/2022/texmf-dist/tex/generic/pgf/math/pgfmathfunctions.integerarithmetics.code.tex))) (/usr/local/texlive/2022/texmf-dist/tex/generic/pgf/math/pgfmathfloat.code.tex
\c@pgfmathroundto@lastzeros=\count281
))) (/usr/local/texlive/2022/texmf-dist/tex/latex/base/size10.clo
File: size10.clo 2021/10/04 v1.4n Standard LaTeX file (size option)
) (/usr/local/texlive/2022/texmf-dist/tex/latex/pgf/basiclayer/pgfcore.sty (/usr/local/texlive/2022/texmf-dist/tex/latex/graphics/graphicx.sty
Package: graphicx 2021/09/16 v1.2d Enhanced LaTeX Graphics (DPC,SPQR)
 (/usr/local/texlive/2022/texmf-dist/tex/latex/graphics/graphics.sty
Package: graphics 2022/03/10 v1.4e Standard LaTeX Graphics (DPC,SPQR)
 (/usr/local/texlive/2022/texmf-dist/tex/latex/graphics/trig.sty
Package: trig 2021/08/11 v1.11 sin cos tan (DPC)
) (/usr/local/texlive/2022/texmf-dist/tex/latex/graphics-cfg/graphics.cfg
File: graphics.cfg 2016/06/04 v1.11 sample graphics configuration
)
Package graphics Info: Driver file: xetex.def on input line 107.
 (/usr/local/texlive/2022/texmf-dist/tex/latex/graphics-def/xetex.def
File: xetex.def 2022/04/16 v5.0m Graphics/color driver for xetex
))
\Gin@req@height=\dimen173
\Gin@req@width=\dimen174
) (/usr/local/texlive/2022/texmf-dist/tex/latex/pgf/systemlayer/pgfsys.sty (/usr/local/texlive/2022/texmf-dist/tex/generic/pgf/systemlayer/pgfsys.code.tex
Package: pgfsys 2021/05/15 v3.1.9a (3.1.9a)
 (/usr/local/texlive/2022/texmf-dist/tex/generic/pgf/utilities/pgfkeys.code.tex)
\pgf@x=\dimen175
\pgf@y=\dimen176
\pgf@xa=\dimen177
\pgf@ya=\dimen178
\pgf@xb=\dimen179
\pgf@yb=\dimen180
\pgf@xc=\dimen181
\pgf@yc=\dimen182
\pgf@xd=\dimen183
\pgf@yd=\dimen184
\w@pgf@writea=\write3
\r@pgf@reada=\read2
\c@pgf@counta=\count282
\c@pgf@countb=\count283
\c@pgf@countc=\count284
\c@pgf@countd=\count285
\t@pgf@toka=\toks25
\t@pgf@tokb=\toks26
\t@pgf@tokc=\toks27
\pgf@sys@id@count=\count286
 (/usr/local/texlive/2022/texmf-dist/tex/generic/pgf/systemlayer/pgf.cfg
File: pgf.cfg 2021/05/15 v3.1.9a (3.1.9a)
)
Driver file for pgf: pgfsys-xetex.def
 (/usr/local/texlive/2022/texmf-dist/tex/generic/pgf/systemlayer/pgfsys-xetex.def
File: pgfsys-xetex.def 2021/05/15 v3.1.9a (3.1.9a)
 (/usr/local/texlive/2022/texmf-dist/tex/generic/pgf/systemlayer/pgfsys-dvipdfmx.def
File: pgfsys-dvipdfmx.def 2021/05/15 v3.1.9a (3.1.9a)
 (/usr/local/texlive/2022/texmf-dist/tex/generic/pgf/systemlayer/pgfsys-common-pdf.def
File: pgfsys-common-pdf.def 2021/05/15 v3.1.9a (3.1.9a)
)
\pgfsys@objnum=\count287
))) (/usr/local/texlive/2022/texmf-dist/tex/generic/pgf/systemlayer/pgfsyssoftpath.code.tex
File: pgfsyssoftpath.code.tex 2021/05/15 v3.1.9a (3.1.9a)
\pgfsyssoftpath@smallbuffer@items=\count288
\pgfsyssoftpath@bigbuffer@items=\count289
) (/usr/local/texlive/2022/texmf-dist/tex/generic/pgf/systemlayer/pgfsysprotocol.code.tex
File: pgfsysprotocol.code.tex 2021/05/15 v3.1.9a (3.1.9a)
)) (/usr/local/texlive/2022/texmf-dist/tex/latex/xcolor/xcolor.sty
Package: xcolor 2022/06/12 v2.14 LaTeX color extensions (UK)
 (/usr/local/texlive/2022/texmf-dist/tex/latex/graphics-cfg/color.cfg
File: color.cfg 2016/01/02 v1.6 sample color configuration
)
Package xcolor Info: Driver file: xetex.def on input line 227.
 (/usr/local/texlive/2022/texmf-dist/tex/latex/graphics/mathcolor.ltx)
Package xcolor Info: Model `cmy' substituted by `cmy0' on input line 1353.
Package xcolor Info: Model `RGB' extended on input line 1369.
Package xcolor Info: Model `HTML' substituted by `rgb' on input line 1371.
Package xcolor Info: Model `Hsb' substituted by `hsb' on input line 1372.
Package xcolor Info: Model `tHsb' substituted by `hsb' on input line 1373.
Package xcolor Info: Model `HSB' substituted by `hsb' on input line 1374.
Package xcolor Info: Model `Gray' substituted by `gray' on input line 1375.
Package xcolor Info: Model `wave' substituted by `hsb' on input line 1376.
)
(/usr/local/texlive/2022/texmf-dist/tex/generic/pgf/basiclayer/pgfcore.code.tex
Package: pgfcore 2021/05/15 v3.1.9a (3.1.9a)
 (/usr/local/texlive/2022/texmf-dist/tex/generic/pgf/math/pgfmath.code.tex) (/usr/local/texlive/2022/texmf-dist/tex/generic/pgf/math/pgfint.code.tex) (/usr/local/texlive/2022/texmf-dist/tex/generic/pgf/basiclayer/pgfcorepoints.code.tex
File: pgfcorepoints.code.tex 2021/05/15 v3.1.9a (3.1.9a)
\pgf@picminx=\dimen185
\pgf@picmaxx=\dimen186
\pgf@picminy=\dimen187
\pgf@picmaxy=\dimen188
\pgf@pathminx=\dimen189
\pgf@pathmaxx=\dimen190
\pgf@pathminy=\dimen191
\pgf@pathmaxy=\dimen192
\pgf@xx=\dimen193
\pgf@xy=\dimen194
\pgf@yx=\dimen195
\pgf@yy=\dimen196
\pgf@zx=\dimen197
\pgf@zy=\dimen198
) (/usr/local/texlive/2022/texmf-dist/tex/generic/pgf/basiclayer/pgfcorepathconstruct.code.tex
File: pgfcorepathconstruct.code.tex 2021/05/15 v3.1.9a (3.1.9a)
\pgf@path@lastx=\dimen199
\pgf@path@lasty=\dimen256
) (/usr/local/texlive/2022/texmf-dist/tex/generic/pgf/basiclayer/pgfcorepathusage.code.tex
File: pgfcorepathusage.code.tex 2021/05/15 v3.1.9a (3.1.9a)
\pgf@shorten@end@additional=\dimen257
\pgf@shorten@start@additional=\dimen258
) (/usr/local/texlive/2022/texmf-dist/tex/generic/pgf/basiclayer/pgfcorescopes.code.tex
File: pgfcorescopes.code.tex 2021/05/15 v3.1.9a (3.1.9a)
\pgfpic=\box62
\pgf@hbox=\box63
\pgf@layerbox@main=\box64
\pgf@picture@serial@count=\count290
) (/usr/local/texlive/2022/texmf-dist/tex/generic/pgf/basiclayer/pgfcoregraphicstate.code.tex
File: pgfcoregraphicstate.code.tex 2021/05/15 v3.1.9a (3.1.9a)
\pgflinewidth=\dimen259
) (/usr/local/texlive/2022/texmf-dist/tex/generic/pgf/basiclayer/pgfcoretransformations.code.tex
File: pgfcoretransformations.code.tex 2021/05/15 v3.1.9a (3.1.9a)
\pgf@pt@x=\dimen260
\pgf@pt@y=\dimen261
\pgf@pt@temp=\dimen262
) (/usr/local/texlive/2022/texmf-dist/tex/generic/pgf/basiclayer/pgfcorequick.code.tex
File: pgfcorequick.code.tex 2021/05/15 v3.1.9a (3.1.9a)
) (/usr/local/texlive/2022/texmf-dist/tex/generic/pgf/basiclayer/pgfcoreobjects.code.tex
File: pgfcoreobjects.code.tex 2021/05/15 v3.1.9a (3.1.9a)
) (/usr/local/texlive/2022/texmf-dist/tex/generic/pgf/basiclayer/pgfcorepathprocessing.code.tex
File: pgfcorepathprocessing.code.tex 2021/05/15 v3.1.9a (3.1.9a)
) (/usr/local/texlive/2022/texmf-dist/tex/generic/pgf/basiclayer/pgfcorearrows.code.tex
File: pgfcorearrows.code.tex 2021/05/15 v3.1.9a (3.1.9a)
\pgfarrowsep=\dimen263
) (/usr/local/texlive/2022/texmf-dist/tex/generic/pgf/basiclayer/pgfcoreshade.code.tex
File: pgfcoreshade.code.tex 2021/05/15 v3.1.9a (3.1.9a)
\pgf@max=\dimen264
\pgf@sys@shading@range@num=\count291
\pgf@shadingcount=\count292
) (/usr/local/texlive/2022/texmf-dist/tex/generic/pgf/basiclayer/pgfcoreimage.code.tex
File: pgfcoreimage.code.tex 2021/05/15 v3.1.9a (3.1.9a)
 (/usr/local/texlive/2022/texmf-dist/tex/generic/pgf/basiclayer/pgfcoreexternal.code.tex
File: pgfcoreexternal.code.tex 2021/05/15 v3.1.9a (3.1.9a)
\pgfexternal@startupbox=\box65
)) (/usr/local/texlive/2022/texmf-dist/tex/generic/pgf/basiclayer/pgfcorelayers.code.tex
File: pgfcorelayers.code.tex 2021/05/15 v3.1.9a (3.1.9a)
) (/usr/local/texlive/2022/texmf-dist/tex/generic/pgf/basiclayer/pgfcoretransparency.code.tex
File: pgfcoretransparency.code.tex 2021/05/15 v3.1.9a (3.1.9a)
) (/usr/local/texlive/2022/texmf-dist/tex/generic/pgf/basiclayer/pgfcorepatterns.code.tex
File: pgfcorepatterns.code.tex 2021/05/15 v3.1.9a (3.1.9a)
) (/usr/local/texlive/2022/texmf-dist/tex/generic/pgf/basiclayer/pgfcorerdf.code.tex
File: pgfcorerdf.code.tex 2021/05/15 v3.1.9a (3.1.9a)
))) (/usr/local/texlive/2022/texmf-dist/tex/latex/pgf/utilities/xxcolor.sty
Package: xxcolor 2003/10/24 ver 0.1
\XC@nummixins=\count293
\XC@countmixins=\count294
) (/usr/local/texlive/2022/texmf-dist/tex/latex/base/atbegshi-ltx.sty
Package: atbegshi-ltx 2021/01/10 v1.0c Emulation of the original atbegshi
package with kernel methods
) (/usr/local/texlive/2022/texmf-dist/tex/latex/hyperref/hyperref.sty
Package: hyperref 2022-06-20 v7.00s Hypertext links for LaTeX
 (/usr/local/texlive/2022/texmf-dist/tex/generic/ltxcmds/ltxcmds.sty
Package: ltxcmds 2020-05-10 v1.25 LaTeX kernel commands for general use (HO)
)
(/usr/local/texlive/2022/texmf-dist/tex/generic/pdftexcmds/pdftexcmds.sty
Package: pdftexcmds 2020-06-27 v0.33 Utility functions of pdfTeX for LuaTeX (HO)
 (/usr/local/texlive/2022/texmf-dist/tex/generic/infwarerr/infwarerr.sty
Package: infwarerr 2019/12/03 v1.5 Providing info/warning/error messages (HO)
)
Package pdftexcmds Info: \pdf@primitive is available.
Package pdftexcmds Info: \pdf@ifprimitive is available.
Package pdftexcmds Info: \pdfdraftmode not found.
) (/usr/local/texlive/2022/texmf-dist/tex/generic/kvsetkeys/kvsetkeys.sty
Package: kvsetkeys 2019/12/15 v1.18 Key value parser (HO)
) (/usr/local/texlive/2022/texmf-dist/tex/generic/kvdefinekeys/kvdefinekeys.sty
Package: kvdefinekeys 2019-12-19 v1.6 Define keys (HO)
) (/usr/local/texlive/2022/texmf-dist/tex/generic/pdfescape/pdfescape.sty
Package: pdfescape 2019/12/09 v1.15 Implements pdfTeX's escape features (HO)
) (/usr/local/texlive/2022/texmf-dist/tex/latex/hycolor/hycolor.sty
Package: hycolor 2020-01-27 v1.10 Color options for hyperref/bookmark (HO)
) (/usr/local/texlive/2022/texmf-dist/tex/latex/letltxmacro/letltxmacro.sty
Package: letltxmacro 2019/12/03 v1.6 Let assignment for LaTeX macros (HO)
) (/usr/local/texlive/2022/texmf-dist/tex/latex/auxhook/auxhook.sty
Package: auxhook 2019-12-17 v1.6 Hooks for auxiliary files (HO)
) (/usr/local/texlive/2022/texmf-dist/tex/latex/hyperref/nameref.sty
Package: nameref 2022-05-17 v2.50 Cross-referencing by name of section
 (/usr/local/texlive/2022/texmf-dist/tex/latex/refcount/refcount.sty
Package: refcount 2019/12/15 v3.6 Data extraction from label references (HO)
) (/usr/local/texlive/2022/texmf-dist/tex/generic/gettitlestring/gettitlestring.sty
Package: gettitlestring 2019/12/15 v1.6 Cleanup title references (HO)
 (/usr/local/texlive/2022/texmf-dist/tex/latex/kvoptions/kvoptions.sty
Package: kvoptions 2022-06-15 v3.15 Key value format for package options (HO)
))
\c@section@level=\count295
)
\@linkdim=\dimen265
\Hy@linkcounter=\count296
\Hy@pagecounter=\count297
 (/usr/local/texlive/2022/texmf-dist/tex/latex/hyperref/pd1enc.def
File: pd1enc.def 2022-06-20 v7.00s Hyperref: PDFDocEncoding definition (HO)
) (/usr/local/texlive/2022/texmf-dist/tex/generic/intcalc/intcalc.sty
Package: intcalc 2019/12/15 v1.3 Expandable calculations with integers (HO)
) (/usr/local/texlive/2022/texmf-dist/tex/generic/etexcmds/etexcmds.sty
Package: etexcmds 2019/12/15 v1.7 Avoid name clashes with e-TeX commands (HO)
)
\Hy@SavedSpaceFactor=\count298
 (/usr/local/texlive/2022/texmf-dist/tex/latex/hyperref/puenc.def
File: puenc.def 2022-06-20 v7.00s Hyperref: PDF Unicode definition (HO)
)
Package hyperref Info: Option `bookmarks' set `true' on input line 4045.
Package hyperref Info: Option `bookmarksopen' set `true' on input line 4045.
Package hyperref Info: Option `implicit' set `false' on input line 4045.
Package hyperref Info: Hyper figures OFF on input line 4162.
Package hyperref Info: Link nesting OFF on input line 4167.
Package hyperref Info: Hyper index ON on input line 4170.
Package hyperref Info: Plain pages OFF on input line 4177.
Package hyperref Info: Backreferencing OFF on input line 4182.
Package hyperref Info: Implicit mode OFF; no redefinition of LaTeX internals.
Package hyperref Info: Bookmarks ON on input line 4408.
\c@Hy@tempcnt=\count299
 (/usr/local/texlive/2022/texmf-dist/tex/latex/url/url.sty
\Urlmuskip=\muskip16
Package: url 2013/09/16  ver 3.4  Verb mode for urls, etc.
)
LaTeX Info: Redefining \url on input line 4746.
\XeTeXLinkMargin=\dimen266
 (/usr/local/texlive/2022/texmf-dist/tex/generic/bitset/bitset.sty
Package: bitset 2019/12/09 v1.3 Handle bit-vector datatype (HO)
 (/usr/local/texlive/2022/texmf-dist/tex/generic/bigintcalc/bigintcalc.sty
Package: bigintcalc 2019/12/15 v1.5 Expandable calculations on big integers (HO)
))
\Fld@menulength=\count300
\Field@Width=\dimen267
\Fld@charsize=\dimen268
Package hyperref Info: Hyper figures OFF on input line 6024.
Package hyperref Info: Link nesting OFF on input line 6029.
Package hyperref Info: Hyper index ON on input line 6032.
Package hyperref Info: backreferencing OFF on input line 6039.
Package hyperref Info: Link coloring OFF on input line 6044.
Package hyperref Info: Link coloring with OCG OFF on input line 6049.
Package hyperref Info: PDF/A mode OFF on input line 6054.
\Hy@abspage=\count301


Package hyperref Message: Stopped early.

)
Package hyperref Info: Driver (autodetected): hxetex.
 (/usr/local/texlive/2022/texmf-dist/tex/latex/hyperref/hxetex.def
File: hxetex.def 2022-06-20 v7.00s Hyperref driver for XeTeX
 (/usr/local/texlive/2022/texmf-dist/tex/generic/stringenc/stringenc.sty
Package: stringenc 2019/11/29 v1.12 Convert strings between diff. encodings (HO)
)
\pdfm@box=\box66
\c@Hy@AnnotLevel=\count302
\HyField@AnnotCount=\count303
\Fld@listcount=\count304
\c@bookmark@seq@number=\count305
 (/usr/local/texlive/2022/texmf-dist/tex/latex/rerunfilecheck/rerunfilecheck.sty
Package: rerunfilecheck 2022-07-10 v1.10 Rerun checks for auxiliary files (HO)
 (/usr/local/texlive/2022/texmf-dist/tex/latex/base/atveryend-ltx.sty
Package: atveryend-ltx 2020/08/19 v1.0a Emulation of the original atveryend package
with kernel methods
) (/usr/local/texlive/2022/texmf-dist/tex/generic/uniquecounter/uniquecounter.sty
Package: uniquecounter 2019/12/15 v1.4 Provide unlimited unique counter (HO)
)
Package uniquecounter Info: New unique counter `rerunfilecheck' on input line 285.
)) (/usr/local/texlive/2022/texmf-dist/tex/latex/beamer/beamerbaserequires.sty (/usr/local/texlive/2022/texmf-dist/tex/latex/beamer/beamerbasecompatibility.sty) (/usr/local/texlive/2022/texmf-dist/tex/latex/beamer/beamerbasefont.sty (/usr/local/texlive/2022/texmf-dist/tex/latex/amsfonts/amssymb.sty
Package: amssymb 2013/01/14 v3.01 AMS font symbols
 (/usr/local/texlive/2022/texmf-dist/tex/latex/amsfonts/amsfonts.sty
Package: amsfonts 2013/01/14 v3.01 Basic AMSFonts support
\@emptytoks=\toks28
\symAMSa=\mathgroup4
\symAMSb=\mathgroup5
LaTeX Font Info:    Redeclaring math symbol \hbar on input line 98.
LaTeX Font Info:    Overwriting math alphabet `\mathfrak' in version `bold'
(Font)                  U/euf/m/n --> U/euf/b/n on input line 106.
)) (/usr/local/texlive/2022/texmf-dist/tex/latex/sansmathaccent/sansmathaccent.sty
Package: sansmathaccent 2020/01/31
 (/usr/local/texlive/2022/texmf-dist/tex/latex/koma-script/scrlfile.sty
Package: scrlfile 2022/07/04 v3.37 KOMA-Script package (file load hooks)
 (/usr/local/texlive/2022/texmf-dist/tex/latex/koma-script/scrlfile-hook.sty
Package: scrlfile-hook 2022/07/04 v3.37 KOMA-Script package (using LaTeX hooks)
 (/usr/local/texlive/2022/texmf-dist/tex/latex/koma-script/scrlogo.sty
Package: scrlogo 2022/07/04 v3.37 KOMA-Script package (logo)
))))) (/usr/local/texlive/2022/texmf-dist/tex/latex/beamer/beamerbasetranslator.sty (/usr/local/texlive/2022/texmf-dist/tex/latex/translator/translator.sty
Package: translator 2021-05-31 v1.12d Easy translation of strings in LaTeX
)) (/usr/local/texlive/2022/texmf-dist/tex/latex/beamer/beamerbasemisc.sty) (/usr/local/texlive/2022/texmf-dist/tex/latex/beamer/beamerbasetwoscreens.sty) (/usr/local/texlive/2022/texmf-dist/tex/latex/beamer/beamerbaseoverlay.sty
\beamer@argscount=\count306
\beamer@lastskipcover=\skip50
\beamer@trivlistdepth=\count307
) (/usr/local/texlive/2022/texmf-dist/tex/latex/beamer/beamerbasetitle.sty) (/usr/local/texlive/2022/texmf-dist/tex/latex/beamer/beamerbasesection.sty
\c@lecture=\count308
\c@part=\count309
\c@section=\count310
\c@subsection=\count311
\c@subsubsection=\count312
) (/usr/local/texlive/2022/texmf-dist/tex/latex/beamer/beamerbaseframe.sty
\beamer@framebox=\box67
\beamer@frametitlebox=\box68
\beamer@zoombox=\box69
\beamer@zoomcount=\count313
\beamer@zoomframecount=\count314
\beamer@frametextheight=\dimen269
\c@subsectionslide=\count315
\beamer@frametopskip=\skip51
\beamer@framebottomskip=\skip52
\beamer@frametopskipautobreak=\skip53
\beamer@framebottomskipautobreak=\skip54
\beamer@envbody=\toks29
\framewidth=\dimen270
\c@framenumber=\count316
) (/usr/local/texlive/2022/texmf-dist/tex/latex/beamer/beamerbaseverbatim.sty
\beamer@verbatimfileout=\write4
) (/usr/local/texlive/2022/texmf-dist/tex/latex/beamer/beamerbaseframesize.sty
\beamer@splitbox=\box70
\beamer@autobreakcount=\count317
\beamer@autobreaklastheight=\dimen271
\beamer@frametitletoks=\toks30
\beamer@framesubtitletoks=\toks31
) (/usr/local/texlive/2022/texmf-dist/tex/latex/beamer/beamerbaseframecomponents.sty
\beamer@footins=\box71
) (/usr/local/texlive/2022/texmf-dist/tex/latex/beamer/beamerbasecolor.sty) (/usr/local/texlive/2022/texmf-dist/tex/latex/beamer/beamerbasenotes.sty
\beamer@frameboxcopy=\box72
)
(/usr/local/texlive/2022/texmf-dist/tex/latex/beamer/beamerbasetoc.sty) (/usr/local/texlive/2022/texmf-dist/tex/latex/beamer/beamerbasetemplates.sty
\beamer@sbttoks=\toks32
 (/usr/local/texlive/2022/texmf-dist/tex/latex/beamer/beamerbaseauxtemplates.sty (/usr/local/texlive/2022/texmf-dist/tex/latex/beamer/beamerbaseboxes.sty
\bmb@box=\box73
\bmb@colorbox=\box74
\bmb@boxwidth=\dimen272
\bmb@boxheight=\dimen273
\bmb@prevheight=\dimen274
\bmb@temp=\dimen275
\bmb@dima=\dimen276
\bmb@dimb=\dimen277
\bmb@prevheight=\dimen278
)
\beamer@blockheadheight=\dimen279
)) (/usr/local/texlive/2022/texmf-dist/tex/latex/beamer/beamerbaselocalstructure.sty (/usr/local/texlive/2022/texmf-dist/tex/latex/tools/enumerate.sty
Package: enumerate 2015/07/23 v3.00 enumerate extensions (DPC)
\@enLab=\toks33
)
\beamer@bibiconwidth=\skip55
\c@figure=\count318
\c@table=\count319
\abovecaptionskip=\skip56
\belowcaptionskip=\skip57
) (/usr/local/texlive/2022/texmf-dist/tex/latex/beamer/beamerbasenavigation.sty
\beamer@section@min@dim=\dimen280
) (/usr/local/texlive/2022/texmf-dist/tex/latex/beamer/beamerbasetheorems.sty (/usr/local/texlive/2022/texmf-dist/tex/latex/amsmath/amsmath.sty
Package: amsmath 2022/04/08 v2.17n AMS math features
\@mathmargin=\skip58

For additional information on amsmath, use the `?' option.
(/usr/local/texlive/2022/texmf-dist/tex/latex/amsmath/amstext.sty
Package: amstext 2021/08/26 v2.01 AMS text
 (/usr/local/texlive/2022/texmf-dist/tex/latex/amsmath/amsgen.sty
File: amsgen.sty 1999/11/30 v2.0 generic functions
\@emptytoks=\toks34
\ex@=\dimen281
)) (/usr/local/texlive/2022/texmf-dist/tex/latex/amsmath/amsbsy.sty
Package: amsbsy 1999/11/29 v1.2d Bold Symbols
\pmbraise@=\dimen282
) (/usr/local/texlive/2022/texmf-dist/tex/latex/amsmath/amsopn.sty
Package: amsopn 2022/04/08 v2.04 operator names
)
\inf@bad=\count320
LaTeX Info: Redefining \frac on input line 234.
\uproot@=\count321
\leftroot@=\count322
LaTeX Info: Redefining \overline on input line 399.
LaTeX Info: Redefining \colon on input line 410.
\classnum@=\count323
\DOTSCASE@=\count324
LaTeX Info: Redefining \ldots on input line 496.
LaTeX Info: Redefining \dots on input line 499.
LaTeX Info: Redefining \cdots on input line 620.
\Mathstrutbox@=\box75
\strutbox@=\box76
LaTeX Info: Redefining \big on input line 722.
LaTeX Info: Redefining \Big on input line 723.
LaTeX Info: Redefining \bigg on input line 724.
LaTeX Info: Redefining \Bigg on input line 725.
\big@size=\dimen283
LaTeX Font Info:    Redeclaring font encoding OML on input line 743.
LaTeX Font Info:    Redeclaring font encoding OMS on input line 744.
\macc@depth=\count325
LaTeX Info: Redefining \bmod on input line 905.
LaTeX Info: Redefining \pmod on input line 910.
LaTeX Info: Redefining \smash on input line 940.
LaTeX Info: Redefining \relbar on input line 970.
LaTeX Info: Redefining \Relbar on input line 971.
\c@MaxMatrixCols=\count326
\dotsspace@=\muskip17
\c@parentequation=\count327
\dspbrk@lvl=\count328
\tag@help=\toks35
\row@=\count329
\column@=\count330
\maxfields@=\count331
\andhelp@=\toks36
\eqnshift@=\dimen284
\alignsep@=\dimen285
\tagshift@=\dimen286
\tagwidth@=\dimen287
\totwidth@=\dimen288
\lineht@=\dimen289
\@envbody=\toks37
\multlinegap=\skip59
\multlinetaggap=\skip60
\mathdisplay@stack=\toks38
LaTeX Info: Redefining \[ on input line 2953.
LaTeX Info: Redefining \] on input line 2954.
) (/usr/local/texlive/2022/texmf-dist/tex/latex/amscls/amsthm.sty
Package: amsthm 2020/05/29 v2.20.6
\thm@style=\toks39
\thm@bodyfont=\toks40
\thm@headfont=\toks41
\thm@notefont=\toks42
\thm@headpunct=\toks43
\thm@preskip=\skip61
\thm@postskip=\skip62
\thm@headsep=\skip63
\dth@everypar=\toks44
)
\c@theorem=\count332
) (/usr/local/texlive/2022/texmf-dist/tex/latex/beamer/beamerbasethemes.sty)) (/usr/local/texlive/2022/texmf-dist/tex/latex/beamer/beamerthemedefault.sty (/usr/local/texlive/2022/texmf-dist/tex/latex/beamer/beamerfontthemedefault.sty) (/usr/local/texlive/2022/texmf-dist/tex/latex/beamer/beamercolorthemedefault.sty) (/usr/local/texlive/2022/texmf-dist/tex/latex/beamer/beamerinnerthemedefault.sty
\beamer@dima=\dimen290
\beamer@dimb=\dimen291
) (/usr/local/texlive/2022/texmf-dist/tex/latex/beamer/beamerouterthemedefault.sty)))

LaTeX Warning: \include should only be used after \begin{document} on input line 14.

(./meus_pacotes.tex (/usr/local/texlive/2022/texmf-dist/tex/generic/babel/babel.sty
Package: babel 2022/09/17 3.80 The Babel package
\babel@savecnt=\count333
\U@D=\dimen292
\l@unhyphenated=\language87
 (/usr/local/texlive/2022/texmf-dist/tex/generic/babel/xebabel.def (/usr/local/texlive/2022/texmf-dist/tex/generic/babel/txtbabel.def))
\bbl@readstream=\read3
LaTeX Info: Redefining \textlatin on input line 4114.
\bbl@dirlevel=\count334
 (/usr/local/texlive/2022/texmf-dist/tex/generic/babel-portuges/brazilian.ldf
Language: portuges 2021/07/09 v1.2t Portuguese support from the babel system
Package babel Info: Hyphen rules for 'brazilian' set to \l@portuguese
(babel)             (\language70). Reported on input line 111.
Package babel Info: Making " an active character on input line 143.
)) (/usr/local/texlive/2022/texmf-dist/tex/generic/babel/locale/pt/babel-brazilian.tex
Package babel Info: Importing font and identification data for brazilian
(babel)             from babel-pt-BR.ini. Reported on input line 11.
) (/usr/local/texlive/2022/texmf-dist/tex/latex/psnfss/times.sty
Package: times 2020/03/25 PSNFSS-v9.3 (SPQR) 
) (/usr/local/texlive/2022/texmf-dist/tex/latex/fontspec/fontspec.sty (/usr/local/texlive/2022/texmf-dist/tex/latex/l3packages/xparse/xparse.sty (/usr/local/texlive/2022/texmf-dist/tex/latex/l3kernel/expl3.sty
Package: expl3 2022-08-30 L3 programming layer (loader) 
 (/usr/local/texlive/2022/texmf-dist/tex/latex/l3backend/l3backend-xetex.def
File: l3backend-xetex.def 2022-08-30 L3 backend support: XeTeX
\g__graphics_track_int=\count335
\l__pdf_internal_box=\box77
\g__pdf_backend_object_int=\count336
\g__pdf_backend_annotation_int=\count337
\g__pdf_backend_link_int=\count338
))
Package: xparse 2022-06-22 L3 Experimental document command parser
)
Package: fontspec 2022/01/15 v2.8a Font selection for XeLaTeX and LuaLaTeX
 (/usr/local/texlive/2022/texmf-dist/tex/latex/fontspec/fontspec-xetex.sty
Package: fontspec-xetex 2022/01/15 v2.8a Font selection for XeLaTeX and LuaLaTeX
\l__fontspec_script_int=\count339
\l__fontspec_language_int=\count340
\l__fontspec_strnum_int=\count341
\l__fontspec_tmp_int=\count342
\l__fontspec_tmpa_int=\count343
\l__fontspec_tmpb_int=\count344
\l__fontspec_tmpc_int=\count345
\l__fontspec_em_int=\count346
\l__fontspec_emdef_int=\count347
\l__fontspec_strong_int=\count348
\l__fontspec_strongdef_int=\count349
\l__fontspec_tmpa_dim=\dimen293
\l__fontspec_tmpb_dim=\dimen294
\l__fontspec_tmpc_dim=\dimen295
 (/usr/local/texlive/2022/texmf-dist/tex/latex/base/fontenc.sty
Package: fontenc 2021/04/29 v2.0v Standard LaTeX package
) (/usr/local/texlive/2022/texmf-dist/tex/latex/fontspec/fontspec.cfg))) (/usr/local/texlive/2022/texmf-dist/tex/latex/subfigure/subfigure.sty
Package: subfigure 2002/03/15 v2.1.5 subfigure package
\subfigtopskip=\skip64
\subfigcapskip=\skip65
\subfigcaptopadj=\dimen296
\subfigbottomskip=\skip66
\subfigcapmargin=\dimen297
\subfiglabelskip=\skip67
\c@subfigure=\count350
\c@lofdepth=\count351
\c@subtable=\count352
\c@lotdepth=\count353

****************************************
* Local config file subfigure.cfg used *
****************************************
(/usr/local/texlive/2022/texmf-dist/tex/latex/subfigure/subfigure.cfg)
\subfig@top=\skip68
\subfig@bottom=\skip69
) (/usr/local/texlive/2022/texmf-dist/tex/latex/tools/tabularx.sty
Package: tabularx 2020/01/15 v2.11c `tabularx' package (DPC)
 (/usr/local/texlive/2022/texmf-dist/tex/latex/tools/array.sty
Package: array 2022/03/10 v2.5f Tabular extension package (FMi)
\col@sep=\dimen298
\ar@mcellbox=\box78
\extrarowheight=\dimen299
\NC@list=\toks45
\extratabsurround=\skip70
\backup@length=\skip71
\ar@cellbox=\box79
)
\TX@col@width=\dimen300
\TX@old@table=\dimen301
\TX@old@col=\dimen302
\TX@target=\dimen303
\TX@delta=\dimen304
\TX@cols=\count354
\TX@ftn=\toks46
) (/usr/local/texlive/2022/texmf-dist/tex/latex/booktabs/booktabs.sty
Package: booktabs 2020/01/12 v1.61803398 Publication quality tables
\heavyrulewidth=\dimen305
\lightrulewidth=\dimen306
\cmidrulewidth=\dimen307
\belowrulesep=\dimen308
\belowbottomsep=\dimen309
\aboverulesep=\dimen310
\abovetopsep=\dimen311
\cmidrulesep=\dimen312
\cmidrulekern=\dimen313
\defaultaddspace=\dimen314
\@cmidla=\count355
\@cmidlb=\count356
\@aboverulesep=\dimen315
\@belowrulesep=\dimen316
\@thisruleclass=\count357
\@lastruleclass=\count358
\@thisrulewidth=\dimen317
) (/usr/local/texlive/2022/texmf-dist/tex/latex/abntex2/abntex2cite.sty
Package: abntex2cite 2018/11/24 v-1.9.7 abnTeX2
 (/usr/local/texlive/2022/texmf-dist/tex/latex/base/ifthen.sty
Package: ifthen 2022/04/13 v1.1d Standard LaTeX ifthen package (DPC)
) (/usr/local/texlive/2022/texmf-dist/tex/latex/tools/calc.sty
Package: calc 2017/05/25 v4.3 Infix arithmetic (KKT,FJ)
\calc@Acount=\count359
\calc@Bcount=\count360
\calc@Adimen=\dimen318
\calc@Bdimen=\dimen319
\calc@Askip=\skip72
\calc@Bskip=\skip73
LaTeX Info: Redefining \setlength on input line 80.
LaTeX Info: Redefining \addtolength on input line 81.
\calc@Ccount=\count361
\calc@Cskip=\skip74
) (/usr/local/texlive/2022/texmf-dist/tex/latex/abntex2/abntex2abrev.sty) (/usr/local/texlive/2022/texmf-dist/tex/latex/setspace/setspace.sty
Package: setspace 2011/12/19 v6.7a set line spacing
)
\bibindent=\skip75
\minimumbiblabelwidth=\skip76
\ABCIauxlen=\skip77
\c@ABCIaux=\count362
\c@ABCImax=\count363
 (/usr/local/texlive/2022/texmf-dist/tex/generic/iftex/ifpdf.sty
Package: ifpdf 2019/10/25 v3.4 ifpdf legacy package. Use iftex instead.
) (/usr/local/texlive/2022/texmf-dist/tex/generic/iftex/ifxetex.sty
Package: ifxetex 2019/10/25 v0.7 ifxetex legacy package. Use iftex instead.
) (/usr/local/texlive/2022/texmf-dist/tex/latex/relsize/relsize.sty
Package: relsize 2013/03/29 ver 4.1
)
\biblabelsep=\skip78
LaTeX Info: Redefining \newblock on input line 591.
LaTeX Info: Redefining \cite on input line 618.
\ABCItoken=\toks47
) (/usr/local/texlive/2022/texmf-dist/tex/latex/natbib/bibentry.sty
Package: bibentry 2007/10/30 1.5 (PWD)
) (/usr/local/texlive/2022/texmf-dist/tex/latex/fontawesome5/fontawesome5.sty
Package: fontawesome5 2022/05/02 v5.15.4 Font Awesome 5
 (/usr/local/texlive/2022/texmf-dist/tex/latex/l3packages/l3keys2e/l3keys2e.sty
Package: l3keys2e 2022-06-22 LaTeX2e option processing using LaTeX3 keys
) (/usr/local/texlive/2022/texmf-dist/tex/latex/fontawesome5/fontawesome5-utex-helper.sty
Package: fontawesome5-utex-helper 2022/05/02 v5.15.4 uTeX helper for fontawesome5
LaTeX Font Info:    Trying to load font information for TU+fontawesomefree on input line 69.
 (/usr/local/texlive/2022/texmf-dist/tex/latex/fontawesome5/tufontawesomefree.fd)
LaTeX Font Info:    Trying to load font information for TU+fontawesomebrands on input line 70.
 (/usr/local/texlive/2022/texmf-dist/tex/latex/fontawesome5/tufontawesomebrands.fd))) (/usr/local/texlive/2022/texmf-dist/tex/latex/tcolorbox/tcolorbox.sty
Package: tcolorbox 2022/06/24 version 5.1.1 text color boxes
 (/usr/local/texlive/2022/texmf-dist/tex/latex/pgf/basiclayer/pgf.sty
Package: pgf 2021/05/15 v3.1.9a (3.1.9a)
 (/usr/local/texlive/2022/texmf-dist/tex/generic/pgf/modules/pgfmoduleshapes.code.tex
File: pgfmoduleshapes.code.tex 2021/05/15 v3.1.9a (3.1.9a)
\pgfnodeparttextbox=\box80
) (/usr/local/texlive/2022/texmf-dist/tex/generic/pgf/modules/pgfmoduleplot.code.tex
File: pgfmoduleplot.code.tex 2021/05/15 v3.1.9a (3.1.9a)
) (/usr/local/texlive/2022/texmf-dist/tex/latex/pgf/compatibility/pgfcomp-version-0-65.sty
Package: pgfcomp-version-0-65 2021/05/15 v3.1.9a (3.1.9a)
\pgf@nodesepstart=\dimen320
\pgf@nodesepend=\dimen321
) (/usr/local/texlive/2022/texmf-dist/tex/latex/pgf/compatibility/pgfcomp-version-1-18.sty
Package: pgfcomp-version-1-18 2021/05/15 v3.1.9a (3.1.9a)
)) (/usr/local/texlive/2022/texmf-dist/tex/latex/tools/verbatim.sty
Package: verbatim 2020-07-07 v1.5u LaTeX2e package for verbatim enhancements
\every@verbatim=\toks48
\verbatim@line=\toks49
\verbatim@in@stream=\read4
) (/usr/local/texlive/2022/texmf-dist/tex/latex/environ/environ.sty
Package: environ 2014/05/04 v0.3 A new way to define environments
 (/usr/local/texlive/2022/texmf-dist/tex/latex/trimspaces/trimspaces.sty
Package: trimspaces 2009/09/17 v1.1 Trim spaces around a token list
))
\tcb@titlebox=\box81
\tcb@upperbox=\box82
\tcb@lowerbox=\box83
\tcb@phantombox=\box84
\c@tcbbreakpart=\count364
\c@tcblayer=\count365
\c@tcolorbox@number=\count366
\tcb@temp=\box85
\tcb@temp=\box86
\tcb@temp=\box87
\tcb@temp=\box88

(/usr/local/texlive/2022/texmf-dist/tex/latex/tcolorbox/tcbskins.code.tex
Library (tcolorbox): 'tcbskins.code.tex' version '5.1.1'
(/usr/local/texlive/2022/texmf-dist/tex/latex/pgf/frontendlayer/tikz.sty (/usr/local/texlive/2022/texmf-dist/tex/latex/pgf/utilities/pgffor.sty (/usr/local/texlive/2022/texmf-dist/tex/generic/pgf/utilities/pgffor.code.tex
Package: pgffor 2021/05/15 v3.1.9a (3.1.9a)
 (/usr/local/texlive/2022/texmf-dist/tex/generic/pgf/math/pgfmath.code.tex)
\pgffor@iter=\dimen322
\pgffor@skip=\dimen323
\pgffor@stack=\toks50
\pgffor@toks=\toks51
)) (/usr/local/texlive/2022/texmf-dist/tex/generic/pgf/frontendlayer/tikz/tikz.code.tex
Package: tikz 2021/05/15 v3.1.9a (3.1.9a)
 (/usr/local/texlive/2022/texmf-dist/tex/generic/pgf/libraries/pgflibraryplothandlers.code.tex
File: pgflibraryplothandlers.code.tex 2021/05/15 v3.1.9a (3.1.9a)
\pgf@plot@mark@count=\count367
\pgfplotmarksize=\dimen324
)
\tikz@lastx=\dimen325
\tikz@lasty=\dimen326
\tikz@lastxsaved=\dimen327
\tikz@lastysaved=\dimen328
\tikz@lastmovetox=\dimen329
\tikz@lastmovetoy=\dimen330
\tikzleveldistance=\dimen331
\tikzsiblingdistance=\dimen332
\tikz@figbox=\box89
\tikz@figbox@bg=\box90
\tikz@tempbox=\box91
\tikz@tempbox@bg=\box92
\tikztreelevel=\count368
\tikznumberofchildren=\count369
\tikznumberofcurrentchild=\count370
\tikz@fig@count=\count371
 (/usr/local/texlive/2022/texmf-dist/tex/generic/pgf/modules/pgfmodulematrix.code.tex
File: pgfmodulematrix.code.tex 2021/05/15 v3.1.9a (3.1.9a)
\pgfmatrixcurrentrow=\count372
\pgfmatrixcurrentcolumn=\count373
\pgf@matrix@numberofcolumns=\count374
)
\tikz@expandcount=\count375
 (/usr/local/texlive/2022/texmf-dist/tex/generic/pgf/frontendlayer/tikz/libraries/tikzlibrarytopaths.code.tex
File: tikzlibrarytopaths.code.tex 2021/05/15 v3.1.9a (3.1.9a)
)))
\tcb@waterbox=\box93
 (/usr/local/texlive/2022/texmf-dist/tex/latex/tcolorbox/tcbskinsjigsaw.code.tex
Library (tcolorbox): 'tcbskinsjigsaw.code.tex' version '5.1.1'
)) (/usr/local/texlive/2022/texmf-dist/tex/latex/tcolorbox/tcbtheorems.code.tex
Library (tcolorbox): 'tcbtheorems.code.tex' version '5.1.1'
)) (/usr/local/texlive/2022/texmf-dist/tex/latex/pstricks/pst-all.sty
Package: pst-all 2008/01/01 the main pstricks tools
 (/usr/local/texlive/2022/texmf-dist/tex/latex/pstricks/pstricks.sty
Package: pstricks 2021/08/23 v0.71 LaTeX wrapper for `PSTricks' (RN,HV)
 (/usr/local/texlive/2022/texmf-dist/tex/generic/xkeyval/pst-xkey.tex
File: pst-xkey.tex 2005/11/25 v1.6 PSTricks specialization of xkeyval (HA)
 (/usr/local/texlive/2022/texmf-dist/tex/latex/xkeyval/xkeyval.sty
Package: xkeyval 2022/06/16 v2.9 package option processing (HA)
 (/usr/local/texlive/2022/texmf-dist/tex/generic/xkeyval/xkeyval.tex (/usr/local/texlive/2022/texmf-dist/tex/generic/xkeyval/xkvutils.tex
\XKV@toks=\toks52
\XKV@tempa@toks=\toks53
)
\XKV@depth=\count376
File: xkeyval.tex 2014/12/03 v2.7a key=value parser (HA)
))) (/usr/local/texlive/2022/texmf-dist/tex/generic/pstricks/pstricks.tex (/usr/local/texlive/2022/texmf-dist/tex/generic/pstricks/pst-fp.tex `pst-fp' v0.06, 2020/11/20 (hv)
\pstFP@xs=\count377
\pstFP@xia=\count378
\pstFP@xib=\count379
\pstFP@xfa=\count380
\pstFP@xfb=\count381
\pstFP@rega=\count382
\pstFP@regb=\count383
\pstFP@regs=\count384
\pstFP@times=\count385
)
\psLoopIndex=\count386

`PSTricks' v3.16  <2022/09/11> (tvz,hv)
\pst@dima=\dimen333
\pst@dimb=\dimen334
\pst@dimc=\dimen335
\pst@dimd=\dimen336
\pst@dimg=\dimen337
\pst@dimh=\dimen338
\pst@dimm=\dimen339
\pst@dimn=\dimen340
\pst@dimo=\dimen341
\pst@dimp=\dimen342
\pst@hbox=\box94
\pst@ibox=\box95
\pst@boxg=\box96
\pst@cnta=\count387
\pst@cntb=\count388
\pst@cntc=\count389
\pst@cntd=\count390
\pst@cntg=\count391
\pst@cnth=\count392
\pst@cntm=\count393
\pst@cntn=\count394
\pst@cnto=\count395
\pst@cntp=\count396
\@zero=\count397
\pst@toks=\toks54
--- We are running latex or xelatex ---
(/usr/local/texlive/2022/texmf-dist/tex/xelatex/xetex-pstricks/pstricks.con (/usr/local/texlive/2022/texmf-dist/tex/generic/pstricks/config/xdvipdfmx.cfg)) (/usr/local/texlive/2022/texmf-dist/tex/generic/pstricks/pstricks-color.tex)
\psunit=\dimen343
\psxunit=\dimen344
\psyunit=\dimen345
\pst@C@@rType=\count398
\pslinewidth=\dimen346
\psk@startLW=\dimen347
\psk@endLW=\dimen348
 (/usr/local/texlive/2022/texmf-dist/tex/generic/pstricks/pstricks-arrows.tex
\pshooklength=\dimen349
\pshookwidth=\dimen350
)
\pst@customdefs=\toks55
 (/usr/local/texlive/2022/texmf-dist/tex/generic/pstricks/pstricks-dots.tex)
\pslinearc=\dimen351
\pst@symbolStep=\dimen352
\pst@symbolWidth=\dimen353
\pst@symbolLinewidth=\dimen354
\everypsbox=\toks56
\psframesep=\dimen355
\pslabelsep=\dimen356
\sh@wgridXunit=\dimen357
\sh@wgridYunit=\dimen358
\pst@shift=\dimen359
\ps@imagectr=\count399
 (/usr/local/texlive/2022/texmf-dist/tex/xelatex/xetex-pstricks/pstricks.con (/usr/local/texlive/2022/texmf-dist/tex/generic/pstricks/config/xdvipdfmx.cfg
Using PSTricks configuration for LaTeX+dvipdfmx
)))
File: pstricks.tex 2022/09/11 v3.16 `PSTricks' (tvz,hv)
 (/usr/local/texlive/2022/texmf-dist/tex/generic/pstricks/pst-fp.tex `pst-fp' v0.06, 2020/11/20 (hv))
File: pst-fp.tex 2020/11/20 v0.06 `PST-fp' (hv)

>>> Loading XeTeX special macros
(/usr/local/texlive/2022/texmf-dist/tex/generic/pstricks/pstricks-xetex.def)) (/usr/local/texlive/2022/texmf-dist/tex/latex/pst-plot/pst-plot.sty
Package: pst-plot 2011/06/05 v1.00 LaTeX wrapper for `pst-plot' (HV)
 (/usr/local/texlive/2022/texmf-dist/tex/latex/xkeyval/pst-xkey.sty
Package: pst-xkey 2005/11/25 v1.6 package wrapper for pst-xkey.tex (HA)
) (/usr/local/texlive/2022/texmf-dist/tex/latex/multido/multido.sty
Package: multido 2004/05/17 package wrapper for PSTricks `multido.tex', (HV/RN)
 (/usr/local/texlive/2022/texmf-dist/tex/generic/multido/multido.tex  v1.42, 2010/05/14 <tvz>
\multido@count=\count400
\multidocount=\count401
\multido@stuff=\toks57
)
File: multido.tex 2010/05/14 v1.42 `multido' (tvz,hv)
)
Package: pst-plot 2021/09/23 package wrapper for pst-plot.tex (hv)
 (/usr/local/texlive/2022/texmf-dist/tex/generic/pst-plot/pst-plot.tex (/usr/local/texlive/2022/texmf-dist/tex/generic/pst-tools/pst-tools.tex `PST-tools' v0.12, 2021/09/23 (hv)
\randomi=\count402
\ranval=\count403
) (/usr/local/texlive/2022/texmf-dist/tex/generic/pstricks-add/pstricks-add.tex (/usr/local/texlive/2022/texmf-dist/tex/generic/pst-node/pst-node.tex  v1.43, 2022/01/31
\psrow=\count404
\pscol=\count405
\psmatrixcnt=\count406
\psrowsep=\skip79
\pscolsep=\skip80
\pst@args=\count407
\num@pts=\count408
\pst@argcnt=\count409
) (/usr/local/texlive/2022/texmf-dist/tex/generic/pst-arrow/pst-arrow.tex `pst-arrow' v0.05, 2021/11/16 (dr,hv)) (/usr/local/texlive/2022/texmf-dist/tex/generic/pst-3d/pst-3d.tex `PST-3d' v1.11, 2010/02/14 (tvz)) (/usr/local/texlive/2022/texmf-dist/tex/generic/pst-math/pst-math.tex `pst-math' v0.64 , (CJ,hv)) `pstricks-add' v3.92, 2021/12/25 (dr,hv)
\psparallelogramsep=\dimen360
\pst@cntC=\count410
\pst@stepcount=\count411
\chart@ColorIndex=\dimen361
\chart@ColorStep=\dimen362
\pst@chartHeight=\dimen363
\pst@chartStackDepth=\dimen364
\pst@chartStackWidth=\dimen365
\chart@Toggle=\count412
\psVectorCtr=\count413
)  v1.93, 2021/09/23 (tvz,hv)
\pstRadUnit=\dimen366
\pstRadUnitInv=\dimen367
\pst@linecnt=\count414
\RCD@file=\read5
\psxlabelsep=\dimen368
\psylabelsep=\dimen369
\psk@subticksize=\dimen370
\pst@xticksizeA=\dimen371
\pst@xticksizeB=\dimen372
\pst@xticksizeC=\dimen373
\pst@yticksizeA=\dimen374
\pst@yticksizeB=\dimen375
\pst@yticksizeC=\dimen376
\@digitcounter=\count415
\psk@llx=\dimen377
\psk@lly=\dimen378
\psk@urx=\dimen379
\psk@ury=\dimen380
\pst@xunit=\dimen381
\pst@yunit=\dimen382
)
File: pst-plot.tex 2021/09/23 1.93 `pst-plot' (tvz,hv)
) (/usr/local/texlive/2022/texmf-dist/tex/latex/pst-node/pst-node.sty
Package: pst-node 2012/09/18 v1.01 LaTeX wrapper for `pst-node' (HV)
Package: pst-node 2010/04/22 package wrapper for pst-node.tex
 (/usr/local/texlive/2022/texmf-dist/tex/generic/pst-node/pst-node.tex)
File: pst-node.tex 2021/09/23 1.93 `pst-node' (tvz,hv)
) (/usr/local/texlive/2022/texmf-dist/tex/latex/pst-tree/pst-tree.sty
Package: pst-tree 2009/01/25 package wrapper for pst-tree.tex
 (/usr/local/texlive/2022/texmf-dist/tex/generic/pst-tree/pst-tree.tex  v1.14, 2021/09/04(tvz,dg,hv)
\pstree@rootbox=\box97
\pstree@box=\box98
\psnodecnt=\count416
\pstreelevel=\count417
\pstreecnt=\count418
\pstree@cnt=\count419
\pstree@stop=\count420
)
File: pst-tree.tex 2021/09/04 1.14 `pst-tree' (tvz,hv)
) (/usr/local/texlive/2022/texmf-dist/tex/latex/pst-grad/pst-grad.sty
Package: pst-grad 2004/07/15 package wrapper for pst-grad.tex (hv)
 (/usr/local/texlive/2022/texmf-dist/tex/generic/pst-grad/pst-grad.tex `pst-grad' v1.06, 2006/11/27 (tvz,dg,hv))
File: pst-grad.tex 2006/11/27 1.06 `pst-grad' (tvz)
) (/usr/local/texlive/2022/texmf-dist/tex/latex/pst-coil/pst-coil.sty
Package: pst-coil 2010/02/01 package wrapper for pst-coil.tex (hv)
 (/usr/local/texlive/2022/texmf-dist/tex/generic/pst-coil/pst-coil.tex  v1.06, 2006/11/27 (/usr/local/texlive/2022/texmf-dist/tex/generic/pst-node/pst-node.tex))
File: pst-coil.tex 2015/05/13 v1.07 `PST-coil' (tvz,hv)
) (/usr/local/texlive/2022/texmf-dist/tex/latex/pst-text/pst-text.sty
Package: pst-text 2018/12/28 package wrapper for pst-text.tex (hv)
 (/usr/local/texlive/2022/texmf-dist/tex/generic/pst-text/pst-text.tex  v1.01, 2018/12/22(tvz,hv))
File: pst-text.tex 2018/12/22 1.01 `pst-text' (tvz)
)
(/usr/local/texlive/2022/texmf-dist/tex/latex/pst-3d/pst-3d.sty
Package: pst-3d 2009/07/28 package wrapper for pst-3d.tex (hv)
 (/usr/local/texlive/2022/texmf-dist/tex/generic/pst-3d/pst-3d.tex)
File: pst-3d.tex 2018/12/22 v1.01 `PST-3d' (hv)
) (/usr/local/texlive/2022/texmf-dist/tex/latex/pst-eps/pst-eps.sty
Package: pst-eps 2005/05/20 package wrapper for pst-eps.tex (hv)
 (/usr/local/texlive/2022/texmf-dist/tex/generic/pst-eps/pst-eps.tex  v1.00, 2006/11/04
\pst@epsout=\write5
\pst@tempout=\write6
)
File: pst-eps.tex 2006/11/04 1.00 `pst-eps' (tvz)
) (/usr/local/texlive/2022/texmf-dist/tex/latex/pst-fill/pst-fill.sty
Package: pst-fill 2010/03/20 package wrapper for pst-fill.tex (hv)
 (/usr/local/texlive/2022/texmf-dist/tex/generic/pst-fill/pst-fill.tex `PST-Fill' v1.02, 2021/10/01 (tvz,dg,hv)
\pst@fillbox=\box99
)
File: pst-fill.tex 2021/10/01 v1.02 `PST-fill' (tvz,dg,hv)
) (/usr/local/texlive/2022/texmf-dist/tex/latex/pstricks-add/pstricks-add.sty (/usr/local/texlive/2022/texmf-dist/tex/latex/pst-math/pst-math.sty
Package: pst-math 2018/12/16 v 0.65 package wrapper for PSTricks pst-math.tex
 (/usr/local/texlive/2022/texmf-dist/tex/latex/pst-calculate/pst-calculate.sty
Package: pst-calculate 2019/01/24 v. 0.02(Herbert Voss) Support for caculations with floating point numbers.
 (/usr/local/texlive/2022/texmf-dist/tex/latex/siunitx/siunitx.sty
Package: siunitx 2022-09-07 v3.1.7 A comprehensive (SI) units package
\l__siunitx_angle_tmp_dim=\dimen383
\l__siunitx_angle_marker_box=\box100
\l__siunitx_angle_unit_box=\box101
\l__siunitx_compound_count_int=\count421
 (/usr/local/texlive/2022/texmf-dist/tex/latex/translations/translations.sty
Package: translations 2022/02/05 v1.12 internationalization of LaTeX2e packages (CN)
)
\l__siunitx_number_exponent_fixed_int=\count422
\l__siunitx_number_min_decimal_int=\count423
\l__siunitx_number_min_integer_int=\count424
\l__siunitx_number_round_precision_int=\count425
\l__siunitx_number_group_first_int=\count426
\l__siunitx_number_group_size_int=\count427
\l__siunitx_number_group_minimum_int=\count428
\l__siunitx_table_tmp_box=\box102
\l__siunitx_table_tmp_dim=\dimen384
\l__siunitx_table_column_width_dim=\dimen385
\l__siunitx_table_integer_box=\box103
\l__siunitx_table_decimal_box=\box104
\l__siunitx_table_before_box=\box105
\l__siunitx_table_after_box=\box106
\l__siunitx_table_before_dim=\dimen386
\l__siunitx_table_carry_dim=\dimen387
\l__siunitx_unit_tmp_int=\count429
\l__siunitx_unit_position_int=\count430
\l__siunitx_unit_total_int=\count431
)) (/usr/local/texlive/2022/texmf-dist/tex/generic/iftex/ifluatex.sty
Package: ifluatex 2019/10/25 v1.5 ifluatex legacy package. Use iftex instead.
) (/usr/local/texlive/2022/texmf-dist/tex/generic/xstring/xstring.sty (/usr/local/texlive/2022/texmf-dist/tex/generic/xstring/xstring.tex
\integerpart=\count432
\decimalpart=\count433
)
Package: xstring 2021/07/21 v1.84 String manipulations (CT)
) (/usr/local/texlive/2022/texmf-dist/tex/generic/pst-math/pst-math.tex)
File: pst-math.tex 2021/10/01 v1.02 `PST-math' (hv)
\c@Rand@No=\count434
\c@Random@Left=\count435
\c@Random@Right=\count436
\c@Random@No@max=\count437
)
Package: pstricks-add 2021/09/10 v. 0.17 package wrapper for pstricks-add.tex (hv)
 (/usr/local/texlive/2022/texmf-dist/tex/generic/pstricks-add/pstricks-add.tex)
File: pstricks-add.tex 2021/10/01 v1.02 `PSTricks-add' (hv)
)) (/usr/local/texlive/2022/texmf-dist/tex/generic/pgf/frontendlayer/tikz/libraries/tikzlibrarydecorations.pathreplacing.code.tex (/usr/local/texlive/2022/texmf-dist/tex/generic/pgf/frontendlayer/tikz/libraries/tikzlibrarydecorations.code.tex (/usr/local/texlive/2022/texmf-dist/tex/generic/pgf/modules/pgfmoduledecorations.code.tex
\pgfdecoratedcompleteddistance=\dimen388
\pgfdecoratedremainingdistance=\dimen389
\pgfdecoratedinputsegmentcompleteddistance=\dimen390
\pgfdecoratedinputsegmentremainingdistance=\dimen391
\pgf@decorate@distancetomove=\dimen392
\pgf@decorate@repeatstate=\count438
\pgfdecorationsegmentamplitude=\dimen393
\pgfdecorationsegmentlength=\dimen394
)
\tikz@lib@dec@box=\box107
) (/usr/local/texlive/2022/texmf-dist/tex/generic/pgf/libraries/decorations/pgflibrarydecorations.pathreplacing.code.tex)) (/usr/local/texlive/2022/texmf-dist/tex/latex/psnfss/pifont.sty
Package: pifont 2020/03/25 PSNFSS-v9.3 Pi font support (SPQR) 
LaTeX Font Info:    Trying to load font information for U+pzd on input line 63.
 (/usr/local/texlive/2022/texmf-dist/tex/latex/psnfss/upzd.fd
File: upzd.fd 2001/06/04 font definitions for U/pzd.
)
LaTeX Font Info:    Trying to load font information for U+psy on input line 64.
 (/usr/local/texlive/2022/texmf-dist/tex/latex/psnfss/upsy.fd
File: upsy.fd 2001/06/04 font definitions for U/psy.
)) (/usr/local/texlive/2022/texmf-dist/tex/generic/pgf/frontendlayer/tikz/libraries/tikzlibrarypositioning.code.tex
File: tikzlibrarypositioning.code.tex 2021/05/15 v3.1.9a (3.1.9a)
)
(/usr/local/texlive/2022/texmf-dist/tex/generic/pgf/frontendlayer/tikz/libraries/tikzlibraryarrows.code.tex
File: tikzlibraryarrows.code.tex 2021/05/15 v3.1.9a (3.1.9a)
 (/usr/local/texlive/2022/texmf-dist/tex/generic/pgf/libraries/pgflibraryarrows.code.tex
File: pgflibraryarrows.code.tex 2021/05/15 v3.1.9a (3.1.9a)
\arrowsize=\dimen395
)) (/usr/local/texlive/2022/texmf-dist/tex/latex/textpos/textpos.sty
Package: textpos 2022/07/23 v1.10.1
Package textpos Info: choosing support for LaTeX3 on input line 60.
\TP@textbox=\box108
\TP@holdbox=\box109
\TPHorizModule=\dimen396
\TPVertModule=\dimen397
\TP@margin=\dimen398
\TP@absmargin=\dimen399

Grid set 16 x 16 = 28.45274pt x 16.00467pt
\TPboxrulesize=\dimen400
\TP@ox=\dimen401
\TP@oy=\dimen402
\TP@tbargs=\toks58
TextBlockOrigin set to 0pt x 0pt
) (/usr/local/texlive/2022/texmf-dist/tex/latex/pgfplots/pgfplots.sty (/usr/local/texlive/2022/texmf-dist/tex/generic/pgfplots/pgfplots.revision.tex)
Package: pgfplots 2021/05/15 v1.18.1 Data Visualization (1.18.1)
 (/usr/local/texlive/2022/texmf-dist/tex/generic/pgfplots/pgfplots.code.tex (/usr/local/texlive/2022/texmf-dist/tex/generic/pgfplots/pgfplotscore.code.tex
\t@pgfplots@toka=\toks59
\t@pgfplots@tokb=\toks60
\t@pgfplots@tokc=\toks61
\pgfplots@tmpa=\dimen403
\c@pgfplots@coordindex=\count439
\c@pgfplots@scanlineindex=\count440
 (/usr/local/texlive/2022/texmf-dist/tex/generic/pgfplots/sys/pgfplotssysgeneric.code.tex)) (/usr/local/texlive/2022/texmf-dist/tex/generic/pgfplots/libs/pgfplotslibrary.code.tex) (/usr/local/texlive/2022/texmf-dist/tex/generic/pgfplots/oldpgfcompatib/pgfplotsoldpgfsupp_loader.code.tex (/usr/local/texlive/2022/texmf-dist/tex/generic/pgf/libraries/pgflibraryfpu.code.tex)) (/usr/local/texlive/2022/texmf-dist/tex/generic/pgfplots/util/pgfplotsutil.code.tex (/usr/local/texlive/2022/texmf-dist/tex/generic/pgfplots/liststructure/pgfplotsliststructure.code.tex) (/usr/local/texlive/2022/texmf-dist/tex/generic/pgfplots/liststructure/pgfplotsliststructureext.code.tex) (/usr/local/texlive/2022/texmf-dist/tex/generic/pgfplots/liststructure/pgfplotsarray.code.tex
\c@pgfplotsarray@tmp=\count441
) (/usr/local/texlive/2022/texmf-dist/tex/generic/pgfplots/liststructure/pgfplotsmatrix.code.tex) (/usr/local/texlive/2022/texmf-dist/tex/generic/pgfplots/numtable/pgfplotstableshared.code.tex
\c@pgfplotstable@counta=\count442
\t@pgfplotstable@a=\toks62
) (/usr/local/texlive/2022/texmf-dist/tex/generic/pgfplots/liststructure/pgfplotsdeque.code.tex) (/usr/local/texlive/2022/texmf-dist/tex/generic/pgfplots/util/pgfplotsbinary.code.tex (/usr/local/texlive/2022/texmf-dist/tex/generic/pgfplots/util/pgfplotsbinary.data.code.tex)) (/usr/local/texlive/2022/texmf-dist/tex/generic/pgfplots/util/pgfplotsutil.verb.code.tex) (/usr/local/texlive/2022/texmf-dist/tex/generic/pgfplots/libs/pgflibrarypgfplots.surfshading.code.tex
\c@pgfplotslibrarysurf@no=\count443
 (/usr/local/texlive/2022/texmf-dist/tex/generic/pgfplots/sys/pgflibrarypgfplots.surfshading.pgfsys-xetex.def (/usr/local/texlive/2022/texmf-dist/tex/generic/pgfplots/sys/pgflibrarypgfplots.surfshading.pgfsys-dvipdfmx.def
\c@pgfplotslibrarysurf@streamlen=\count444
)))) (/usr/local/texlive/2022/texmf-dist/tex/generic/pgfplots/util/pgfplotscolormap.code.tex
(/usr/local/texlive/2022/texmf-dist/tex/generic/pgfplots/util/pgfplotscolor.code.tex)) (/usr/local/texlive/2022/texmf-dist/tex/generic/pgfplots/pgfplotsstackedplots.code.tex) (/usr/local/texlive/2022/texmf-dist/tex/generic/pgfplots/pgfplotsplothandlers.code.tex (/usr/local/texlive/2022/texmf-dist/tex/generic/pgfplots/pgfplotsmeshplothandler.code.tex (/usr/local/texlive/2022/texmf-dist/tex/generic/pgfplots/pgfplotsmeshplotimage.code.tex))) (/usr/local/texlive/2022/texmf-dist/tex/generic/pgfplots/pgfplots.scaling.code.tex) (/usr/local/texlive/2022/texmf-dist/tex/generic/pgfplots/pgfplotscoordprocessing.code.tex) (/usr/local/texlive/2022/texmf-dist/tex/generic/pgfplots/pgfplots.errorbars.code.tex) (/usr/local/texlive/2022/texmf-dist/tex/generic/pgfplots/pgfplots.markers.code.tex) (/usr/local/texlive/2022/texmf-dist/tex/generic/pgfplots/pgfplotsticks.code.tex) (/usr/local/texlive/2022/texmf-dist/tex/generic/pgfplots/pgfplots.paths.code.tex) (/usr/local/texlive/2022/texmf-dist/tex/generic/pgf/frontendlayer/tikz/libraries/tikzlibrarydecorations.pathmorphing.code.tex (/usr/local/texlive/2022/texmf-dist/tex/generic/pgf/libraries/decorations/pgflibrarydecorations.pathmorphing.code.tex)) (/usr/local/texlive/2022/texmf-dist/tex/generic/pgfplots/libs/tikzlibrarypgfplots.contourlua.code.tex)
\pgfplots@numplots=\count445
\pgfplots@xmin@reg=\dimen404
\pgfplots@xmax@reg=\dimen405
\pgfplots@ymin@reg=\dimen406
\pgfplots@ymax@reg=\dimen407
\pgfplots@zmin@reg=\dimen408
\pgfplots@zmax@reg=\dimen409
) (/usr/local/texlive/2022/texmf-dist/tex/generic/pgf/frontendlayer/tikz/libraries/tikzlibraryplotmarks.code.tex
File: tikzlibraryplotmarks.code.tex 2021/05/15 v3.1.9a (3.1.9a)
 (/usr/local/texlive/2022/texmf-dist/tex/generic/pgf/libraries/pgflibraryplotmarks.code.tex
File: pgflibraryplotmarks.code.tex 2021/05/15 v3.1.9a (3.1.9a)
))) (/usr/local/texlive/2022/texmf-dist/tex/latex/base/textcomp.sty
Package: textcomp 2020/02/02 v2.0n Standard LaTeX package
) (/usr/local/texlive/2022/texmf-dist/tex/generic/pgfplots/libs/tikzlibrarypgfplots.dateplot.code.tex (/usr/local/texlive/2022/texmf-dist/tex/latex/pgf/utilities/pgfcalendar.sty (/usr/local/texlive/2022/texmf-dist/tex/generic/pgf/utilities/pgfcalendar.code.tex
File: pgfcalendar.code.tex 2021/05/15 v3.1.9a (3.1.9a)
 (/usr/local/texlive/2022/texmf-dist/tex/generic/pgf/math/pgfint.code.tex)
\pgfcalendarcurrentjulian=\count446
\pgf@cal@easter@Y=\count447
\pgf@cal@easter@G=\count448
\pgf@cal@easter@C=\count449
\pgf@cal@easter@X=\count450
\pgf@cal@easter@Z=\count451
\pgf@cal@easter@D=\count452
\pgf@cal@easter@E=\count453
\pgf@cal@easter@N=\count454
\pgf@cal@easter@M=\count455
\pgf@cal@easter@julianday=\count456
))) (/usr/local/texlive/2022/texmf-dist/tex/generic/pgf/frontendlayer/tikz/libraries/tikzlibraryshapes.geometric.code.tex
File: tikzlibraryshapes.geometric.code.tex 2021/05/15 v3.1.9a (3.1.9a)

(/usr/local/texlive/2022/texmf-dist/tex/generic/pgf/libraries/shapes/pgflibraryshapes.geometric.code.tex
File: pgflibraryshapes.geometric.code.tex 2021/05/15 v3.1.9a (3.1.9a)
)) (/usr/local/texlive/2022/texmf-dist/tex/generic/pgf/frontendlayer/tikz/libraries/tikzlibraryfit.code.tex
File: tikzlibraryfit.code.tex 2021/05/15 v3.1.9a (3.1.9a)
) (/usr/local/texlive/2022/texmf-dist/tex/generic/pgf/frontendlayer/tikz/libraries/tikzlibrarycalc.code.tex
File: tikzlibrarycalc.code.tex 2021/05/15 v3.1.9a (3.1.9a)
) (/usr/local/texlive/2022/texmf-dist/tex/generic/pgf/frontendlayer/tikz/libraries/tikzlibrarypatterns.code.tex
File: tikzlibrarypatterns.code.tex 2021/05/15 v3.1.9a (3.1.9a)
 (/usr/local/texlive/2022/texmf-dist/tex/generic/pgf/libraries/pgflibrarypatterns.code.tex
File: pgflibrarypatterns.code.tex 2021/05/15 v3.1.9a (3.1.9a)
)) (/usr/local/texlive/2022/texmf-dist/tex/latex/aobs-tikz/tikzlibraryoverlay-beamer-styles.code.tex) (/usr/local/texlive/2022/texmf-dist/tex/latex/standalone/standalone.sty
Package: standalone 2018/03/26 v1.3a Package to include TeX sub-files with preambles
 (/usr/local/texlive/2022/texmf-dist/tex/latex/tools/shellesc.sty
Package: shellesc 2019/11/08 v1.0c unified shell escape interface for LaTeX
Package shellesc Info: Unrestricted shell escape enabled on input line 75.
) (/usr/local/texlive/2022/texmf-dist/tex/latex/currfile/currfile.sty
Package: currfile 2020/09/29 v0.7d Provides the file path elements of the current input file
 (/usr/local/texlive/2022/texmf-dist/tex/latex/filehook/filehook.sty
Package: filehook 2020/09/29 v0.8a Hooks for input files
 (/usr/local/texlive/2022/texmf-dist/tex/latex/filehook/filehook-2020.sty
Package: filehook-2020 2020/09/29 v0.8a Hooks for input files
))
\c@currfiledepth=\count457
) (/usr/local/texlive/2022/texmf-dist/tex/latex/gincltex/gincltex.sty (/usr/local/texlive/2022/texmf-dist/tex/latex/svn-prov/svn-prov.sty
Package: svn-prov 2010/04/24 v3.1862 Package Date/Version from SVN Keywords
)
Package: gincltex 2011/09/04 v0.3 Include external LaTeX files like graphics
 (/usr/local/texlive/2022/texmf-dist/tex/latex/adjustbox/adjustbox.sty
Package: adjustbox 2020/08/19 v1.3 Adjusting TeX boxes (trim, clip, ...)
 (/usr/local/texlive/2022/texmf-dist/tex/latex/adjustbox/adjcalc.sty
Package: adjcalc 2012/05/16 v1.1 Provides advanced setlength with multiple back-ends (calc, etex, pgfmath)
) (/usr/local/texlive/2022/texmf-dist/tex/latex/adjustbox/trimclip.sty
Package: trimclip 2020/08/19 v1.2 Trim and clip general TeX material
 (/usr/local/texlive/2022/texmf-dist/tex/latex/collectbox/collectbox.sty
Package: collectbox 2012/05/17 v0.4b Collect macro arguments as boxes
\collectedbox=\box110
)
\tc@llx=\dimen410
\tc@lly=\dimen411
\tc@urx=\dimen412
\tc@ury=\dimen413


/usr/local/texlive/2022/texmf-dist/tex/latex/adjustbox/trimclip.sty:100: LaTeX Error: Command \clipbox already defined.
               Or name \end... illegal, see p.192 of the manual.

See the LaTeX manual or LaTeX Companion for explanation.
Type  H <return>  for immediate help.
 ...                                              
                                                  
l.100 }
       
Your command was ignored.
Type  I <command> <return>  to replace it with another command,
or  <return>  to continue without it.

Package trimclip Info: Using driver 'tc-xetex.def'.
(/usr/local/texlive/2022/texmf-dist/tex/latex/adjustbox/tc-xetex.def
File: tc-xetex.def 2019/01/04 v2.2 Clipping driver for xetex
))
\adjbox@Width=\dimen414
\adjbox@Height=\dimen415
\adjbox@Depth=\dimen416
\adjbox@Totalheight=\dimen417
\adjbox@pwidth=\dimen418
\adjbox@pheight=\dimen419
\adjbox@pdepth=\dimen420
\adjbox@ptotalheight=\dimen421
 (/usr/local/texlive/2022/texmf-dist/tex/latex/ifoddpage/ifoddpage.sty
Package: ifoddpage 2016/04/23 v1.1 Conditionals for odd/even page detection
\c@checkoddpage=\count458
) (/usr/local/texlive/2022/texmf-dist/tex/latex/varwidth/varwidth.sty
Package: varwidth 2009/03/30 ver 0.92;  Variable-width minipages
\@vwid@box=\box111
\sift@deathcycles=\count459
\@vwid@loff=\dimen422
\@vwid@roff=\dimen423
))
\gincltex@box=\box112
)) (/usr/local/texlive/2022/texmf-dist/tex/latex/xcolor-material/xcolor-material.sty
Package: xcolor-material 2016/10/11 v0.1 A package for accessing Google Material colors using the xcolor package
)) (/usr/local/texlive/2022/texmf-dist/tex/latex/xcolor-solarized/xcolor-solarized.sty
Package: xcolor-solarized 2016/08/05 v0.4 xcolor definitions for Ethan Schoonover's Solarized theme
)

LaTeX Warning: \include should only be used after \begin{document} on input line 15.

(./minhas_macros.tex)

LaTeX Warning: \include should only be used after \begin{document} on input line 19.

(./meu_tema.tex (/usr/local/texlive/2022/texmf-dist/tex/latex/beamer/beamerfontthemeserif.sty) (/usr/local/texlive/2022/texmf-dist/tex/latex/beamer/beamerfontthemeprofessionalfonts.sty)

Package fontspec Info: Font family 'LiberationSans(0)' created for font
(fontspec)             'Liberation Sans' with options [Ligatures=TeX].
(fontspec)              
(fontspec)              This font family consists of the following NFSS
(fontspec)             series/shapes:
(fontspec)              
(fontspec)             - 'normal' (m/n) with NFSS spec.: <->"Liberation
(fontspec)             Sans/OT:script=latn;language=dflt;mapping=tex-text;"
(fontspec)             - 'small caps'  (m/sc) with NFSS spec.: 
(fontspec)             - 'bold' (b/n) with NFSS spec.: <->"Liberation
(fontspec)             Sans/B/OT:script=latn;language=dflt;mapping=tex-text;"
(fontspec)             - 'bold small caps'  (b/sc) with NFSS spec.: 
(fontspec)             - 'italic' (m/it) with NFSS spec.: <->"Liberation
(fontspec)             Sans/I/OT:script=latn;language=dflt;mapping=tex-text;"
(fontspec)             - 'italic small caps'  (m/scit) with NFSS spec.: 
(fontspec)             - 'bold italic' (b/it) with NFSS spec.: <->"Liberation
(fontspec)             Sans/BI/OT:script=latn;language=dflt;mapping=tex-text;"
(fontspec)             - 'bold italic small caps'  (b/scit) with NFSS spec.: 

Package hyperref Info: Option `colorlinks' set `true' on input line 126.


Package hyperref Warning: Option `backref' has already been used,
(hyperref)                setting the option has no effect on input line 126.

)

Package hyperref Warning: Token not allowed in a PDF string (Unicode):
(hyperref)                removing `\\' on input line 23.


Package hyperref Warning: Token not allowed in a PDF string (Unicode):
(hyperref)                removing `\faPreselectedIcon' on input line 23.


Package hyperref Warning: Token not allowed in a PDF string (Unicode):
(hyperref)                removing `\faPreselectedIcon' on input line 23.


Package hyperref Warning: Token not allowed in a PDF string (Unicode):
(hyperref)                removing `\faPreselectedIcon' on input line 23.


Package hyperref Warning: Token not allowed in a PDF string (Unicode):
(hyperref)                removing `\faPreselectedIcon' on input line 23.

(./ensemble-cfbastarz.aux)
\openout1 = `ensemble-cfbastarz.aux'.

LaTeX Font Info:    Checking defaults for OML/cmm/m/it on input line 35.
LaTeX Font Info:    ... okay on input line 35.
LaTeX Font Info:    Checking defaults for OMS/cmsy/m/n on input line 35.
LaTeX Font Info:    ... okay on input line 35.
LaTeX Font Info:    Checking defaults for OT1/cmr/m/n on input line 35.
LaTeX Font Info:    ... okay on input line 35.
LaTeX Font Info:    Checking defaults for T1/cmr/m/n on input line 35.
LaTeX Font Info:    ... okay on input line 35.
LaTeX Font Info:    Checking defaults for TS1/cmr/m/n on input line 35.
LaTeX Font Info:    Trying to load font information for TS1+cmr on input line 35.
 (/usr/local/texlive/2022/texmf-dist/tex/latex/base/ts1cmr.fd
File: ts1cmr.fd 2019/12/16 v2.5j Standard LaTeX font definitions
)
LaTeX Font Info:    ... okay on input line 35.
LaTeX Font Info:    Checking defaults for TU/lmr/m/n on input line 35.
LaTeX Font Info:    ... okay on input line 35.
LaTeX Font Info:    Checking defaults for OMX/cmex/m/n on input line 35.
LaTeX Font Info:    ... okay on input line 35.
LaTeX Font Info:    Checking defaults for U/cmr/m/n on input line 35.
LaTeX Font Info:    ... okay on input line 35.
LaTeX Font Info:    Checking defaults for PD1/pdf/m/n on input line 35.
LaTeX Font Info:    ... okay on input line 35.
LaTeX Font Info:    Checking defaults for PU/pdf/m/n on input line 35.
LaTeX Font Info:    ... okay on input line 35.

*geometry* driver: auto-detecting
*geometry* detected driver: xetex
*geometry* verbose mode - [ preamble ] result:
* driver: xetex
* paper: custom
* layout: <same size as paper>
* layoutoffset:(h,v)=(0.0pt,0.0pt)
* modes: includehead includefoot 
* h-part:(L,W,R)=(28.45274pt, 398.3386pt, 28.45274pt)
* v-part:(T,H,B)=(0.0pt, 256.0748pt, 0.0pt)
* \paperwidth=455.24408pt
* \paperheight=256.0748pt
* \textwidth=398.3386pt
* \textheight=227.62207pt
* \oddsidemargin=-43.81725pt
* \evensidemargin=-43.81725pt
* \topmargin=-72.26999pt
* \headheight=14.22636pt
* \headsep=0.0pt
* \topskip=10.0pt
* \footskip=14.22636pt
* \marginparwidth=3.0pt
* \marginparsep=11.0pt
* \columnsep=10.0pt
* \skip\footins=9.0pt plus 4.0pt minus 2.0pt
* \hoffset=0.0pt
* \voffset=0.0pt
* \mag=1000
* \@twocolumnfalse
* \@twosidefalse
* \@mparswitchfalse
* \@reversemarginfalse
* (1in=72.27pt=25.4mm, 1cm=28.453pt)

Package hyperref Info: Link coloring ON on input line 35.
(./ensemble-cfbastarz.out) (./ensemble-cfbastarz.out)
\@outlinefile=\write7
\openout7 = `ensemble-cfbastarz.out'.

 (/usr/local/texlive/2022/texmf-dist/tex/latex/translator/translator-basic-dictionary-English.dict
Dictionary: translator-basic-dictionary, Language: English 
) (/usr/local/texlive/2022/texmf-dist/tex/latex/translator/translator-bibliography-dictionary-English.dict
Dictionary: translator-bibliography-dictionary, Language: English 
) (/usr/local/texlive/2022/texmf-dist/tex/latex/translator/translator-environment-dictionary-English.dict
Dictionary: translator-environment-dictionary, Language: English 
) (/usr/local/texlive/2022/texmf-dist/tex/latex/translator/translator-months-dictionary-English.dict
Dictionary: translator-months-dictionary, Language: English 
) (/usr/local/texlive/2022/texmf-dist/tex/latex/translator/translator-numbers-dictionary-English.dict
Dictionary: translator-numbers-dictionary, Language: English 
) (/usr/local/texlive/2022/texmf-dist/tex/latex/translator/translator-theorem-dictionary-English.dict
Dictionary: translator-theorem-dictionary, Language: English 
)

Package fontspec Info: Adjusting the maths setup (use [no-math] to avoid
(fontspec)             this).

\symlegacymaths=\mathgroup6
LaTeX Font Info:    Overwriting symbol font `legacymaths' in version `bold'
(Font)                  OT1/cmr/m/n --> OT1/cmr/bx/n on input line 35.
LaTeX Font Info:    Redeclaring math accent \acute on input line 35.
LaTeX Font Info:    Redeclaring math accent \grave on input line 35.
LaTeX Font Info:    Redeclaring math accent \ddot on input line 35.
LaTeX Font Info:    Redeclaring math accent \tilde on input line 35.
LaTeX Font Info:    Redeclaring math accent \bar on input line 35.
LaTeX Font Info:    Redeclaring math accent \breve on input line 35.
LaTeX Font Info:    Redeclaring math accent \check on input line 35.
LaTeX Font Info:    Redeclaring math accent \hat on input line 35.
LaTeX Font Info:    Redeclaring math accent \dot on input line 35.
LaTeX Font Info:    Redeclaring math accent \mathring on input line 35.
LaTeX Font Info:    Redeclaring math symbol \Gamma on input line 35.
LaTeX Font Info:    Redeclaring math symbol \Delta on input line 35.
LaTeX Font Info:    Redeclaring math symbol \Theta on input line 35.
LaTeX Font Info:    Redeclaring math symbol \Lambda on input line 35.
LaTeX Font Info:    Redeclaring math symbol \Xi on input line 35.
LaTeX Font Info:    Redeclaring math symbol \Pi on input line 35.
LaTeX Font Info:    Redeclaring math symbol \Sigma on input line 35.
LaTeX Font Info:    Redeclaring math symbol \Upsilon on input line 35.
LaTeX Font Info:    Redeclaring math symbol \Phi on input line 35.
LaTeX Font Info:    Redeclaring math symbol \Psi on input line 35.
LaTeX Font Info:    Redeclaring math symbol \Omega on input line 35.
LaTeX Font Info:    Redeclaring math symbol \mathdollar on input line 35.
LaTeX Font Info:    Redeclaring symbol font `operators' on input line 35.
LaTeX Font Info:    Encoding `OT1' has changed to `TU' for symbol font
(Font)              `operators' in the math version `normal' on input line 35.
LaTeX Font Info:    Overwriting symbol font `operators' in version `normal'
(Font)                  OT1/cmr/m/n --> TU/LiberationSans(0)/m/n on input line 35.
LaTeX Font Info:    Encoding `OT1' has changed to `TU' for symbol font
(Font)              `operators' in the math version `bold' on input line 35.
LaTeX Font Info:    Overwriting symbol font `operators' in version `bold'
(Font)                  OT1/cmr/bx/n --> TU/LiberationSans(0)/m/n on input line 35.
LaTeX Font Info:    Overwriting symbol font `operators' in version `normal'
(Font)                  TU/LiberationSans(0)/m/n --> TU/LiberationSans(0)/m/n on input line 35.
LaTeX Font Info:    Overwriting math alphabet `\mathit' in version `normal'
(Font)                  OT1/cmr/m/it --> TU/LiberationSans(0)/m/it on input line 35.
LaTeX Font Info:    Overwriting math alphabet `\mathbf' in version `normal'
(Font)                  OT1/cmr/bx/n --> TU/LiberationSans(0)/b/n on input line 35.
LaTeX Font Info:    Overwriting math alphabet `\mathsf' in version `normal'
(Font)                  OT1/cmss/m/n --> TU/lmss/m/n on input line 35.
LaTeX Font Info:    Overwriting math alphabet `\mathtt' in version `normal'
(Font)                  OT1/cmtt/m/n --> TU/lmtt/m/n on input line 35.
LaTeX Font Info:    Overwriting symbol font `operators' in version `bold'
(Font)                  TU/LiberationSans(0)/m/n --> TU/LiberationSans(0)/b/n on input line 35.
LaTeX Font Info:    Overwriting math alphabet `\mathit' in version `bold'
(Font)                  OT1/cmr/bx/it --> TU/LiberationSans(0)/b/it on input line 35.
LaTeX Font Info:    Overwriting math alphabet `\mathsf' in version `bold'
(Font)                  OT1/cmss/bx/n --> TU/lmss/b/n on input line 35.
LaTeX Font Info:    Overwriting math alphabet `\mathtt' in version `bold'
(Font)                  OT1/cmtt/m/n --> TU/lmtt/b/n on input line 35.
 (/usr/local/texlive/2022/texmf-dist/tex/latex/translations/translations-basic-dictionary-brazil.trsl
File: translations-basic-dictionary-brazil.trsl (brazil translation file `translations-basic-dictionary')
)
Package translations Info: loading dictionary `translations-basic-dictionary' for `brazil'. on input line 35.

Package pgfplots notification 'compat/show suggested version=true': you might benefit from \pgfplotsset{compat=1.18} (current compat level: 1.8).

(./ensemble-cfbastarz.nav)
File: logo_monan_pequeno.png Graphic file (type bmp)
<logo_monan_pequeno.png>
File: fundo_slide_inpe_sem_logo.png Graphic file (type bmp)
<fundo_slide_inpe_sem_logo.png>
File: Logomarca2020.png Graphic file (type bmp)
<Logomarca2020.png>

Overfull \hbox (43.99219pt too wide) has occurred while \output is active
[][] 
 []

[1

] (./ensemble-cfbastarz.toc)
File: fundo_slide_inpe_sem_logo.png Graphic file (type bmp)
<fundo_slide_inpe_sem_logo.png>
File: Logomarca2020.png Graphic file (type bmp)
<Logomarca2020.png>

Overfull \hbox (43.99219pt too wide) has occurred while \output is active
[][] 
 []

[2

]
LaTeX Font Info:    Trying to load font information for U+msa on input line 91.
 (/usr/local/texlive/2022/texmf-dist/tex/latex/amsfonts/umsa.fd
File: umsa.fd 2013/01/14 v3.01 AMS symbols A
)
LaTeX Font Info:    Trying to load font information for U+msb on input line 91.
 (/usr/local/texlive/2022/texmf-dist/tex/latex/amsfonts/umsb.fd
File: umsb.fd 2013/01/14 v3.01 AMS symbols B
)
File: fundo_slide_inpe_sem_logo.png Graphic file (type bmp)
<fundo_slide_inpe_sem_logo.png>
File: Logomarca2020.png Graphic file (type bmp)
<Logomarca2020.png>

Overfull \hbox (43.99219pt too wide) has occurred while \output is active
[][] 
 []

[3

]
File: fundo_slide_inpe_sem_logo.png Graphic file (type bmp)
<fundo_slide_inpe_sem_logo.png>
File: Logomarca2020.png Graphic file (type bmp)
<Logomarca2020.png>

Overfull \hbox (43.99219pt too wide) has occurred while \output is active
[][] 
 []

[4

]
File: fundo_slide_inpe_sem_logo.png Graphic file (type bmp)
<fundo_slide_inpe_sem_logo.png>
File: Logomarca2020.png Graphic file (type bmp)
<Logomarca2020.png>

Overfull \hbox (43.99219pt too wide) has occurred while \output is active
[][] 
 []

[5

]
File: fundo_slide_inpe_sem_logo.png Graphic file (type bmp)
<fundo_slide_inpe_sem_logo.png>
File: Logomarca2020.png Graphic file (type bmp)
<Logomarca2020.png>

Overfull \hbox (43.99219pt too wide) has occurred while \output is active
[][] 
 []

[6

]
File: fundo_slide_inpe_sem_logo.png Graphic file (type bmp)
<fundo_slide_inpe_sem_logo.png>
File: Logomarca2020.png Graphic file (type bmp)
<Logomarca2020.png>

Overfull \hbox (43.99219pt too wide) has occurred while \output is active
[][] 
 []

[7

]
runsystem(xelatex -interaction=batchmode -shell-escape -jobname "./diagrama3" ./diagrama3)...executed.

File: ./diagrama3.pdf Graphic file (type pdf)
<use ./diagrama3.pdf>

Overfull \vbox (6.12132pt too high) detected at line 102
 []

File: fundo_slide_inpe_sem_logo.png Graphic file (type bmp)
<fundo_slide_inpe_sem_logo.png>
File: Logomarca2020.png Graphic file (type bmp)
<Logomarca2020.png>

Overfull \hbox (43.99219pt too wide) has occurred while \output is active
[][] 
 []

[8

]
File: fundo_slide_inpe_sem_logo.png Graphic file (type bmp)
<fundo_slide_inpe_sem_logo.png>
File: Logomarca2020.png Graphic file (type bmp)
<Logomarca2020.png>

Overfull \hbox (43.99219pt too wide) has occurred while \output is active
[][] 
 []

[9

]
File: fundo_slide_inpe_sem_logo.png Graphic file (type bmp)
<fundo_slide_inpe_sem_logo.png>
File: Logomarca2020.png Graphic file (type bmp)
<Logomarca2020.png>

Overfull \hbox (43.99219pt too wide) has occurred while \output is active
[][] 
 []

[10

]
File: fundo_slide_inpe_sem_logo.png Graphic file (type bmp)
<fundo_slide_inpe_sem_logo.png>
File: Logomarca2020.png Graphic file (type bmp)
<Logomarca2020.png>

Overfull \hbox (43.99219pt too wide) has occurred while \output is active
[][] 
 []

[11

]
File: fundo_slide_inpe_sem_logo.png Graphic file (type bmp)
<fundo_slide_inpe_sem_logo.png>
File: Logomarca2020.png Graphic file (type bmp)
<Logomarca2020.png>

Overfull \hbox (43.99219pt too wide) has occurred while \output is active
[][] 
 []

[12

]
File: ./figs/cmorphjja.001_trim.jpeg Graphic file (type bmp)
<./figs/cmorphjja.001_trim.jpeg>
File: ./figs/bamjjafct240.001_trim.jpeg Graphic file (type bmp)
<./figs/bamjjafct240.001_trim.jpeg>
File: ./figs/smcmeanjjaxe6fct240.001_trim.jpeg Graphic file (type bmp)
<./figs/smcmeanjjaxe6fct240.001_trim.jpeg>
File: ./figs/smcmeanjjaxc50fct240.001_trim.jpeg Graphic file (type bmp)
<./figs/smcmeanjjaxc50fct240.001_trim.jpeg>

Overfull \vbox (21.48154pt too high) detected at line 145
 []

File: fundo_slide_inpe_sem_logo.png Graphic file (type bmp)
<fundo_slide_inpe_sem_logo.png>
File: Logomarca2020.png Graphic file (type bmp)
<Logomarca2020.png>

Overfull \hbox (43.99219pt too wide) has occurred while \output is active
[][] 
 []

[13

]
File: ./figs/cmorphjja.001_trim.jpeg Graphic file (type bmp)
<./figs/cmorphjja.001_trim.jpeg>
File: ./figs/bamjjafct240.001_trim.jpeg Graphic file (type bmp)
<./figs/bamjjafct240.001_trim.jpeg>
File: ./figs/smcmeanjjaxe6fct240.001_trim.jpeg Graphic file (type bmp)
<./figs/smcmeanjjaxe6fct240.001_trim.jpeg>
File: ./figs/smcmeanjjaxc50fct240.001_trim.jpeg Graphic file (type bmp)
<./figs/smcmeanjjaxc50fct240.001_trim.jpeg>

Overfull \vbox (21.48154pt too high) detected at line 145
 []

File: fundo_slide_inpe_sem_logo.png Graphic file (type bmp)
<fundo_slide_inpe_sem_logo.png>
File: Logomarca2020.png Graphic file (type bmp)
<Logomarca2020.png>

Overfull \hbox (43.99219pt too wide) has occurred while \output is active
[][] 
 []

[14

]
File: ./figs/cmorphjja.001_trim.jpeg Graphic file (type bmp)
<./figs/cmorphjja.001_trim.jpeg>
File: ./figs/bamjjafct240.001_trim.jpeg Graphic file (type bmp)
<./figs/bamjjafct240.001_trim.jpeg>
File: ./figs/smcmeanjjaxe6fct240.001_trim.jpeg Graphic file (type bmp)
<./figs/smcmeanjjaxe6fct240.001_trim.jpeg>
File: ./figs/smcmeanjjaxc50fct240.001_trim.jpeg Graphic file (type bmp)
<./figs/smcmeanjjaxc50fct240.001_trim.jpeg>

Overfull \vbox (21.48154pt too high) detected at line 145
 []

File: fundo_slide_inpe_sem_logo.png Graphic file (type bmp)
<fundo_slide_inpe_sem_logo.png>
File: Logomarca2020.png Graphic file (type bmp)
<Logomarca2020.png>

Overfull \hbox (43.99219pt too wide) has occurred while \output is active
[][] 
 []

[15

]
File: ./figs/Untitled.005_trim.jpeg Graphic file (type bmp)
<./figs/Untitled.005_trim.jpeg>
File: ./figs/Untitled.007_trim.jpeg Graphic file (type bmp)
<./figs/Untitled.007_trim.jpeg>
File: fundo_slide_inpe_sem_logo.png Graphic file (type bmp)
<fundo_slide_inpe_sem_logo.png>
File: Logomarca2020.png Graphic file (type bmp)
<Logomarca2020.png>

Overfull \hbox (43.99219pt too wide) has occurred while \output is active
[][] 
 []

[16

]
File: ./figs/Untitled.005_trim.jpeg Graphic file (type bmp)
<./figs/Untitled.005_trim.jpeg>
File: ./figs/Untitled.007_trim.jpeg Graphic file (type bmp)
<./figs/Untitled.007_trim.jpeg>
File: fundo_slide_inpe_sem_logo.png Graphic file (type bmp)
<fundo_slide_inpe_sem_logo.png>
File: Logomarca2020.png Graphic file (type bmp)
<Logomarca2020.png>

Overfull \hbox (43.99219pt too wide) has occurred while \output is active
[][] 
 []

[17

]
runsystem(xelatex -interaction=batchmode -shell-escape -jobname "./diagrama1" ./diagrama1)...executed.

File: ./diagrama1.pdf Graphic file (type pdf)
<use ./diagrama1.pdf>

Overfull \vbox (5.99818pt too high) detected at line 174
 []

File: fundo_slide_inpe_sem_logo.png Graphic file (type bmp)
<fundo_slide_inpe_sem_logo.png>
File: Logomarca2020.png Graphic file (type bmp)
<Logomarca2020.png>

Overfull \hbox (43.99219pt too wide) has occurred while \output is active
[][] 
 []

[18

]
runsystem(xelatex -interaction=batchmode -shell-escape -jobname "./diagrama2" ./diagrama2)...executed.

File: ./diagrama2.pdf Graphic file (type pdf)
<use ./diagrama2.pdf>

Overfull \vbox (1.64201pt too high) detected at line 185
 []

File: fundo_slide_inpe_sem_logo.png Graphic file (type bmp)
<fundo_slide_inpe_sem_logo.png>
File: Logomarca2020.png Graphic file (type bmp)
<Logomarca2020.png>

Overfull \hbox (43.99219pt too wide) has occurred while \output is active
[][] 
 []

[19

]
File: fundo_slide_inpe_sem_logo.png Graphic file (type bmp)
<fundo_slide_inpe_sem_logo.png>
File: Logomarca2020.png Graphic file (type bmp)
<Logomarca2020.png>

Overfull \hbox (43.99219pt too wide) has occurred while \output is active
[][] 
 []

[20

]
File: fundo_slide_inpe_sem_logo.png Graphic file (type bmp)
<fundo_slide_inpe_sem_logo.png>
File: Logomarca2020.png Graphic file (type bmp)
<Logomarca2020.png>

Overfull \hbox (43.99219pt too wide) has occurred while \output is active
[][] 
 []

[21

]
File: fundo_slide_inpe_sem_logo.png Graphic file (type bmp)
<fundo_slide_inpe_sem_logo.png>
File: Logomarca2020.png Graphic file (type bmp)
<Logomarca2020.png>

Overfull \hbox (43.99219pt too wide) has occurred while \output is active
[][] 
 []

[22

]
File: fundo_slide_inpe_sem_logo.png Graphic file (type bmp)
<fundo_slide_inpe_sem_logo.png>
File: Logomarca2020.png Graphic file (type bmp)
<Logomarca2020.png>

Overfull \hbox (43.99219pt too wide) has occurred while \output is active
[][] 
 []

[23

]
File: fundo_slide_inpe_sem_logo.png Graphic file (type bmp)
<fundo_slide_inpe_sem_logo.png>
File: Logomarca2020.png Graphic file (type bmp)
<Logomarca2020.png>

Overfull \hbox (43.99219pt too wide) has occurred while \output is active
[][] 
 []

[24

]
File: ./figs/spaguete71.png Graphic file (type bmp)
<./figs/spaguete71.png>
File: fundo_slide_inpe_sem_logo.png Graphic file (type bmp)
<fundo_slide_inpe_sem_logo.png>
File: Logomarca2020.png Graphic file (type bmp)
<Logomarca2020.png>

Overfull \hbox (43.99219pt too wide) has occurred while \output is active
[][] 
 []

[25

]
File: ./figs/goes13.jpg Graphic file (type bmp)
<./figs/goes13.jpg>
File: ./figs/prec_ctr_exp1_trim.jpg Graphic file (type bmp)
<./figs/prec_ctr_exp1_trim.jpg>
File: ./figs/prec_mean_exp1_trim.jpg Graphic file (type bmp)
<./figs/prec_mean_exp1_trim.jpg>
File: ./figs/prec_ctr_exp3_trim.jpg Graphic file (type bmp)
<./figs/prec_ctr_exp3_trim.jpg>
File: ./figs/prec_mean_exp3_trim.jpg Graphic file (type bmp)
<./figs/prec_mean_exp3_trim.jpg>

Overfull \vbox (4.22539pt too high) detected at line 269
 []

File: fundo_slide_inpe_sem_logo.png Graphic file (type bmp)
<fundo_slide_inpe_sem_logo.png>
File: Logomarca2020.png Graphic file (type bmp)
<Logomarca2020.png>

Overfull \hbox (43.99219pt too wide) has occurred while \output is active
[][] 
 []

[26

]
File: ./figs/goes13.jpg Graphic file (type bmp)
<./figs/goes13.jpg>
File: ./figs/prec_ctr_exp1_trim.jpg Graphic file (type bmp)
<./figs/prec_ctr_exp1_trim.jpg>
File: ./figs/prec_mean_exp1_trim.jpg Graphic file (type bmp)
<./figs/prec_mean_exp1_trim.jpg>
File: ./figs/prec_ctr_exp3_trim.jpg Graphic file (type bmp)
<./figs/prec_ctr_exp3_trim.jpg>
File: ./figs/prec_mean_exp3_trim.jpg Graphic file (type bmp)
<./figs/prec_mean_exp3_trim.jpg>

Overfull \vbox (4.22539pt too high) detected at line 269
 []

File: fundo_slide_inpe_sem_logo.png Graphic file (type bmp)
<fundo_slide_inpe_sem_logo.png>
File: Logomarca2020.png Graphic file (type bmp)
<Logomarca2020.png>

Overfull \hbox (43.99219pt too wide) has occurred while \output is active
[][] 
 []

[27

]
File: ./figs/goes13.jpg Graphic file (type bmp)
<./figs/goes13.jpg>
File: ./figs/prec_ctr_exp1_trim.jpg Graphic file (type bmp)
<./figs/prec_ctr_exp1_trim.jpg>
File: ./figs/prec_mean_exp1_trim.jpg Graphic file (type bmp)
<./figs/prec_mean_exp1_trim.jpg>
File: ./figs/prec_ctr_exp3_trim.jpg Graphic file (type bmp)
<./figs/prec_ctr_exp3_trim.jpg>
File: ./figs/prec_mean_exp3_trim.jpg Graphic file (type bmp)
<./figs/prec_mean_exp3_trim.jpg>

Overfull \vbox (4.22539pt too high) detected at line 269
 []

File: fundo_slide_inpe_sem_logo.png Graphic file (type bmp)
<fundo_slide_inpe_sem_logo.png>
File: Logomarca2020.png Graphic file (type bmp)
<Logomarca2020.png>

Overfull \hbox (43.99219pt too wide) has occurred while \output is active
[][] 
 []

[28

]
File: fundo_slide_inpe_sem_logo.png Graphic file (type bmp)
<fundo_slide_inpe_sem_logo.png>
File: Logomarca2020.png Graphic file (type bmp)
<Logomarca2020.png>

Overfull \hbox (43.99219pt too wide) has occurred while \output is active
[][] 
 []

[29

]
File: fundo_slide_inpe_sem_logo.png Graphic file (type bmp)
<fundo_slide_inpe_sem_logo.png>
File: Logomarca2020.png Graphic file (type bmp)
<Logomarca2020.png>

Overfull \hbox (43.99219pt too wide) has occurred while \output is active
[][] 
 []

[30

]
File: fundo_slide_inpe_sem_logo.png Graphic file (type bmp)
<fundo_slide_inpe_sem_logo.png>
File: Logomarca2020.png Graphic file (type bmp)
<Logomarca2020.png>

Overfull \hbox (43.99219pt too wide) has occurred while \output is active
[][] 
 []

[31

]
File: fundo_slide_inpe_sem_logo.png Graphic file (type bmp)
<fundo_slide_inpe_sem_logo.png>
File: Logomarca2020.png Graphic file (type bmp)
<Logomarca2020.png>

Overfull \hbox (43.99219pt too wide) has occurred while \output is active
[][] 
 []

[32

]
File: fundo_slide_inpe_sem_logo.png Graphic file (type bmp)
<fundo_slide_inpe_sem_logo.png>
File: Logomarca2020.png Graphic file (type bmp)
<Logomarca2020.png>

Overfull \hbox (43.99219pt too wide) has occurred while \output is active
[][] 
 []

[33

]
File: fundo_slide_inpe_sem_logo.png Graphic file (type bmp)
<fundo_slide_inpe_sem_logo.png>
File: Logomarca2020.png Graphic file (type bmp)
<Logomarca2020.png>

Overfull \hbox (43.99219pt too wide) has occurred while \output is active
[][] 
 []

[34

] (./ensemble-cfbastarz.bbl
File: beamericonarticle.pdf Graphic file (type pdf)
<use beamericonarticle.pdf>
File: beamericonarticle.pdf Graphic file (type pdf)
<use beamericonarticle.pdf>
LaTeX Font Info:    Font shape `TU/lmss/m/it' in size <8> not available
(Font)              Font shape `TU/lmss/m/sl' tried instead on input line 12.
File: beamericonarticle.pdf Graphic file (type pdf)
<use beamericonarticle.pdf>
File: beamericonarticle.pdf Graphic file (type pdf)
<use beamericonarticle.pdf>
File: beamericonarticle.pdf Graphic file (type pdf)
<use beamericonarticle.pdf>
File: beamericonarticle.pdf Graphic file (type pdf)
<use beamericonarticle.pdf>
)
File: fundo_slide_inpe_sem_logo.png Graphic file (type bmp)
<fundo_slide_inpe_sem_logo.png>
File: Logomarca2020.png Graphic file (type bmp)
<Logomarca2020.png>

Overfull \hbox (43.99219pt too wide) has occurred while \output is active
[][] 
 []

[35

]
File: DesinacaoNominativaCentralizada2020.pdf Graphic file (type pdf)
<use DesinacaoNominativaCentralizada2020.pdf>

Overfull \hbox (15.0pt too wide) in paragraph at lines 325--325
 | [] 
 []


Overfull \vbox (21.7892pt too high) detected at line 325
 []

File: fundo_slide_inpe_sem_logo.png Graphic file (type bmp)
<fundo_slide_inpe_sem_logo.png>
[36

]
\tf@nav=\write8
\openout8 = `ensemble-cfbastarz.nav'.

\tf@toc=\write9
\openout9 = `ensemble-cfbastarz.toc'.

\tf@snm=\write10
\openout10 = `ensemble-cfbastarz.snm'.

 (./ensemble-cfbastarz.aux)
Package rerunfilecheck Info: File `ensemble-cfbastarz.out' has not changed.
(rerunfilecheck)             Checksum: 16E4A824B344E0B6E4F444DB9AD499CA;1828.
 ) 
Here is how much of TeX's memory you used:
 56247 strings out of 475748
 1365406 string characters out of 5799183
 1909578 words of memory out of 5000000
 76279 multiletter control sequences out of 15000+600000
 476949 words of font info for 94 fonts, out of 8000000 for 9000
 1348 hyphenation exceptions out of 8191
 128i,15n,122p,760b,889s stack positions out of 10000i,1000n,20000p,200000b,200000s

Output written on ensemble-cfbastarz.pdf (36 pages).
